2025-06-19 23:29:08.502 | INFO     | __main__:<module>:36 - Создание директорий завершено
2025-06-19 23:29:08.503 | DEBUG    | config:__init__:7 - Инициализация конфигурации
2025-06-19 23:29:08.505 | DEBUG    | config:__init__:11 - .env файл загружен
2025-06-19 23:29:08.505 | DEBUG    | config:__init__:15 - BOT_TOKEN загружен: ✅
2025-06-19 23:29:08.505 | DEBUG    | config:__init__:19 - ADMIN_IDS загружены: [7818565693]
2025-06-19 23:29:08.505 | DEBUG    | config:__init__:26 - Веб-сервер: 0.0.0.0:8000
2025-06-19 23:29:08.514 | DEBUG    | config:__init__:31 - Админ логин: admin
2025-06-19 23:29:08.514 | DEBUG    | config:__init__:42 - Пути к файлам данных:
2025-06-19 23:29:08.514 | DEBUG    | config:__init__:43 -   - CAMPAIGNS_FILE: data\campaigns.json
2025-06-19 23:29:08.514 | DEBUG    | config:__init__:44 -   - CHATS_FILE: data\chats.json
2025-06-19 23:29:08.514 | DEBUG    | config:__init__:45 -   - USERS_FILE: data\users.json
2025-06-19 23:29:08.514 | DEBUG    | config:_ensure_data_files_exist:53 - Проверка существования файлов данных
2025-06-19 23:29:08.515 | DEBUG    | config:_ensure_data_files_exist:57 - Директории созданы: data, uploads
2025-06-19 23:29:08.515 | DEBUG    | config:_ensure_data_files_exist:72 - Файл уже существует: data\campaigns.json
2025-06-19 23:29:08.515 | DEBUG    | config:_ensure_data_files_exist:72 - Файл уже существует: data\chats.json
2025-06-19 23:29:08.515 | DEBUG    | config:_ensure_data_files_exist:72 - Файл уже существует: data\users.json
2025-06-19 23:29:08.515 | INFO     | config:_ensure_data_files_exist:74 - Все файлы данных проверены/созданы
2025-06-19 23:29:08.515 | INFO     | config:__init__:49 - Конфигурация успешно инициализирована
2025-06-19 23:29:08.517 | INFO     | __main__:<module>:40 - Конфигурация загружена
2025-06-19 23:29:08.518 | INFO     | __main__:<module>:87 - 🌟 Запуск приложения TG AutoPosting
2025-06-19 23:29:08.518 | INFO     | __main__:main:43 - 🚀 Запуск системы автопостинга
2025-06-19 23:29:08.518 | DEBUG    | __main__:main:47 - Инициализация Telegram бота
2025-06-19 23:29:08.519 | DEBUG    | bot.telegram_bot:__init__:22 - Инициализация TelegramBot
2025-06-19 23:29:08.762 | DEBUG    | bot.telegram_bot:_register_handlers:37 - Регистрация обработчиков сообщений
2025-06-19 23:29:08.763 | INFO     | bot.telegram_bot:_register_handlers:71 - Обработчики сообщений зарегистрированы
2025-06-19 23:29:08.763 | INFO     | bot.telegram_bot:__init__:33 - TelegramBot инициализирован
2025-06-19 23:29:08.763 | DEBUG    | bot.telegram_bot:setup:75 - Настройка бота
2025-06-19 23:29:09.471 | INFO     | bot.telegram_bot:setup:80 - Инициализация бота @autotesttesttestbot (ID: 7213801546)
2025-06-19 23:29:09.471 | DEBUG    | bot.telegram_bot:_start_polling:91 - Запуск polling для получения обновлений
2025-06-19 23:29:09.472 | INFO     | bot.telegram_bot:_start_polling:97 - Polling запущен
2025-06-19 23:29:09.473 | INFO     | bot.telegram_bot:setup:84 - Бот настроен и запущен
2025-06-19 23:29:09.473 | INFO     | __main__:main:50 - ✅ Telegram бот инициализирован
2025-06-19 23:29:09.473 | DEBUG    | __main__:main:53 - Инициализация планировщика кампаний
2025-06-19 23:29:09.473 | DEBUG    | bot.campaign_scheduler:__init__:14 - Инициализация CampaignScheduler
2025-06-19 23:29:09.474 | INFO     | bot.campaign_scheduler:__init__:21 - CampaignScheduler инициализирован
2025-06-19 23:29:09.474 | DEBUG    | bot.campaign_scheduler:start:25 - Запуск планировщика кампаний
2025-06-19 23:29:09.474 | DEBUG    | bot.campaign_scheduler:load_campaigns:50 - Загрузка кампаний из файла: data\campaigns.json
2025-06-19 23:29:09.475 | INFO     | bot.campaign_scheduler:load_campaigns:83 - ✅ Успешно загружено 0 кампаний из JSON
2025-06-19 23:29:09.475 | INFO     | bot.campaign_scheduler:start:35 - ✅ Планировщик кампаний запущен
2025-06-19 23:29:09.475 | INFO     | __main__:main:56 - ✅ Планировщик кампаний запущен
2025-06-19 23:29:09.476 | DEBUG    | __main__:main:59 - Отправка уведомления админу о запуске
2025-06-19 23:29:09.476 | DEBUG    | bot.telegram_bot:notify_admin_startup:114 - Отправка уведомлений о запуске 1 админам
2025-06-19 23:29:09.476 | DEBUG    | bot.telegram_bot:notify_admin_startup:118 - Отправка уведомления админу 7818565693
2025-06-19 23:29:09.478 | DEBUG    | bot.campaign_scheduler:_schedule_checker:222 - Запуск проверки расписания кампаний
2025-06-19 23:29:09.478 | DEBUG    | bot.campaign_scheduler:_schedule_checker:228 - Проверка кампаний в UTC: 2025-06-19 20:29:09 (Локальное: 2025-06-19 23:29:09)
2025-06-19 23:29:09.716 | INFO     | bot.telegram_bot:notify_admin_startup:127 - ✅ Уведомление отправлено администратору 7818565693
2025-06-19 23:29:09.716 | INFO     | __main__:main:61 - ✅ Уведомление админу отправлено
2025-06-19 23:29:09.717 | DEBUG    | __main__:main:64 - Запуск веб-сервера
2025-06-19 23:29:09.720 | DEBUG    | web.app:create_app:16 - Создание Flask приложения
2025-06-19 23:29:09.721 | DEBUG    | web.app:create_app:28 - Flask config: SECRET_KEY=***
2025-06-19 23:29:09.721 | DEBUG    | web.app:create_app:29 - Upload folder: uploads
2025-06-19 23:29:09.721 | DEBUG    | web.utils.auth:__init__:13 - Инициализация AuthManager
2025-06-19 23:29:09.722 | DEBUG    | web.utils.auth:_ensure_admin_user:21 - Проверка наличия администратора в системе
2025-06-19 23:29:09.722 | DEBUG    | web.utils.auth:_ensure_admin_user:37 - Найден администратор: admin
2025-06-19 23:29:09.722 | DEBUG    | web.utils.auth:_ensure_admin_user:58 - Администратор уже существует
2025-06-19 23:29:09.722 | INFO     | web.utils.auth:__init__:17 - AuthManager инициализирован
2025-06-19 23:29:09.732 | DEBUG    | web.app:create_app:45 - Blueprints зарегистрированы
2025-06-19 23:29:09.733 | INFO     | web.app:run_server:71 - 🌐 Запуск веб-сервера на 0.0.0.0:8000
2025-06-19 23:29:09.733 | INFO     | web.app:create_app:75 - ✅ Веб-сервер запущен в отдельном потоке
2025-06-19 23:29:09.733 | INFO     | __main__:main:66 - ✅ Веб-сервер запущен
2025-06-19 23:29:09.734 | INFO     | __main__:main:69 - 🎯 Система полностью готова к работе
2025-06-19 23:29:13.879 | DEBUG    | web.app:load_user:39 - Загрузка пользователя: 850c4c2f-51b2-410f-b9ea-35f265735b71
2025-06-19 23:29:13.880 | DEBUG    | web.utils.auth:get_user_by_id:96 - Получение пользователя по ID: 850c4c2f-51b2-410f-b9ea-35f265735b71
2025-06-19 23:29:13.881 | DEBUG    | web.utils.auth:get_user_by_id:106 - ✅ Пользователь найден: admin
2025-06-19 23:29:13.881 | DEBUG    | web.models.user:__init__:8 - Создание объекта пользователя: admin
2025-06-19 23:29:13.882 | DEBUG    | web.routes.views:new_campaign:76 - Создание новой кампании пользователем admin
2025-06-19 23:29:14.186 | DEBUG    | web.app:load_user:39 - Загрузка пользователя: 850c4c2f-51b2-410f-b9ea-35f265735b71
2025-06-19 23:29:14.186 | DEBUG    | web.utils.auth:get_user_by_id:96 - Получение пользователя по ID: 850c4c2f-51b2-410f-b9ea-35f265735b71
2025-06-19 23:29:14.187 | DEBUG    | web.utils.auth:get_user_by_id:106 - ✅ Пользователь найден: admin
2025-06-19 23:29:14.187 | DEBUG    | web.models.user:__init__:8 - Создание объекта пользователя: admin
2025-06-19 23:33:05.249 | INFO     | __main__:<module>:36 - Создание директорий завершено
2025-06-19 23:33:05.250 | DEBUG    | config:__init__:7 - Инициализация конфигурации
2025-06-19 23:33:05.251 | DEBUG    | config:__init__:11 - .env файл загружен
2025-06-19 23:33:05.251 | DEBUG    | config:__init__:15 - BOT_TOKEN загружен: ✅
2025-06-19 23:33:05.251 | DEBUG    | config:__init__:19 - ADMIN_IDS загружены: [7818565693]
2025-06-19 23:33:05.251 | DEBUG    | config:__init__:26 - Веб-сервер: 0.0.0.0:8000
2025-06-19 23:33:05.251 | DEBUG    | config:__init__:31 - Админ логин: admin
2025-06-19 23:33:05.252 | DEBUG    | config:__init__:42 - Пути к файлам данных:
2025-06-19 23:33:05.252 | DEBUG    | config:__init__:43 -   - CAMPAIGNS_FILE: data\campaigns.json
2025-06-19 23:33:05.252 | DEBUG    | config:__init__:44 -   - CHATS_FILE: data\chats.json
2025-06-19 23:33:05.252 | DEBUG    | config:__init__:45 -   - USERS_FILE: data\users.json
2025-06-19 23:33:05.252 | DEBUG    | config:_ensure_data_files_exist:53 - Проверка существования файлов данных
2025-06-19 23:33:05.252 | DEBUG    | config:_ensure_data_files_exist:57 - Директории созданы: data, uploads
2025-06-19 23:33:05.253 | DEBUG    | config:_ensure_data_files_exist:72 - Файл уже существует: data\campaigns.json
2025-06-19 23:33:05.253 | DEBUG    | config:_ensure_data_files_exist:72 - Файл уже существует: data\chats.json
2025-06-19 23:33:05.253 | DEBUG    | config:_ensure_data_files_exist:72 - Файл уже существует: data\users.json
2025-06-19 23:33:05.253 | INFO     | config:_ensure_data_files_exist:74 - Все файлы данных проверены/созданы
2025-06-19 23:33:05.253 | INFO     | config:__init__:49 - Конфигурация успешно инициализирована
2025-06-19 23:33:05.253 | INFO     | __main__:<module>:40 - Конфигурация загружена
2025-06-19 23:33:05.253 | INFO     | __main__:<module>:87 - 🌟 Запуск приложения TG AutoPosting
2025-06-19 23:33:05.254 | INFO     | __main__:main:43 - 🚀 Запуск системы автопостинга
2025-06-19 23:33:05.254 | DEBUG    | __main__:main:47 - Инициализация Telegram бота
2025-06-19 23:33:05.254 | DEBUG    | bot.telegram_bot:__init__:22 - Инициализация TelegramBot
2025-06-19 23:33:05.497 | DEBUG    | bot.telegram_bot:_register_handlers:37 - Регистрация обработчиков сообщений
2025-06-19 23:33:05.498 | INFO     | bot.telegram_bot:_register_handlers:71 - Обработчики сообщений зарегистрированы
2025-06-19 23:33:05.498 | INFO     | bot.telegram_bot:__init__:33 - TelegramBot инициализирован
2025-06-19 23:33:05.498 | DEBUG    | bot.telegram_bot:setup:75 - Настройка бота
2025-06-19 23:33:05.923 | INFO     | bot.telegram_bot:setup:80 - Инициализация бота @autotesttesttestbot (ID: 7213801546)
2025-06-19 23:33:05.924 | DEBUG    | bot.telegram_bot:_start_polling:91 - Запуск polling для получения обновлений
2025-06-19 23:33:05.925 | INFO     | bot.telegram_bot:_start_polling:97 - Polling запущен
2025-06-19 23:33:05.925 | INFO     | bot.telegram_bot:setup:84 - Бот настроен и запущен
2025-06-19 23:33:05.925 | INFO     | __main__:main:50 - ✅ Telegram бот инициализирован
2025-06-19 23:33:05.925 | DEBUG    | __main__:main:53 - Инициализация планировщика кампаний
2025-06-19 23:33:05.925 | DEBUG    | bot.campaign_scheduler:__init__:14 - Инициализация CampaignScheduler
2025-06-19 23:33:05.926 | INFO     | bot.campaign_scheduler:__init__:21 - CampaignScheduler инициализирован
2025-06-19 23:33:05.926 | DEBUG    | bot.campaign_scheduler:start:25 - Запуск планировщика кампаний
2025-06-19 23:33:05.926 | DEBUG    | bot.campaign_scheduler:load_campaigns:50 - Загрузка кампаний из файла: data\campaigns.json
2025-06-19 23:33:05.926 | INFO     | bot.campaign_scheduler:load_campaigns:83 - ✅ Успешно загружено 0 кампаний из JSON
2025-06-19 23:33:05.927 | INFO     | bot.campaign_scheduler:start:35 - ✅ Планировщик кампаний запущен
2025-06-19 23:33:05.927 | INFO     | __main__:main:56 - ✅ Планировщик кампаний запущен
2025-06-19 23:33:05.927 | DEBUG    | __main__:main:59 - Отправка уведомления админу о запуске
2025-06-19 23:33:05.927 | DEBUG    | bot.telegram_bot:notify_admin_startup:114 - Отправка уведомлений о запуске 1 админам
2025-06-19 23:33:05.928 | DEBUG    | bot.telegram_bot:notify_admin_startup:118 - Отправка уведомления админу 7818565693
2025-06-19 23:33:05.929 | DEBUG    | bot.campaign_scheduler:_schedule_checker:222 - Запуск проверки расписания кампаний
2025-06-19 23:33:05.929 | DEBUG    | bot.campaign_scheduler:_schedule_checker:228 - Проверка кампаний в UTC: 2025-06-19 20:33:05 (Локальное: 2025-06-19 23:33:05)
2025-06-19 23:33:06.137 | INFO     | bot.telegram_bot:notify_admin_startup:127 - ✅ Уведомление отправлено администратору 7818565693
2025-06-19 23:33:06.137 | INFO     | __main__:main:61 - ✅ Уведомление админу отправлено
2025-06-19 23:33:06.138 | DEBUG    | __main__:main:64 - Запуск веб-сервера
2025-06-19 23:33:06.138 | DEBUG    | web.app:create_app:16 - Создание Flask приложения
2025-06-19 23:33:06.139 | DEBUG    | web.app:create_app:28 - Flask config: SECRET_KEY=***
2025-06-19 23:33:06.140 | DEBUG    | web.app:create_app:29 - Upload folder: uploads
2025-06-19 23:33:06.140 | DEBUG    | web.utils.auth:__init__:13 - Инициализация AuthManager
2025-06-19 23:33:06.140 | DEBUG    | web.utils.auth:_ensure_admin_user:21 - Проверка наличия администратора в системе
2025-06-19 23:33:06.140 | DEBUG    | web.utils.auth:_ensure_admin_user:37 - Найден администратор: admin
2025-06-19 23:33:06.141 | DEBUG    | web.utils.auth:_ensure_admin_user:58 - Администратор уже существует
2025-06-19 23:33:06.141 | INFO     | web.utils.auth:__init__:17 - AuthManager инициализирован
2025-06-19 23:33:06.150 | DEBUG    | web.app:create_app:45 - Blueprints зарегистрированы
2025-06-19 23:33:06.151 | INFO     | web.app:run_server:71 - 🌐 Запуск веб-сервера на 0.0.0.0:8000
2025-06-19 23:33:06.151 | INFO     | web.app:create_app:75 - ✅ Веб-сервер запущен в отдельном потоке
2025-06-19 23:33:06.151 | INFO     | __main__:main:66 - ✅ Веб-сервер запущен
2025-06-19 23:33:06.151 | INFO     | __main__:main:69 - 🎯 Система полностью готова к работе
2025-06-19 23:33:12.676 | DEBUG    | web.app:load_user:39 - Загрузка пользователя: 850c4c2f-51b2-410f-b9ea-35f265735b71
2025-06-19 23:33:12.677 | DEBUG    | web.utils.auth:get_user_by_id:96 - Получение пользователя по ID: 850c4c2f-51b2-410f-b9ea-35f265735b71
2025-06-19 23:33:12.678 | DEBUG    | web.utils.auth:get_user_by_id:106 - ✅ Пользователь найден: admin
2025-06-19 23:33:12.678 | DEBUG    | web.models.user:__init__:8 - Создание объекта пользователя: admin
2025-06-19 23:33:12.678 | DEBUG    | web.routes.views:new_campaign:76 - Создание новой кампании пользователем admin
2025-06-19 23:33:13.038 | DEBUG    | web.app:load_user:39 - Загрузка пользователя: 850c4c2f-51b2-410f-b9ea-35f265735b71
2025-06-19 23:33:13.039 | DEBUG    | web.utils.auth:get_user_by_id:96 - Получение пользователя по ID: 850c4c2f-51b2-410f-b9ea-35f265735b71
2025-06-19 23:33:13.040 | DEBUG    | web.utils.auth:get_user_by_id:106 - ✅ Пользователь найден: admin
2025-06-19 23:33:13.040 | DEBUG    | web.models.user:__init__:8 - Создание объекта пользователя: admin
2025-06-19 23:37:10.112 | INFO     | __main__:<module>:36 - Создание директорий завершено
2025-06-19 23:37:10.346 | DEBUG    | config:__init__:7 - Инициализация конфигурации
2025-06-19 23:37:10.350 | DEBUG    | config:__init__:11 - .env файл загружен
2025-06-19 23:37:10.350 | DEBUG    | config:__init__:15 - BOT_TOKEN загружен: ✅
2025-06-19 23:37:10.350 | DEBUG    | config:__init__:19 - ADMIN_IDS загружены: [7818565693]
2025-06-19 23:37:10.350 | DEBUG    | config:__init__:26 - Веб-сервер: 0.0.0.0:8000
2025-06-19 23:37:10.350 | DEBUG    | config:__init__:31 - Админ логин: admin
2025-06-19 23:37:10.351 | DEBUG    | config:__init__:42 - Пути к файлам данных:
2025-06-19 23:37:10.351 | DEBUG    | config:__init__:43 -   - CAMPAIGNS_FILE: data\campaigns.json
2025-06-19 23:37:10.351 | DEBUG    | config:__init__:44 -   - CHATS_FILE: data\chats.json
2025-06-19 23:37:10.351 | DEBUG    | config:__init__:45 -   - USERS_FILE: data\users.json
2025-06-19 23:37:10.351 | DEBUG    | config:_ensure_data_files_exist:53 - Проверка существования файлов данных
2025-06-19 23:37:10.351 | DEBUG    | config:_ensure_data_files_exist:57 - Директории созданы: data, uploads
2025-06-19 23:37:10.351 | DEBUG    | config:_ensure_data_files_exist:72 - Файл уже существует: data\campaigns.json
2025-06-19 23:37:10.352 | DEBUG    | config:_ensure_data_files_exist:72 - Файл уже существует: data\chats.json
2025-06-19 23:37:10.352 | DEBUG    | config:_ensure_data_files_exist:72 - Файл уже существует: data\users.json
2025-06-19 23:37:10.352 | INFO     | config:_ensure_data_files_exist:74 - Все файлы данных проверены/созданы
2025-06-19 23:37:10.352 | INFO     | config:__init__:49 - Конфигурация успешно инициализирована
2025-06-19 23:37:10.352 | INFO     | __main__:<module>:40 - Конфигурация загружена
2025-06-19 23:37:10.352 | INFO     | __main__:<module>:87 - 🌟 Запуск приложения TG AutoPosting
2025-06-19 23:37:10.353 | INFO     | __main__:main:43 - 🚀 Запуск системы автопостинга
2025-06-19 23:37:10.353 | DEBUG    | __main__:main:47 - Инициализация Telegram бота
2025-06-19 23:37:10.353 | DEBUG    | bot.telegram_bot:__init__:22 - Инициализация TelegramBot
2025-06-19 23:37:10.600 | DEBUG    | bot.telegram_bot:_register_handlers:37 - Регистрация обработчиков сообщений
2025-06-19 23:37:10.600 | INFO     | bot.telegram_bot:_register_handlers:71 - Обработчики сообщений зарегистрированы
2025-06-19 23:37:10.600 | INFO     | bot.telegram_bot:__init__:33 - TelegramBot инициализирован
2025-06-19 23:37:10.601 | DEBUG    | bot.telegram_bot:setup:75 - Настройка бота
2025-06-19 23:37:22.091 | INFO     | bot.telegram_bot:setup:80 - Инициализация бота @autotesttesttestbot (ID: 7213801546)
2025-06-19 23:37:22.091 | DEBUG    | bot.telegram_bot:_start_polling:91 - Запуск polling для получения обновлений
2025-06-19 23:37:22.094 | INFO     | bot.telegram_bot:_start_polling:97 - Polling запущен
2025-06-19 23:37:22.094 | INFO     | bot.telegram_bot:setup:84 - Бот настроен и запущен
2025-06-19 23:37:22.095 | INFO     | __main__:main:50 - ✅ Telegram бот инициализирован
2025-06-19 23:37:22.096 | DEBUG    | __main__:main:53 - Инициализация планировщика кампаний
2025-06-19 23:37:22.097 | DEBUG    | bot.campaign_scheduler:__init__:14 - Инициализация CampaignScheduler
2025-06-19 23:37:22.097 | INFO     | bot.campaign_scheduler:__init__:21 - CampaignScheduler инициализирован
2025-06-19 23:37:22.098 | DEBUG    | bot.campaign_scheduler:start:25 - Запуск планировщика кампаний
2025-06-19 23:37:22.098 | DEBUG    | bot.campaign_scheduler:load_campaigns:50 - Загрузка кампаний из файла: data\campaigns.json
2025-06-19 23:37:22.100 | INFO     | bot.campaign_scheduler:load_campaigns:83 - ✅ Успешно загружено 0 кампаний из JSON
2025-06-19 23:37:22.100 | INFO     | bot.campaign_scheduler:start:35 - ✅ Планировщик кампаний запущен
2025-06-19 23:37:22.101 | INFO     | __main__:main:56 - ✅ Планировщик кампаний запущен
2025-06-19 23:37:22.102 | DEBUG    | __main__:main:59 - Отправка уведомления админу о запуске
2025-06-19 23:37:22.102 | DEBUG    | bot.telegram_bot:notify_admin_startup:114 - Отправка уведомлений о запуске 1 админам
2025-06-19 23:37:22.103 | DEBUG    | bot.telegram_bot:notify_admin_startup:118 - Отправка уведомления админу 7818565693
2025-06-19 23:37:22.105 | DEBUG    | bot.campaign_scheduler:_schedule_checker:222 - Запуск проверки расписания кампаний
2025-06-19 23:37:22.106 | DEBUG    | bot.campaign_scheduler:_schedule_checker:228 - Проверка кампаний в UTC: 2025-06-19 20:37:22 (Локальное: 2025-06-19 23:37:22)
2025-06-19 23:37:22.313 | INFO     | bot.telegram_bot:notify_admin_startup:127 - ✅ Уведомление отправлено администратору 7818565693
2025-06-19 23:37:22.314 | INFO     | __main__:main:61 - ✅ Уведомление админу отправлено
2025-06-19 23:37:22.314 | DEBUG    | __main__:main:64 - Запуск веб-сервера
2025-06-19 23:37:22.315 | DEBUG    | web.app:create_app:16 - Создание Flask приложения
2025-06-19 23:37:22.316 | DEBUG    | web.app:create_app:28 - Flask config: SECRET_KEY=***
2025-06-19 23:37:22.316 | DEBUG    | web.app:create_app:29 - Upload folder: uploads
2025-06-19 23:37:22.316 | DEBUG    | web.utils.auth:__init__:13 - Инициализация AuthManager
2025-06-19 23:37:22.317 | DEBUG    | web.utils.auth:_ensure_admin_user:21 - Проверка наличия администратора в системе
2025-06-19 23:37:22.317 | DEBUG    | web.utils.auth:_ensure_admin_user:37 - Найден администратор: admin
2025-06-19 23:37:22.317 | DEBUG    | web.utils.auth:_ensure_admin_user:58 - Администратор уже существует
2025-06-19 23:37:22.317 | INFO     | web.utils.auth:__init__:17 - AuthManager инициализирован
2025-06-19 23:37:22.327 | DEBUG    | web.app:create_app:45 - Blueprints зарегистрированы
2025-06-19 23:37:22.328 | INFO     | web.app:run_server:71 - 🌐 Запуск веб-сервера на 0.0.0.0:8000
2025-06-19 23:37:22.328 | INFO     | web.app:create_app:75 - ✅ Веб-сервер запущен в отдельном потоке
2025-06-19 23:37:22.329 | INFO     | __main__:main:66 - ✅ Веб-сервер запущен
2025-06-19 23:37:22.329 | INFO     | __main__:main:69 - 🎯 Система полностью готова к работе
2025-06-19 23:37:24.856 | DEBUG    | web.app:load_user:39 - Загрузка пользователя: 850c4c2f-51b2-410f-b9ea-35f265735b71
2025-06-19 23:37:24.856 | DEBUG    | web.utils.auth:get_user_by_id:96 - Получение пользователя по ID: 850c4c2f-51b2-410f-b9ea-35f265735b71
2025-06-19 23:37:24.857 | DEBUG    | web.utils.auth:get_user_by_id:106 - ✅ Пользователь найден: admin
2025-06-19 23:37:24.857 | DEBUG    | web.models.user:__init__:8 - Создание объекта пользователя: admin
2025-06-19 23:37:24.858 | DEBUG    | web.routes.views:new_campaign:76 - Создание новой кампании пользователем admin
2025-06-19 23:37:25.230 | DEBUG    | web.app:load_user:39 - Загрузка пользователя: 850c4c2f-51b2-410f-b9ea-35f265735b71
2025-06-19 23:37:25.230 | DEBUG    | web.utils.auth:get_user_by_id:96 - Получение пользователя по ID: 850c4c2f-51b2-410f-b9ea-35f265735b71
2025-06-19 23:37:25.231 | DEBUG    | web.utils.auth:get_user_by_id:106 - ✅ Пользователь найден: admin
2025-06-19 23:37:25.231 | DEBUG    | web.models.user:__init__:8 - Создание объекта пользователя: admin
2025-06-19 23:38:22.113 | DEBUG    | bot.campaign_scheduler:_schedule_checker:228 - Проверка кампаний в UTC: 2025-06-19 20:38:22 (Локальное: 2025-06-19 23:38:22)
2025-06-19 23:38:22.343 | DEBUG    | __main__:main:72 - Heartbeat - система работает
2025-06-19 23:42:24.434 | INFO     | __main__:<module>:36 - Создание директорий завершено
2025-06-19 23:42:24.435 | DEBUG    | config:__init__:7 - Инициализация конфигурации
2025-06-19 23:42:24.436 | DEBUG    | config:__init__:11 - .env файл загружен
2025-06-19 23:42:24.436 | DEBUG    | config:__init__:15 - BOT_TOKEN загружен: ✅
2025-06-19 23:42:24.436 | DEBUG    | config:__init__:19 - ADMIN_IDS загружены: [7818565693]
2025-06-19 23:42:24.437 | DEBUG    | config:__init__:26 - Веб-сервер: 0.0.0.0:8000
2025-06-19 23:42:24.437 | DEBUG    | config:__init__:31 - Админ логин: admin
2025-06-19 23:42:24.437 | DEBUG    | config:__init__:42 - Пути к файлам данных:
2025-06-19 23:42:24.437 | DEBUG    | config:__init__:43 -   - CAMPAIGNS_FILE: data\campaigns.json
2025-06-19 23:42:24.437 | DEBUG    | config:__init__:44 -   - CHATS_FILE: data\chats.json
2025-06-19 23:42:24.437 | DEBUG    | config:__init__:45 -   - USERS_FILE: data\users.json
2025-06-19 23:42:24.437 | DEBUG    | config:_ensure_data_files_exist:53 - Проверка существования файлов данных
2025-06-19 23:42:24.438 | DEBUG    | config:_ensure_data_files_exist:57 - Директории созданы: data, uploads
2025-06-19 23:42:24.438 | DEBUG    | config:_ensure_data_files_exist:72 - Файл уже существует: data\campaigns.json
2025-06-19 23:42:24.438 | DEBUG    | config:_ensure_data_files_exist:72 - Файл уже существует: data\chats.json
2025-06-19 23:42:24.438 | DEBUG    | config:_ensure_data_files_exist:72 - Файл уже существует: data\users.json
2025-06-19 23:42:24.438 | INFO     | config:_ensure_data_files_exist:74 - Все файлы данных проверены/созданы
2025-06-19 23:42:24.438 | INFO     | config:__init__:49 - Конфигурация успешно инициализирована
2025-06-19 23:42:24.439 | INFO     | __main__:<module>:40 - Конфигурация загружена
2025-06-19 23:42:24.439 | INFO     | __main__:<module>:87 - 🌟 Запуск приложения TG AutoPosting
2025-06-19 23:42:24.439 | INFO     | __main__:main:43 - 🚀 Запуск системы автопостинга
2025-06-19 23:42:24.440 | DEBUG    | __main__:main:47 - Инициализация Telegram бота
2025-06-19 23:42:24.440 | DEBUG    | bot.telegram_bot:__init__:22 - Инициализация TelegramBot
2025-06-19 23:42:24.686 | DEBUG    | bot.telegram_bot:_register_handlers:37 - Регистрация обработчиков сообщений
2025-06-19 23:42:24.687 | INFO     | bot.telegram_bot:_register_handlers:71 - Обработчики сообщений зарегистрированы
2025-06-19 23:42:24.687 | INFO     | bot.telegram_bot:__init__:33 - TelegramBot инициализирован
2025-06-19 23:42:24.687 | DEBUG    | bot.telegram_bot:setup:75 - Настройка бота
2025-06-19 23:42:25.396 | INFO     | bot.telegram_bot:setup:80 - Инициализация бота @autotesttesttestbot (ID: 7213801546)
2025-06-19 23:42:25.396 | DEBUG    | bot.telegram_bot:_start_polling:91 - Запуск polling для получения обновлений
2025-06-19 23:42:25.397 | INFO     | bot.telegram_bot:_start_polling:97 - Polling запущен
2025-06-19 23:42:25.397 | INFO     | bot.telegram_bot:setup:84 - Бот настроен и запущен
2025-06-19 23:42:25.397 | INFO     | __main__:main:50 - ✅ Telegram бот инициализирован
2025-06-19 23:42:25.397 | DEBUG    | __main__:main:53 - Инициализация планировщика кампаний
2025-06-19 23:42:25.397 | DEBUG    | bot.campaign_scheduler:__init__:14 - Инициализация CampaignScheduler
2025-06-19 23:42:25.398 | INFO     | bot.campaign_scheduler:__init__:21 - CampaignScheduler инициализирован
2025-06-19 23:42:25.398 | DEBUG    | bot.campaign_scheduler:start:25 - Запуск планировщика кампаний
2025-06-19 23:42:25.398 | DEBUG    | bot.campaign_scheduler:load_campaigns:50 - Загрузка кампаний из файла: data\campaigns.json
2025-06-19 23:42:25.399 | INFO     | bot.campaign_scheduler:load_campaigns:83 - ✅ Успешно загружено 0 кампаний из JSON
2025-06-19 23:42:25.399 | INFO     | bot.campaign_scheduler:start:35 - ✅ Планировщик кампаний запущен
2025-06-19 23:42:25.399 | INFO     | __main__:main:56 - ✅ Планировщик кампаний запущен
2025-06-19 23:42:25.399 | DEBUG    | __main__:main:59 - Отправка уведомления админу о запуске
2025-06-19 23:42:25.399 | DEBUG    | bot.telegram_bot:notify_admin_startup:114 - Отправка уведомлений о запуске 1 админам
2025-06-19 23:42:25.400 | DEBUG    | bot.telegram_bot:notify_admin_startup:118 - Отправка уведомления админу 7818565693
2025-06-19 23:42:25.401 | DEBUG    | bot.campaign_scheduler:_schedule_checker:222 - Запуск проверки расписания кампаний
2025-06-19 23:42:25.401 | DEBUG    | bot.campaign_scheduler:_schedule_checker:228 - Проверка кампаний в UTC: 2025-06-19 20:42:25 (Локальное: 2025-06-19 23:42:25)
2025-06-19 23:42:25.865 | INFO     | bot.telegram_bot:notify_admin_startup:127 - ✅ Уведомление отправлено администратору 7818565693
2025-06-19 23:42:25.866 | INFO     | __main__:main:61 - ✅ Уведомление админу отправлено
2025-06-19 23:42:25.866 | DEBUG    | __main__:main:64 - Запуск веб-сервера
2025-06-19 23:42:25.867 | DEBUG    | web.app:create_app:16 - Создание Flask приложения
2025-06-19 23:42:25.868 | DEBUG    | web.app:create_app:28 - Flask config: SECRET_KEY=***
2025-06-19 23:42:25.868 | DEBUG    | web.app:create_app:29 - Upload folder: uploads
2025-06-19 23:42:25.868 | DEBUG    | web.utils.auth:__init__:13 - Инициализация AuthManager
2025-06-19 23:42:25.868 | DEBUG    | web.utils.auth:_ensure_admin_user:21 - Проверка наличия администратора в системе
2025-06-19 23:42:25.869 | DEBUG    | web.utils.auth:_ensure_admin_user:37 - Найден администратор: admin
2025-06-19 23:42:25.869 | DEBUG    | web.utils.auth:_ensure_admin_user:58 - Администратор уже существует
2025-06-19 23:42:25.869 | INFO     | web.utils.auth:__init__:17 - AuthManager инициализирован
2025-06-19 23:42:25.879 | DEBUG    | web.app:create_app:45 - Blueprints зарегистрированы
2025-06-19 23:42:25.879 | INFO     | web.app:run_server:71 - 🌐 Запуск веб-сервера на 0.0.0.0:8000
2025-06-19 23:42:25.879 | INFO     | web.app:create_app:75 - ✅ Веб-сервер запущен в отдельном потоке
2025-06-19 23:42:25.880 | INFO     | __main__:main:66 - ✅ Веб-сервер запущен
2025-06-19 23:42:25.880 | INFO     | __main__:main:69 - 🎯 Система полностью готова к работе
2025-06-19 23:42:30.920 | DEBUG    | web.app:load_user:39 - Загрузка пользователя: 850c4c2f-51b2-410f-b9ea-35f265735b71
2025-06-19 23:42:30.921 | DEBUG    | web.utils.auth:get_user_by_id:96 - Получение пользователя по ID: 850c4c2f-51b2-410f-b9ea-35f265735b71
2025-06-19 23:42:30.923 | DEBUG    | web.utils.auth:get_user_by_id:106 - ✅ Пользователь найден: admin
2025-06-19 23:42:30.923 | DEBUG    | web.models.user:__init__:8 - Создание объекта пользователя: admin
2025-06-19 23:42:30.924 | DEBUG    | web.routes.views:new_campaign:76 - Создание новой кампании пользователем admin
2025-06-19 23:42:31.275 | DEBUG    | web.app:load_user:39 - Загрузка пользователя: 850c4c2f-51b2-410f-b9ea-35f265735b71
2025-06-19 23:42:31.275 | DEBUG    | web.utils.auth:get_user_by_id:96 - Получение пользователя по ID: 850c4c2f-51b2-410f-b9ea-35f265735b71
2025-06-19 23:42:31.276 | DEBUG    | web.utils.auth:get_user_by_id:106 - ✅ Пользователь найден: admin
2025-06-19 23:42:31.276 | DEBUG    | web.models.user:__init__:8 - Создание объекта пользователя: admin
2025-06-19 23:45:20.802 | INFO     | __main__:<module>:36 - Создание директорий завершено
2025-06-19 23:45:20.802 | DEBUG    | config:__init__:7 - Инициализация конфигурации
2025-06-19 23:45:20.804 | DEBUG    | config:__init__:11 - .env файл загружен
2025-06-19 23:45:20.804 | DEBUG    | config:__init__:15 - BOT_TOKEN загружен: ✅
2025-06-19 23:45:20.804 | DEBUG    | config:__init__:19 - ADMIN_IDS загружены: [7818565693]
2025-06-19 23:45:20.804 | DEBUG    | config:__init__:26 - Веб-сервер: 0.0.0.0:8000
2025-06-19 23:45:20.804 | DEBUG    | config:__init__:31 - Админ логин: admin
2025-06-19 23:45:20.805 | DEBUG    | config:__init__:42 - Пути к файлам данных:
2025-06-19 23:45:20.805 | DEBUG    | config:__init__:43 -   - CAMPAIGNS_FILE: data\campaigns.json
2025-06-19 23:45:20.805 | DEBUG    | config:__init__:44 -   - CHATS_FILE: data\chats.json
2025-06-19 23:45:20.805 | DEBUG    | config:__init__:45 -   - USERS_FILE: data\users.json
2025-06-19 23:45:20.805 | DEBUG    | config:_ensure_data_files_exist:53 - Проверка существования файлов данных
2025-06-19 23:45:20.805 | DEBUG    | config:_ensure_data_files_exist:57 - Директории созданы: data, uploads
2025-06-19 23:45:20.805 | DEBUG    | config:_ensure_data_files_exist:72 - Файл уже существует: data\campaigns.json
2025-06-19 23:45:20.806 | DEBUG    | config:_ensure_data_files_exist:72 - Файл уже существует: data\chats.json
2025-06-19 23:45:20.806 | DEBUG    | config:_ensure_data_files_exist:72 - Файл уже существует: data\users.json
2025-06-19 23:45:20.806 | INFO     | config:_ensure_data_files_exist:74 - Все файлы данных проверены/созданы
2025-06-19 23:45:20.806 | INFO     | config:__init__:49 - Конфигурация успешно инициализирована
2025-06-19 23:45:20.806 | INFO     | __main__:<module>:40 - Конфигурация загружена
2025-06-19 23:45:20.806 | INFO     | __main__:<module>:87 - 🌟 Запуск приложения TG AutoPosting
2025-06-19 23:45:20.807 | INFO     | __main__:main:43 - 🚀 Запуск системы автопостинга
2025-06-19 23:45:20.807 | DEBUG    | __main__:main:47 - Инициализация Telegram бота
2025-06-19 23:45:20.807 | DEBUG    | bot.telegram_bot:__init__:22 - Инициализация TelegramBot
2025-06-19 23:45:21.047 | DEBUG    | bot.telegram_bot:_register_handlers:37 - Регистрация обработчиков сообщений
2025-06-19 23:45:21.048 | INFO     | bot.telegram_bot:_register_handlers:71 - Обработчики сообщений зарегистрированы
2025-06-19 23:45:21.048 | INFO     | bot.telegram_bot:__init__:33 - TelegramBot инициализирован
2025-06-19 23:45:21.048 | DEBUG    | bot.telegram_bot:setup:75 - Настройка бота
2025-06-19 23:45:21.929 | INFO     | bot.telegram_bot:setup:80 - Инициализация бота @autotesttesttestbot (ID: 7213801546)
2025-06-19 23:45:21.930 | DEBUG    | bot.telegram_bot:_start_polling:91 - Запуск polling для получения обновлений
2025-06-19 23:45:21.932 | INFO     | bot.telegram_bot:_start_polling:97 - Polling запущен
2025-06-19 23:45:21.932 | INFO     | bot.telegram_bot:setup:84 - Бот настроен и запущен
2025-06-19 23:45:21.932 | INFO     | __main__:main:50 - ✅ Telegram бот инициализирован
2025-06-19 23:45:21.933 | DEBUG    | __main__:main:53 - Инициализация планировщика кампаний
2025-06-19 23:45:21.933 | DEBUG    | bot.campaign_scheduler:__init__:14 - Инициализация CampaignScheduler
2025-06-19 23:45:21.933 | INFO     | bot.campaign_scheduler:__init__:21 - CampaignScheduler инициализирован
2025-06-19 23:45:21.933 | DEBUG    | bot.campaign_scheduler:start:25 - Запуск планировщика кампаний
2025-06-19 23:45:21.934 | DEBUG    | bot.campaign_scheduler:load_campaigns:50 - Загрузка кампаний из файла: data\campaigns.json
2025-06-19 23:45:21.934 | INFO     | bot.campaign_scheduler:load_campaigns:83 - ✅ Успешно загружено 0 кампаний из JSON
2025-06-19 23:45:21.934 | INFO     | bot.campaign_scheduler:start:35 - ✅ Планировщик кампаний запущен
2025-06-19 23:45:21.935 | INFO     | __main__:main:56 - ✅ Планировщик кампаний запущен
2025-06-19 23:45:21.935 | DEBUG    | __main__:main:59 - Отправка уведомления админу о запуске
2025-06-19 23:45:21.935 | DEBUG    | bot.telegram_bot:notify_admin_startup:114 - Отправка уведомлений о запуске 1 админам
2025-06-19 23:45:21.935 | DEBUG    | bot.telegram_bot:notify_admin_startup:118 - Отправка уведомления админу 7818565693
2025-06-19 23:45:21.936 | DEBUG    | bot.campaign_scheduler:_schedule_checker:222 - Запуск проверки расписания кампаний
2025-06-19 23:45:21.937 | DEBUG    | bot.campaign_scheduler:_schedule_checker:228 - Проверка кампаний в UTC: 2025-06-19 20:45:21 (Локальное: 2025-06-19 23:45:21)
2025-06-19 23:45:22.161 | INFO     | bot.telegram_bot:notify_admin_startup:127 - ✅ Уведомление отправлено администратору 7818565693
2025-06-19 23:45:22.162 | INFO     | __main__:main:61 - ✅ Уведомление админу отправлено
2025-06-19 23:45:22.164 | DEBUG    | __main__:main:64 - Запуск веб-сервера
2025-06-19 23:45:22.166 | DEBUG    | web.app:create_app:16 - Создание Flask приложения
2025-06-19 23:45:22.169 | DEBUG    | web.app:create_app:28 - Flask config: SECRET_KEY=***
2025-06-19 23:45:22.169 | DEBUG    | web.app:create_app:29 - Upload folder: uploads
2025-06-19 23:45:22.170 | DEBUG    | web.utils.auth:__init__:13 - Инициализация AuthManager
2025-06-19 23:45:22.171 | DEBUG    | web.utils.auth:_ensure_admin_user:21 - Проверка наличия администратора в системе
2025-06-19 23:45:22.172 | DEBUG    | web.utils.auth:_ensure_admin_user:37 - Найден администратор: admin
2025-06-19 23:45:22.173 | DEBUG    | web.utils.auth:_ensure_admin_user:58 - Администратор уже существует
2025-06-19 23:45:22.173 | INFO     | web.utils.auth:__init__:17 - AuthManager инициализирован
2025-06-19 23:45:22.188 | DEBUG    | web.app:create_app:45 - Blueprints зарегистрированы
2025-06-19 23:45:22.189 | INFO     | web.app:run_server:71 - 🌐 Запуск веб-сервера на 0.0.0.0:8000
2025-06-19 23:45:22.189 | INFO     | web.app:create_app:75 - ✅ Веб-сервер запущен в отдельном потоке
2025-06-19 23:45:22.189 | INFO     | __main__:main:66 - ✅ Веб-сервер запущен
2025-06-19 23:45:22.190 | INFO     | __main__:main:69 - 🎯 Система полностью готова к работе
2025-06-19 23:45:24.699 | DEBUG    | web.app:load_user:39 - Загрузка пользователя: 850c4c2f-51b2-410f-b9ea-35f265735b71
2025-06-19 23:45:24.699 | DEBUG    | web.utils.auth:get_user_by_id:96 - Получение пользователя по ID: 850c4c2f-51b2-410f-b9ea-35f265735b71
2025-06-19 23:45:24.701 | DEBUG    | web.utils.auth:get_user_by_id:106 - ✅ Пользователь найден: admin
2025-06-19 23:45:24.701 | DEBUG    | web.models.user:__init__:8 - Создание объекта пользователя: admin
2025-06-19 23:45:24.701 | DEBUG    | web.routes.views:new_campaign:76 - Создание новой кампании пользователем admin
2025-06-19 23:45:25.050 | DEBUG    | web.app:load_user:39 - Загрузка пользователя: 850c4c2f-51b2-410f-b9ea-35f265735b71
2025-06-19 23:45:25.051 | DEBUG    | web.utils.auth:get_user_by_id:96 - Получение пользователя по ID: 850c4c2f-51b2-410f-b9ea-35f265735b71
2025-06-19 23:45:25.052 | DEBUG    | web.utils.auth:get_user_by_id:106 - ✅ Пользователь найден: admin
2025-06-19 23:45:25.052 | DEBUG    | web.models.user:__init__:8 - Создание объекта пользователя: admin
2025-06-19 23:46:21.945 | DEBUG    | bot.campaign_scheduler:_schedule_checker:228 - Проверка кампаний в UTC: 2025-06-19 20:46:21 (Локальное: 2025-06-19 23:46:21)
2025-06-19 23:46:22.195 | DEBUG    | __main__:main:72 - Heartbeat - система работает
2025-06-19 23:48:48.236 | INFO     | __main__:<module>:36 - Создание директорий завершено
2025-06-19 23:48:48.237 | DEBUG    | config:__init__:7 - Инициализация конфигурации
2025-06-19 23:48:48.238 | DEBUG    | config:__init__:11 - .env файл загружен
2025-06-19 23:48:48.239 | DEBUG    | config:__init__:15 - BOT_TOKEN загружен: ✅
2025-06-19 23:48:48.239 | DEBUG    | config:__init__:19 - ADMIN_IDS загружены: [7818565693]
2025-06-19 23:48:48.239 | DEBUG    | config:__init__:26 - Веб-сервер: 0.0.0.0:8000
2025-06-19 23:48:48.239 | DEBUG    | config:__init__:31 - Админ логин: admin
2025-06-19 23:48:48.239 | DEBUG    | config:__init__:42 - Пути к файлам данных:
2025-06-19 23:48:48.239 | DEBUG    | config:__init__:43 -   - CAMPAIGNS_FILE: data\campaigns.json
2025-06-19 23:48:48.239 | DEBUG    | config:__init__:44 -   - CHATS_FILE: data\chats.json
2025-06-19 23:48:48.239 | DEBUG    | config:__init__:45 -   - USERS_FILE: data\users.json
2025-06-19 23:48:48.240 | DEBUG    | config:_ensure_data_files_exist:53 - Проверка существования файлов данных
2025-06-19 23:48:48.240 | DEBUG    | config:_ensure_data_files_exist:57 - Директории созданы: data, uploads
2025-06-19 23:48:48.240 | DEBUG    | config:_ensure_data_files_exist:72 - Файл уже существует: data\campaigns.json
2025-06-19 23:48:48.240 | DEBUG    | config:_ensure_data_files_exist:72 - Файл уже существует: data\chats.json
2025-06-19 23:48:48.240 | DEBUG    | config:_ensure_data_files_exist:72 - Файл уже существует: data\users.json
2025-06-19 23:48:48.240 | INFO     | config:_ensure_data_files_exist:74 - Все файлы данных проверены/созданы
2025-06-19 23:48:48.241 | INFO     | config:__init__:49 - Конфигурация успешно инициализирована
2025-06-19 23:48:48.241 | INFO     | __main__:<module>:40 - Конфигурация загружена
2025-06-19 23:48:48.241 | INFO     | __main__:<module>:87 - 🌟 Запуск приложения TG AutoPosting
2025-06-19 23:48:48.242 | INFO     | __main__:main:43 - 🚀 Запуск системы автопостинга
2025-06-19 23:48:48.242 | DEBUG    | __main__:main:47 - Инициализация Telegram бота
2025-06-19 23:48:48.242 | DEBUG    | bot.telegram_bot:__init__:22 - Инициализация TelegramBot
2025-06-19 23:48:48.482 | DEBUG    | bot.telegram_bot:_register_handlers:37 - Регистрация обработчиков сообщений
2025-06-19 23:48:48.482 | INFO     | bot.telegram_bot:_register_handlers:71 - Обработчики сообщений зарегистрированы
2025-06-19 23:48:48.482 | INFO     | bot.telegram_bot:__init__:33 - TelegramBot инициализирован
2025-06-19 23:48:48.482 | DEBUG    | bot.telegram_bot:setup:75 - Настройка бота
2025-06-19 23:48:48.916 | INFO     | bot.telegram_bot:setup:80 - Инициализация бота @autotesttesttestbot (ID: 7213801546)
2025-06-19 23:48:48.917 | DEBUG    | bot.telegram_bot:_start_polling:91 - Запуск polling для получения обновлений
2025-06-19 23:48:48.919 | INFO     | bot.telegram_bot:_start_polling:97 - Polling запущен
2025-06-19 23:48:48.919 | INFO     | bot.telegram_bot:setup:84 - Бот настроен и запущен
2025-06-19 23:48:48.920 | INFO     | __main__:main:50 - ✅ Telegram бот инициализирован
2025-06-19 23:48:48.920 | DEBUG    | __main__:main:53 - Инициализация планировщика кампаний
2025-06-19 23:48:48.920 | DEBUG    | bot.campaign_scheduler:__init__:14 - Инициализация CampaignScheduler
2025-06-19 23:48:48.921 | INFO     | bot.campaign_scheduler:__init__:21 - CampaignScheduler инициализирован
2025-06-19 23:48:48.921 | DEBUG    | bot.campaign_scheduler:start:25 - Запуск планировщика кампаний
2025-06-19 23:48:48.921 | DEBUG    | bot.campaign_scheduler:load_campaigns:50 - Загрузка кампаний из файла: data\campaigns.json
2025-06-19 23:48:48.922 | INFO     | bot.campaign_scheduler:load_campaigns:83 - ✅ Успешно загружено 0 кампаний из JSON
2025-06-19 23:48:48.922 | INFO     | bot.campaign_scheduler:start:35 - ✅ Планировщик кампаний запущен
2025-06-19 23:48:48.923 | INFO     | __main__:main:56 - ✅ Планировщик кампаний запущен
2025-06-19 23:48:48.923 | DEBUG    | __main__:main:59 - Отправка уведомления админу о запуске
2025-06-19 23:48:48.923 | DEBUG    | bot.telegram_bot:notify_admin_startup:114 - Отправка уведомлений о запуске 1 админам
2025-06-19 23:48:48.924 | DEBUG    | bot.telegram_bot:notify_admin_startup:118 - Отправка уведомления админу 7818565693
2025-06-19 23:48:48.925 | DEBUG    | bot.campaign_scheduler:_schedule_checker:222 - Запуск проверки расписания кампаний
2025-06-19 23:48:48.926 | DEBUG    | bot.campaign_scheduler:_schedule_checker:228 - Проверка кампаний в UTC: 2025-06-19 20:48:48 (Локальное: 2025-06-19 23:48:48)
2025-06-19 23:48:49.140 | INFO     | bot.telegram_bot:notify_admin_startup:127 - ✅ Уведомление отправлено администратору 7818565693
2025-06-19 23:48:49.141 | INFO     | __main__:main:61 - ✅ Уведомление админу отправлено
2025-06-19 23:48:49.144 | DEBUG    | __main__:main:64 - Запуск веб-сервера
2025-06-19 23:48:49.145 | DEBUG    | web.app:create_app:16 - Создание Flask приложения
2025-06-19 23:48:49.148 | DEBUG    | web.app:create_app:28 - Flask config: SECRET_KEY=***
2025-06-19 23:48:49.148 | DEBUG    | web.app:create_app:29 - Upload folder: uploads
2025-06-19 23:48:49.149 | DEBUG    | web.utils.auth:__init__:13 - Инициализация AuthManager
2025-06-19 23:48:49.149 | DEBUG    | web.utils.auth:_ensure_admin_user:21 - Проверка наличия администратора в системе
2025-06-19 23:48:49.150 | DEBUG    | web.utils.auth:_ensure_admin_user:37 - Найден администратор: admin
2025-06-19 23:48:49.150 | DEBUG    | web.utils.auth:_ensure_admin_user:58 - Администратор уже существует
2025-06-19 23:48:49.151 | INFO     | web.utils.auth:__init__:17 - AuthManager инициализирован
2025-06-19 23:48:49.165 | DEBUG    | web.app:create_app:45 - Blueprints зарегистрированы
2025-06-19 23:48:49.166 | INFO     | web.app:run_server:71 - 🌐 Запуск веб-сервера на 0.0.0.0:8000
2025-06-19 23:48:49.166 | INFO     | web.app:create_app:75 - ✅ Веб-сервер запущен в отдельном потоке
2025-06-19 23:48:49.166 | INFO     | __main__:main:66 - ✅ Веб-сервер запущен
2025-06-19 23:48:49.167 | INFO     | __main__:main:69 - 🎯 Система полностью готова к работе
2025-06-19 23:48:51.988 | DEBUG    | web.app:load_user:39 - Загрузка пользователя: 850c4c2f-51b2-410f-b9ea-35f265735b71
2025-06-19 23:48:51.989 | DEBUG    | web.utils.auth:get_user_by_id:96 - Получение пользователя по ID: 850c4c2f-51b2-410f-b9ea-35f265735b71
2025-06-19 23:48:51.989 | DEBUG    | web.utils.auth:get_user_by_id:106 - ✅ Пользователь найден: admin
2025-06-19 23:48:51.989 | DEBUG    | web.models.user:__init__:8 - Создание объекта пользователя: admin
2025-06-19 23:48:51.989 | DEBUG    | web.routes.views:new_campaign:76 - Создание новой кампании пользователем admin
2025-06-19 23:48:52.303 | DEBUG    | web.app:load_user:39 - Загрузка пользователя: 850c4c2f-51b2-410f-b9ea-35f265735b71
2025-06-19 23:48:52.303 | DEBUG    | web.utils.auth:get_user_by_id:96 - Получение пользователя по ID: 850c4c2f-51b2-410f-b9ea-35f265735b71
2025-06-19 23:48:52.303 | DEBUG    | web.utils.auth:get_user_by_id:106 - ✅ Пользователь найден: admin
2025-06-19 23:48:52.303 | DEBUG    | web.models.user:__init__:8 - Создание объекта пользователя: admin
2025-06-19 23:56:30.950 | INFO     | __main__:<module>:36 - Создание директорий завершено
2025-06-19 23:56:30.950 | DEBUG    | config:__init__:7 - Инициализация конфигурации
2025-06-19 23:56:30.952 | DEBUG    | config:__init__:11 - .env файл загружен
2025-06-19 23:56:30.952 | DEBUG    | config:__init__:15 - BOT_TOKEN загружен: ✅
2025-06-19 23:56:30.952 | DEBUG    | config:__init__:19 - ADMIN_IDS загружены: [7818565693]
2025-06-19 23:56:30.952 | DEBUG    | config:__init__:26 - Веб-сервер: 0.0.0.0:8000
2025-06-19 23:56:30.952 | DEBUG    | config:__init__:31 - Админ логин: admin
2025-06-19 23:56:30.952 | DEBUG    | config:__init__:42 - Пути к файлам данных:
2025-06-19 23:56:30.952 | DEBUG    | config:__init__:43 -   - CAMPAIGNS_FILE: data\campaigns.json
2025-06-19 23:56:30.952 | DEBUG    | config:__init__:44 -   - CHATS_FILE: data\chats.json
2025-06-19 23:56:30.953 | DEBUG    | config:__init__:45 -   - USERS_FILE: data\users.json
2025-06-19 23:56:30.953 | DEBUG    | config:_ensure_data_files_exist:53 - Проверка существования файлов данных
2025-06-19 23:56:30.953 | DEBUG    | config:_ensure_data_files_exist:57 - Директории созданы: data, uploads
2025-06-19 23:56:30.953 | DEBUG    | config:_ensure_data_files_exist:72 - Файл уже существует: data\campaigns.json
2025-06-19 23:56:30.953 | DEBUG    | config:_ensure_data_files_exist:72 - Файл уже существует: data\chats.json
2025-06-19 23:56:30.953 | DEBUG    | config:_ensure_data_files_exist:72 - Файл уже существует: data\users.json
2025-06-19 23:56:30.954 | INFO     | config:_ensure_data_files_exist:74 - Все файлы данных проверены/созданы
2025-06-19 23:56:30.954 | INFO     | config:__init__:49 - Конфигурация успешно инициализирована
2025-06-19 23:56:30.954 | INFO     | __main__:<module>:40 - Конфигурация загружена
2025-06-19 23:56:30.954 | INFO     | __main__:<module>:87 - 🌟 Запуск приложения TG AutoPosting
2025-06-19 23:56:30.955 | INFO     | __main__:main:43 - 🚀 Запуск системы автопостинга
2025-06-19 23:56:30.955 | DEBUG    | __main__:main:47 - Инициализация Telegram бота
2025-06-19 23:56:30.955 | DEBUG    | bot.telegram_bot:__init__:22 - Инициализация TelegramBot
2025-06-19 23:56:31.199 | DEBUG    | bot.telegram_bot:_register_handlers:37 - Регистрация обработчиков сообщений
2025-06-19 23:56:31.199 | INFO     | bot.telegram_bot:_register_handlers:71 - Обработчики сообщений зарегистрированы
2025-06-19 23:56:31.199 | INFO     | bot.telegram_bot:__init__:33 - TelegramBot инициализирован
2025-06-19 23:56:31.200 | DEBUG    | bot.telegram_bot:setup:75 - Настройка бота
2025-06-19 23:56:31.611 | INFO     | bot.telegram_bot:setup:80 - Инициализация бота @autotesttesttestbot (ID: 7213801546)
2025-06-19 23:56:31.611 | DEBUG    | bot.telegram_bot:_start_polling:91 - Запуск polling для получения обновлений
2025-06-19 23:56:31.612 | INFO     | bot.telegram_bot:_start_polling:97 - Polling запущен
2025-06-19 23:56:31.613 | INFO     | bot.telegram_bot:setup:84 - Бот настроен и запущен
2025-06-19 23:56:31.613 | INFO     | __main__:main:50 - ✅ Telegram бот инициализирован
2025-06-19 23:56:31.613 | DEBUG    | __main__:main:53 - Инициализация планировщика кампаний
2025-06-19 23:56:31.613 | DEBUG    | bot.campaign_scheduler:__init__:14 - Инициализация CampaignScheduler
2025-06-19 23:56:31.613 | INFO     | bot.campaign_scheduler:__init__:21 - CampaignScheduler инициализирован
2025-06-19 23:56:31.614 | DEBUG    | bot.campaign_scheduler:start:25 - Запуск планировщика кампаний
2025-06-19 23:56:31.614 | DEBUG    | bot.campaign_scheduler:load_campaigns:50 - Загрузка кампаний из файла: data\campaigns.json
2025-06-19 23:56:31.614 | INFO     | bot.campaign_scheduler:load_campaigns:83 - ✅ Успешно загружено 0 кампаний из JSON
2025-06-19 23:56:31.615 | INFO     | bot.campaign_scheduler:start:35 - ✅ Планировщик кампаний запущен
2025-06-19 23:56:31.615 | INFO     | __main__:main:56 - ✅ Планировщик кампаний запущен
2025-06-19 23:56:31.615 | DEBUG    | __main__:main:59 - Отправка уведомления админу о запуске
2025-06-19 23:56:31.615 | DEBUG    | bot.telegram_bot:notify_admin_startup:114 - Отправка уведомлений о запуске 1 админам
2025-06-19 23:56:31.615 | DEBUG    | bot.telegram_bot:notify_admin_startup:118 - Отправка уведомления админу 7818565693
2025-06-19 23:56:31.617 | DEBUG    | bot.campaign_scheduler:_schedule_checker:222 - Запуск проверки расписания кампаний
2025-06-19 23:56:31.617 | DEBUG    | bot.campaign_scheduler:_schedule_checker:228 - Проверка кампаний в UTC: 2025-06-19 20:56:31 (Локальное: 2025-06-19 23:56:31)
2025-06-19 23:56:31.830 | INFO     | bot.telegram_bot:notify_admin_startup:127 - ✅ Уведомление отправлено администратору 7818565693
2025-06-19 23:56:31.831 | INFO     | __main__:main:61 - ✅ Уведомление админу отправлено
2025-06-19 23:56:31.832 | DEBUG    | __main__:main:64 - Запуск веб-сервера
2025-06-19 23:56:31.832 | DEBUG    | web.app:create_app:16 - Создание Flask приложения
2025-06-19 23:56:31.833 | DEBUG    | web.app:create_app:28 - Flask config: SECRET_KEY=***
2025-06-19 23:56:31.833 | DEBUG    | web.app:create_app:29 - Upload folder: uploads
2025-06-19 23:56:31.833 | DEBUG    | web.utils.auth:__init__:13 - Инициализация AuthManager
2025-06-19 23:56:31.833 | DEBUG    | web.utils.auth:_ensure_admin_user:21 - Проверка наличия администратора в системе
2025-06-19 23:56:31.834 | DEBUG    | web.utils.auth:_ensure_admin_user:37 - Найден администратор: admin
2025-06-19 23:56:31.834 | DEBUG    | web.utils.auth:_ensure_admin_user:58 - Администратор уже существует
2025-06-19 23:56:31.834 | INFO     | web.utils.auth:__init__:17 - AuthManager инициализирован
2025-06-19 23:56:31.843 | DEBUG    | web.app:create_app:45 - Blueprints зарегистрированы
2025-06-19 23:56:31.844 | INFO     | web.app:run_server:71 - 🌐 Запуск веб-сервера на 0.0.0.0:8000
2025-06-19 23:56:31.844 | INFO     | web.app:create_app:75 - ✅ Веб-сервер запущен в отдельном потоке
2025-06-19 23:56:31.845 | INFO     | __main__:main:66 - ✅ Веб-сервер запущен
2025-06-19 23:56:31.846 | INFO     | __main__:main:69 - 🎯 Система полностью готова к работе
2025-06-19 23:56:36.194 | DEBUG    | web.app:load_user:39 - Загрузка пользователя: 850c4c2f-51b2-410f-b9ea-35f265735b71
2025-06-19 23:56:36.194 | DEBUG    | web.utils.auth:get_user_by_id:96 - Получение пользователя по ID: 850c4c2f-51b2-410f-b9ea-35f265735b71
2025-06-19 23:56:36.196 | DEBUG    | web.utils.auth:get_user_by_id:106 - ✅ Пользователь найден: admin
2025-06-19 23:56:36.196 | DEBUG    | web.models.user:__init__:8 - Создание объекта пользователя: admin
2025-06-19 23:56:36.196 | DEBUG    | web.routes.views:new_campaign:76 - Создание новой кампании пользователем admin
2025-06-19 23:56:36.548 | DEBUG    | web.app:load_user:39 - Загрузка пользователя: 850c4c2f-51b2-410f-b9ea-35f265735b71
2025-06-19 23:56:36.548 | DEBUG    | web.utils.auth:get_user_by_id:96 - Получение пользователя по ID: 850c4c2f-51b2-410f-b9ea-35f265735b71
2025-06-19 23:56:36.549 | DEBUG    | web.utils.auth:get_user_by_id:106 - ✅ Пользователь найден: admin
2025-06-19 23:56:36.549 | DEBUG    | web.models.user:__init__:8 - Создание объекта пользователя: admin
2025-06-19 23:57:31.631 | DEBUG    | bot.campaign_scheduler:_schedule_checker:228 - Проверка кампаний в UTC: 2025-06-19 20:57:31 (Локальное: 2025-06-19 23:57:31)
2025-06-19 23:57:31.847 | DEBUG    | __main__:main:72 - Heartbeat - система работает
2025-06-19 23:58:31.638 | DEBUG    | bot.campaign_scheduler:_schedule_checker:228 - Проверка кампаний в UTC: 2025-06-19 20:58:31 (Локальное: 2025-06-19 23:58:31)
2025-06-19 23:58:31.854 | DEBUG    | __main__:main:72 - Heartbeat - система работает
