2025-06-21 22:16:12.308 | INFO     | __main__:<module>:37 - Создание директорий завершено
2025-06-21 22:16:12.308 | DEBUG    | config:__init__:7 - Инициализация конфигурации
2025-06-21 22:16:12.310 | DEBUG    | config:__init__:11 - .env файл загружен
2025-06-21 22:16:12.310 | DEBUG    | config:__init__:15 - BOT_TOKEN загружен: ✅
2025-06-21 22:16:12.310 | DEBUG    | config:__init__:19 - ADMIN_IDS загружены: [7818565693, 72004042, 6280208859, 5290482736]
2025-06-21 22:16:12.311 | DEBUG    | config:__init__:26 - Веб-сервер: 0.0.0.0:8000
2025-06-21 22:16:12.315 | DEBUG    | config:__init__:31 - Админ логин: admin
2025-06-21 22:16:12.315 | DEBUG    | config:__init__:49 - Конфигурация Ngrok: Enabled=True, Path=./ngrok.exe
2025-06-21 22:16:12.316 | DEBUG    | config:__init__:51 - Пути к файлам данных:
2025-06-21 22:16:12.316 | DEBUG    | config:__init__:52 -   - CAMPAIGNS_FILE: data\campaigns.json
2025-06-21 22:16:12.316 | DEBUG    | config:__init__:53 -   - CHATS_FILE: data\chats.json
2025-06-21 22:16:12.316 | DEBUG    | config:__init__:54 -   - USERS_FILE: data\users.json
2025-06-21 22:16:12.316 | DEBUG    | config:_ensure_data_files_exist:62 - Проверка существования файлов данных
2025-06-21 22:16:12.316 | DEBUG    | config:_ensure_data_files_exist:66 - Директории созданы: data, uploads
2025-06-21 22:16:12.317 | DEBUG    | config:_ensure_data_files_exist:81 - Файл уже существует: data\campaigns.json
2025-06-21 22:16:12.317 | DEBUG    | config:_ensure_data_files_exist:81 - Файл уже существует: data\chats.json
2025-06-21 22:16:12.317 | DEBUG    | config:_ensure_data_files_exist:81 - Файл уже существует: data\users.json
2025-06-21 22:16:12.317 | INFO     | config:_ensure_data_files_exist:83 - Все файлы данных проверены/созданы
2025-06-21 22:16:12.317 | INFO     | config:__init__:58 - Конфигурация успешно инициализирована
2025-06-21 22:16:12.317 | INFO     | __main__:<module>:41 - Конфигурация загружена
2025-06-21 22:16:12.317 | INFO     | __main__:<module>:125 - 🌟 Запуск приложения TG AutoPosting
2025-06-21 22:16:12.318 | INFO     | __main__:main:44 - 🚀 Запуск системы автопостинга
2025-06-21 22:16:12.318 | DEBUG    | __main__:main:48 - Инициализация Telegram бота
2025-06-21 22:16:12.318 | DEBUG    | bot.telegram_bot:__init__:25 - Инициализация TelegramBot
2025-06-21 22:16:12.566 | DEBUG    | bot.telegram_bot:_register_handlers:45 - Регистрация обработчиков сообщений
2025-06-21 22:16:12.566 | INFO     | bot.telegram_bot:_register_handlers:108 - Обработчики сообщений зарегистрированы
2025-06-21 22:16:12.567 | INFO     | bot.telegram_bot:__init__:41 - TelegramBot инициализирован
2025-06-21 22:16:12.567 | DEBUG    | bot.telegram_bot:setup:112 - Настройка бота
2025-06-21 22:16:12.973 | INFO     | bot.telegram_bot:setup:117 - Инициализация бота @autotesttesttestbot (ID: 7213801546)
2025-06-21 22:16:12.973 | DEBUG    | bot.telegram_bot:_start_polling:128 - Запуск polling для получения обновлений
2025-06-21 22:16:12.976 | INFO     | bot.telegram_bot:_start_polling:134 - Polling запущен
2025-06-21 22:16:12.977 | INFO     | bot.telegram_bot:setup:121 - Бот настроен и запущен
2025-06-21 22:16:12.978 | INFO     | __main__:main:51 - ✅ Telegram бот инициализирован
2025-06-21 22:16:12.979 | DEBUG    | __main__:main:54 - Инициализация планировщика кампаний
2025-06-21 22:16:12.980 | DEBUG    | bot.campaign_scheduler:__init__:14 - Инициализация CampaignScheduler
2025-06-21 22:16:12.981 | INFO     | bot.campaign_scheduler:__init__:21 - CampaignScheduler инициализирован
2025-06-21 22:16:12.982 | DEBUG    | bot.campaign_scheduler:start:25 - Запуск планировщика кампаний
2025-06-21 22:16:12.983 | DEBUG    | bot.campaign_scheduler:load_campaigns:50 - Загрузка кампаний из файла: data\campaigns.json
2025-06-21 22:16:12.986 | DEBUG    | bot.campaign_scheduler:load_campaigns:81 - Загружена кампания: 5cb4e5e8-c29b-400e-bd0c-b1707ebf7b0b - test
2025-06-21 22:16:12.987 | DEBUG    | bot.campaign_scheduler:load_campaigns:81 - Загружена кампания: 2b2bf407-f882-4bbf-a807-45d0c0ad6404 - 003
2025-06-21 22:16:12.988 | DEBUG    | bot.campaign_scheduler:load_campaigns:81 - Загружена кампания: 5244d2fb-ee42-410d-b6cf-08a4d71feba8 - 4444444444
2025-06-21 22:16:12.989 | DEBUG    | bot.campaign_scheduler:load_campaigns:81 - Загружена кампания: 286e3e30-98ab-486f-8a2f-7e10d666fde4 - 55555555555555
2025-06-21 22:16:12.989 | INFO     | bot.campaign_scheduler:load_campaigns:83 - ✅ Успешно загружено 4 кампаний из JSON
2025-06-21 22:16:12.990 | INFO     | bot.campaign_scheduler:start:35 - ✅ Планировщик кампаний запущен
2025-06-21 22:16:12.991 | INFO     | __main__:main:57 - ✅ Планировщик кампаний запущен
2025-06-21 22:16:12.991 | DEBUG    | __main__:main:60 - Запуск веб-сервера
2025-06-21 22:16:12.992 | DEBUG    | web.app:create_app:16 - Создание Flask приложения
2025-06-21 22:16:12.994 | DEBUG    | web.app:create_app:28 - Flask config: SECRET_KEY=***
2025-06-21 22:16:12.995 | DEBUG    | web.app:create_app:29 - Upload folder: uploads
2025-06-21 22:16:12.995 | DEBUG    | web.utils.auth:__init__:13 - Инициализация AuthManager
2025-06-21 22:16:13.001 | DEBUG    | web.utils.auth:_ensure_admin_user:21 - Проверка наличия администратора в системе
2025-06-21 22:16:13.002 | DEBUG    | web.utils.auth:_ensure_admin_user:37 - Найден администратор: admin
2025-06-21 22:16:13.002 | DEBUG    | web.utils.auth:_ensure_admin_user:58 - Администратор уже существует
2025-06-21 22:16:13.002 | INFO     | web.utils.auth:__init__:17 - AuthManager инициализирован
2025-06-21 22:16:13.016 | DEBUG    | web.app:create_app:45 - Blueprints зарегистрированы
2025-06-21 22:16:13.016 | INFO     | web.app:run_server:71 - 🌐 Запуск веб-сервера на 0.0.0.0:8000
2025-06-21 22:16:13.017 | INFO     | web.app:create_app:75 - ✅ Веб-сервер запущен в отдельном потоке
2025-06-21 22:16:13.017 | INFO     | __main__:main:62 - ✅ Веб-сервер запущен
2025-06-21 22:16:13.017 | DEBUG    | __main__:main:68 - Инициализация Ngrok менеджера
2025-06-21 22:16:13.019 | INFO     | utils.ngrok_manager:start:32 - Запуск Ngrok менеджера
2025-06-21 22:16:13.019 | INFO     | utils.ngrok_manager:_restart_ngrok:75 - Перезапуск Ngrok
2025-06-21 22:16:13.019 | DEBUG    | utils.ngrok_manager:_restart_ngrok:94 - Проверка авторизации Ngrok
2025-06-21 22:16:13.681 | DEBUG    | utils.ngrok_manager:_restart_ngrok:103 - Ngrok не авторизован, выполняем авторизацию
2025-06-21 22:16:13.704 | INFO     | utils.ngrok_manager:_restart_ngrok:110 - Ngrok успешно авторизован
2025-06-21 22:16:13.705 | DEBUG    | utils.ngrok_manager:_restart_ngrok:119 - Запуск Ngrok: ./ngrok.exe http 8000
2025-06-21 22:16:16.941 | WARNING  | utils.ngrok_manager:_get_and_save_url:183 - Не удалось получить Ngrok URL
2025-06-21 22:16:16.942 | INFO     | utils.ngrok_manager:_restart_ngrok:135 - Следующий перезапуск Ngrok через 2 часов
2025-06-21 22:16:16.947 | DEBUG    | bot.campaign_scheduler:_schedule_checker:225 - Запуск проверки расписания кампаний
2025-06-21 22:16:16.948 | DEBUG    | bot.campaign_scheduler:_schedule_checker:231 - Проверка кампаний в UTC: 2025-06-21 19:16:16 (Локальное: 2025-06-21 22:16:16)
2025-06-21 22:16:16.949 | DEBUG    | bot.campaign_scheduler:_should_run_campaign:257 - Проверка времени запуска кампании: 5cb4e5e8-c29b-400e-bd0c-b1707ebf7b0b
2025-06-21 22:16:16.951 | DEBUG    | bot.campaign_scheduler:_should_run_campaign:257 - Проверка времени запуска кампании: 2b2bf407-f882-4bbf-a807-45d0c0ad6404
2025-06-21 22:16:16.952 | DEBUG    | bot.campaign_scheduler:_should_run_campaign:257 - Проверка времени запуска кампании: 5244d2fb-ee42-410d-b6cf-08a4d71feba8
2025-06-21 22:16:16.953 | DEBUG    | bot.campaign_scheduler:_should_run_campaign:257 - Проверка времени запуска кампании: 286e3e30-98ab-486f-8a2f-7e10d666fde4
2025-06-21 22:16:17.128 | DEBUG    | bot.telegram_bot:status_button_handler:76 - Получен запрос статуса от пользователя 5290482736
2025-06-21 22:16:17.128 | INFO     | bot.telegram_bot:status_button_handler:80 - Отправка статуса системы админу 5290482736
2025-06-21 22:16:17.588 | INFO     | bot.telegram_bot:send_status_message:231 - ✅ Сообщение со статусом отправлено пользователю 5290482736
2025-06-21 22:16:18.948 | INFO     | __main__:main:74 - ✅ Ngrok запущен: None
2025-06-21 22:16:18.949 | DEBUG    | __main__:main:77 - Отправка уведомления админу о запуске
2025-06-21 22:16:18.949 | DEBUG    | bot.telegram_bot:notify_admin_startup:151 - Отправка уведомлений о запуске 4 админам
2025-06-21 22:16:18.950 | DEBUG    | bot.telegram_bot:notify_admin_startup:160 - Отправка уведомления админу 7818565693
2025-06-21 22:16:19.394 | INFO     | bot.telegram_bot:notify_admin_startup:199 - ✅ Уведомление отправлено администратору 7818565693
2025-06-21 22:16:19.395 | DEBUG    | bot.telegram_bot:notify_admin_startup:160 - Отправка уведомления админу 72004042
2025-06-21 22:16:19.838 | INFO     | bot.telegram_bot:notify_admin_startup:199 - ✅ Уведомление отправлено администратору 72004042
2025-06-21 22:16:19.839 | DEBUG    | bot.telegram_bot:notify_admin_startup:160 - Отправка уведомления админу 6280208859
2025-06-21 22:16:20.255 | INFO     | bot.telegram_bot:notify_admin_startup:199 - ✅ Уведомление отправлено администратору 6280208859
2025-06-21 22:16:20.255 | DEBUG    | bot.telegram_bot:notify_admin_startup:160 - Отправка уведомления админу 5290482736
2025-06-21 22:16:20.693 | INFO     | bot.telegram_bot:notify_admin_startup:199 - ✅ Уведомление отправлено администратору 5290482736
2025-06-21 22:16:20.694 | INFO     | __main__:main:79 - ✅ Уведомление админу отправлено
2025-06-21 22:16:20.697 | INFO     | __main__:main:82 - 🎯 Система полностью готова к работе
2025-06-21 22:16:45.427 | DEBUG    | web.app:load_user:39 - Загрузка пользователя: 850c4c2f-51b2-410f-b9ea-35f265735b71
2025-06-21 22:16:45.428 | DEBUG    | web.utils.auth:get_user_by_id:96 - Получение пользователя по ID: 850c4c2f-51b2-410f-b9ea-35f265735b71
2025-06-21 22:16:45.431 | DEBUG    | web.utils.auth:get_user_by_id:106 - ✅ Пользователь найден: admin
2025-06-21 22:16:45.431 | DEBUG    | web.models.user:__init__:8 - Создание объекта пользователя: admin
2025-06-21 22:16:45.431 | DEBUG    | web.routes.views:calendar:97 - Просмотр календаря пользователем: admin
2025-06-21 22:16:45.569 | DEBUG    | web.app:load_user:39 - Загрузка пользователя: 850c4c2f-51b2-410f-b9ea-35f265735b71
2025-06-21 22:16:45.569 | DEBUG    | web.utils.auth:get_user_by_id:96 - Получение пользователя по ID: 850c4c2f-51b2-410f-b9ea-35f265735b71
2025-06-21 22:16:45.570 | DEBUG    | web.app:load_user:39 - Загрузка пользователя: 850c4c2f-51b2-410f-b9ea-35f265735b71
2025-06-21 22:16:45.570 | DEBUG    | web.utils.auth:get_user_by_id:96 - Получение пользователя по ID: 850c4c2f-51b2-410f-b9ea-35f265735b71
2025-06-21 22:16:45.570 | DEBUG    | web.utils.auth:get_user_by_id:106 - ✅ Пользователь найден: admin
2025-06-21 22:16:45.570 | DEBUG    | web.utils.auth:get_user_by_id:106 - ✅ Пользователь найден: admin
2025-06-21 22:16:45.570 | DEBUG    | web.models.user:__init__:8 - Создание объекта пользователя: admin
2025-06-21 22:16:45.570 | DEBUG    | web.models.user:__init__:8 - Создание объекта пользователя: admin
2025-06-21 22:16:45.571 | DEBUG    | web.routes.api:get_campaigns_statistics:633 - Получение статистики кампаний
2025-06-21 22:16:45.571 | DEBUG    | web.routes.api:get_calendar_events:693 - Получение событий календаря
2025-06-21 22:16:45.571 | DEBUG    | web.routes.api:get_campaigns_statistics:650 - Статистика кампаний: {'active_campaigns': 4, 'total_campaigns': 4, 'scheduled_messages': 4}
2025-06-21 22:16:45.572 | DEBUG    | web.routes.api:get_calendar_events:717 - Возвращено 4 событий календаря
2025-06-21 22:16:57.746 | DEBUG    | web.app:load_user:39 - Загрузка пользователя: 850c4c2f-51b2-410f-b9ea-35f265735b71
2025-06-21 22:16:57.746 | DEBUG    | web.utils.auth:get_user_by_id:96 - Получение пользователя по ID: 850c4c2f-51b2-410f-b9ea-35f265735b71
2025-06-21 22:16:57.748 | DEBUG    | web.utils.auth:get_user_by_id:106 - ✅ Пользователь найден: admin
2025-06-21 22:16:57.748 | DEBUG    | web.models.user:__init__:8 - Создание объекта пользователя: admin
2025-06-21 22:16:57.748 | DEBUG    | web.routes.api:get_calendar_events:693 - Получение событий календаря
2025-06-21 22:16:57.749 | DEBUG    | web.routes.api:get_calendar_events:717 - Возвращено 4 событий календаря
2025-06-21 22:16:59.422 | DEBUG    | web.app:load_user:39 - Загрузка пользователя: 850c4c2f-51b2-410f-b9ea-35f265735b71
2025-06-21 22:16:59.422 | DEBUG    | web.utils.auth:get_user_by_id:96 - Получение пользователя по ID: 850c4c2f-51b2-410f-b9ea-35f265735b71
2025-06-21 22:16:59.423 | DEBUG    | web.utils.auth:get_user_by_id:106 - ✅ Пользователь найден: admin
2025-06-21 22:16:59.424 | DEBUG    | web.models.user:__init__:8 - Создание объекта пользователя: admin
2025-06-21 22:16:59.424 | DEBUG    | web.routes.api:get_calendar_events:693 - Получение событий календаря
2025-06-21 22:16:59.424 | DEBUG    | web.routes.api:get_calendar_events:717 - Возвращено 4 событий календаря
2025-06-21 22:17:16.965 | DEBUG    | bot.campaign_scheduler:_schedule_checker:231 - Проверка кампаний в UTC: 2025-06-21 19:17:16 (Локальное: 2025-06-21 22:17:16)
2025-06-21 22:17:16.966 | DEBUG    | bot.campaign_scheduler:_should_run_campaign:257 - Проверка времени запуска кампании: 5cb4e5e8-c29b-400e-bd0c-b1707ebf7b0b
2025-06-21 22:17:16.966 | DEBUG    | bot.campaign_scheduler:_should_run_campaign:257 - Проверка времени запуска кампании: 2b2bf407-f882-4bbf-a807-45d0c0ad6404
2025-06-21 22:17:16.967 | DEBUG    | bot.campaign_scheduler:_should_run_campaign:257 - Проверка времени запуска кампании: 5244d2fb-ee42-410d-b6cf-08a4d71feba8
2025-06-21 22:17:16.967 | DEBUG    | bot.campaign_scheduler:_should_run_campaign:257 - Проверка времени запуска кампании: 286e3e30-98ab-486f-8a2f-7e10d666fde4
2025-06-21 22:17:20.702 | DEBUG    | __main__:main:85 - Heartbeat - система работает
2025-06-21 22:18:16.979 | DEBUG    | bot.campaign_scheduler:_schedule_checker:231 - Проверка кампаний в UTC: 2025-06-21 19:18:16 (Локальное: 2025-06-21 22:18:16)
2025-06-21 22:18:16.980 | DEBUG    | bot.campaign_scheduler:_should_run_campaign:257 - Проверка времени запуска кампании: 5cb4e5e8-c29b-400e-bd0c-b1707ebf7b0b
2025-06-21 22:18:16.983 | DEBUG    | bot.campaign_scheduler:_should_run_campaign:257 - Проверка времени запуска кампании: 2b2bf407-f882-4bbf-a807-45d0c0ad6404
2025-06-21 22:18:16.983 | DEBUG    | bot.campaign_scheduler:_should_run_campaign:257 - Проверка времени запуска кампании: 5244d2fb-ee42-410d-b6cf-08a4d71feba8
2025-06-21 22:18:16.984 | DEBUG    | bot.campaign_scheduler:_should_run_campaign:257 - Проверка времени запуска кампании: 286e3e30-98ab-486f-8a2f-7e10d666fde4
2025-06-21 22:18:20.716 | DEBUG    | __main__:main:85 - Heartbeat - система работает
2025-06-21 22:28:21.370 | INFO     | __main__:<module>:37 - Создание директорий завершено
2025-06-21 22:28:21.370 | DEBUG    | config:__init__:7 - Инициализация конфигурации
2025-06-21 22:28:21.372 | DEBUG    | config:__init__:11 - .env файл загружен
2025-06-21 22:28:21.372 | DEBUG    | config:__init__:15 - BOT_TOKEN загружен: ✅
2025-06-21 22:28:21.372 | DEBUG    | config:__init__:19 - ADMIN_IDS загружены: [7818565693, 72004042, 6280208859, 5290482736]
2025-06-21 22:28:21.373 | DEBUG    | config:__init__:26 - Веб-сервер: 0.0.0.0:8000
2025-06-21 22:28:21.373 | DEBUG    | config:__init__:31 - Админ логин: admin
2025-06-21 22:28:21.373 | DEBUG    | config:__init__:49 - Конфигурация Ngrok: Enabled=True, Path=./ngrok.exe
2025-06-21 22:28:21.373 | DEBUG    | config:__init__:51 - Пути к файлам данных:
2025-06-21 22:28:21.373 | DEBUG    | config:__init__:52 -   - CAMPAIGNS_FILE: data\campaigns.json
2025-06-21 22:28:21.373 | DEBUG    | config:__init__:53 -   - CHATS_FILE: data\chats.json
2025-06-21 22:28:21.373 | DEBUG    | config:__init__:54 -   - USERS_FILE: data\users.json
2025-06-21 22:28:21.373 | DEBUG    | config:_ensure_data_files_exist:62 - Проверка существования файлов данных
2025-06-21 22:28:21.374 | DEBUG    | config:_ensure_data_files_exist:66 - Директории созданы: data, uploads
2025-06-21 22:28:21.374 | DEBUG    | config:_ensure_data_files_exist:81 - Файл уже существует: data\campaigns.json
2025-06-21 22:28:21.374 | DEBUG    | config:_ensure_data_files_exist:81 - Файл уже существует: data\chats.json
2025-06-21 22:28:21.374 | DEBUG    | config:_ensure_data_files_exist:81 - Файл уже существует: data\users.json
2025-06-21 22:28:21.374 | INFO     | config:_ensure_data_files_exist:83 - Все файлы данных проверены/созданы
2025-06-21 22:28:21.374 | INFO     | config:__init__:58 - Конфигурация успешно инициализирована
2025-06-21 22:28:21.374 | INFO     | __main__:<module>:41 - Конфигурация загружена
2025-06-21 22:28:21.375 | INFO     | __main__:<module>:125 - 🌟 Запуск приложения TG AutoPosting
2025-06-21 22:28:21.375 | INFO     | __main__:main:44 - 🚀 Запуск системы автопостинга
2025-06-21 22:28:21.375 | DEBUG    | __main__:main:48 - Инициализация Telegram бота
2025-06-21 22:28:21.375 | DEBUG    | bot.telegram_bot:__init__:25 - Инициализация TelegramBot
2025-06-21 22:28:21.619 | DEBUG    | bot.telegram_bot:_register_handlers:45 - Регистрация обработчиков сообщений
2025-06-21 22:28:21.620 | INFO     | bot.telegram_bot:_register_handlers:108 - Обработчики сообщений зарегистрированы
2025-06-21 22:28:21.620 | INFO     | bot.telegram_bot:__init__:41 - TelegramBot инициализирован
2025-06-21 22:28:21.620 | DEBUG    | bot.telegram_bot:setup:112 - Настройка бота
2025-06-21 22:28:33.089 | INFO     | bot.telegram_bot:setup:117 - Инициализация бота @autotesttesttestbot (ID: 7213801546)
2025-06-21 22:28:33.089 | DEBUG    | bot.telegram_bot:_start_polling:128 - Запуск polling для получения обновлений
2025-06-21 22:28:33.090 | INFO     | bot.telegram_bot:_start_polling:134 - Polling запущен
2025-06-21 22:28:33.090 | INFO     | bot.telegram_bot:setup:121 - Бот настроен и запущен
2025-06-21 22:28:33.091 | INFO     | __main__:main:51 - ✅ Telegram бот инициализирован
2025-06-21 22:28:33.091 | DEBUG    | __main__:main:54 - Инициализация планировщика кампаний
2025-06-21 22:28:33.091 | DEBUG    | bot.campaign_scheduler:__init__:14 - Инициализация CampaignScheduler
2025-06-21 22:28:33.091 | INFO     | bot.campaign_scheduler:__init__:21 - CampaignScheduler инициализирован
2025-06-21 22:28:33.092 | DEBUG    | bot.campaign_scheduler:start:25 - Запуск планировщика кампаний
2025-06-21 22:28:33.092 | DEBUG    | bot.campaign_scheduler:load_campaigns:50 - Загрузка кампаний из файла: data\campaigns.json
2025-06-21 22:28:33.093 | DEBUG    | bot.campaign_scheduler:load_campaigns:81 - Загружена кампания: 5cb4e5e8-c29b-400e-bd0c-b1707ebf7b0b - test
2025-06-21 22:28:33.093 | DEBUG    | bot.campaign_scheduler:load_campaigns:81 - Загружена кампания: 2b2bf407-f882-4bbf-a807-45d0c0ad6404 - 003
2025-06-21 22:28:33.094 | DEBUG    | bot.campaign_scheduler:load_campaigns:81 - Загружена кампания: 5244d2fb-ee42-410d-b6cf-08a4d71feba8 - 4444444444
2025-06-21 22:28:33.094 | DEBUG    | bot.campaign_scheduler:load_campaigns:81 - Загружена кампания: 286e3e30-98ab-486f-8a2f-7e10d666fde4 - 55555555555555
2025-06-21 22:28:33.094 | INFO     | bot.campaign_scheduler:load_campaigns:83 - ✅ Успешно загружено 4 кампаний из JSON
2025-06-21 22:28:33.095 | INFO     | bot.campaign_scheduler:start:35 - ✅ Планировщик кампаний запущен
2025-06-21 22:28:33.095 | INFO     | __main__:main:57 - ✅ Планировщик кампаний запущен
2025-06-21 22:28:33.095 | DEBUG    | __main__:main:60 - Запуск веб-сервера
2025-06-21 22:28:33.096 | DEBUG    | web.app:create_app:16 - Создание Flask приложения
2025-06-21 22:28:33.097 | DEBUG    | web.app:create_app:28 - Flask config: SECRET_KEY=***
2025-06-21 22:28:33.097 | DEBUG    | web.app:create_app:29 - Upload folder: uploads
2025-06-21 22:28:33.097 | DEBUG    | web.utils.auth:__init__:13 - Инициализация AuthManager
2025-06-21 22:28:33.098 | DEBUG    | web.utils.auth:_ensure_admin_user:21 - Проверка наличия администратора в системе
2025-06-21 22:28:33.098 | DEBUG    | web.utils.auth:_ensure_admin_user:37 - Найден администратор: admin
2025-06-21 22:28:33.098 | DEBUG    | web.utils.auth:_ensure_admin_user:58 - Администратор уже существует
2025-06-21 22:28:33.098 | INFO     | web.utils.auth:__init__:17 - AuthManager инициализирован
2025-06-21 22:28:33.108 | DEBUG    | web.app:create_app:45 - Blueprints зарегистрированы
2025-06-21 22:28:33.109 | INFO     | web.app:run_server:71 - 🌐 Запуск веб-сервера на 0.0.0.0:8000
2025-06-21 22:28:33.109 | INFO     | web.app:create_app:75 - ✅ Веб-сервер запущен в отдельном потоке
2025-06-21 22:28:33.109 | INFO     | __main__:main:62 - ✅ Веб-сервер запущен
2025-06-21 22:28:33.109 | DEBUG    | __main__:main:68 - Инициализация Ngrok менеджера
2025-06-21 22:28:33.111 | INFO     | utils.ngrok_manager:start:32 - Запуск Ngrok менеджера
2025-06-21 22:28:33.111 | INFO     | utils.ngrok_manager:_restart_ngrok:75 - Перезапуск Ngrok
2025-06-21 22:28:33.111 | DEBUG    | utils.ngrok_manager:_restart_ngrok:94 - Проверка авторизации Ngrok
2025-06-21 22:28:33.148 | DEBUG    | utils.ngrok_manager:_restart_ngrok:103 - Ngrok не авторизован, выполняем авторизацию
2025-06-21 22:28:33.174 | INFO     | utils.ngrok_manager:_restart_ngrok:110 - Ngrok успешно авторизован
2025-06-21 22:28:33.174 | DEBUG    | utils.ngrok_manager:_restart_ngrok:119 - Запуск Ngrok: ./ngrok.exe http 8000
2025-06-21 22:28:36.396 | INFO     | utils.ngrok_manager:_get_and_save_url:159 - Получен новый Ngrok URL: https://ce16-91-84-97-187.ngrok-free.app
2025-06-21 22:28:36.396 | INFO     | utils.ngrok_manager:_restart_ngrok:135 - Следующий перезапуск Ngrok через 2 часов
2025-06-21 22:28:36.397 | DEBUG    | bot.campaign_scheduler:_schedule_checker:225 - Запуск проверки расписания кампаний
2025-06-21 22:28:36.397 | DEBUG    | bot.campaign_scheduler:_schedule_checker:231 - Проверка кампаний в UTC: 2025-06-21 19:28:36 (Локальное: 2025-06-21 22:28:36)
2025-06-21 22:28:36.398 | DEBUG    | bot.campaign_scheduler:_should_run_campaign:257 - Проверка времени запуска кампании: 5cb4e5e8-c29b-400e-bd0c-b1707ebf7b0b
2025-06-21 22:28:36.398 | DEBUG    | bot.campaign_scheduler:_should_run_campaign:257 - Проверка времени запуска кампании: 2b2bf407-f882-4bbf-a807-45d0c0ad6404
2025-06-21 22:28:36.398 | DEBUG    | bot.campaign_scheduler:_should_run_campaign:257 - Проверка времени запуска кампании: 5244d2fb-ee42-410d-b6cf-08a4d71feba8
2025-06-21 22:28:36.398 | DEBUG    | bot.campaign_scheduler:_should_run_campaign:257 - Проверка времени запуска кампании: 286e3e30-98ab-486f-8a2f-7e10d666fde4
2025-06-21 22:28:38.400 | INFO     | __main__:main:74 - ✅ Ngrok запущен: https://ce16-91-84-97-187.ngrok-free.app
2025-06-21 22:28:38.401 | DEBUG    | __main__:main:77 - Отправка уведомления админу о запуске
2025-06-21 22:28:38.404 | DEBUG    | bot.telegram_bot:notify_admin_startup:151 - Отправка уведомлений о запуске 4 админам
2025-06-21 22:28:38.406 | DEBUG    | bot.telegram_bot:notify_admin_startup:160 - Отправка уведомления админу 7818565693
2025-06-21 22:28:39.097 | INFO     | bot.telegram_bot:notify_admin_startup:199 - ✅ Уведомление отправлено администратору 7818565693
2025-06-21 22:28:39.097 | DEBUG    | bot.telegram_bot:notify_admin_startup:160 - Отправка уведомления админу 72004042
2025-06-21 22:28:39.518 | INFO     | bot.telegram_bot:notify_admin_startup:199 - ✅ Уведомление отправлено администратору 72004042
2025-06-21 22:28:39.519 | DEBUG    | bot.telegram_bot:notify_admin_startup:160 - Отправка уведомления админу 6280208859
2025-06-21 22:28:39.918 | INFO     | bot.telegram_bot:notify_admin_startup:199 - ✅ Уведомление отправлено администратору 6280208859
2025-06-21 22:28:39.919 | DEBUG    | bot.telegram_bot:notify_admin_startup:160 - Отправка уведомления админу 5290482736
2025-06-21 22:28:40.328 | INFO     | bot.telegram_bot:notify_admin_startup:199 - ✅ Уведомление отправлено администратору 5290482736
2025-06-21 22:28:40.329 | INFO     | __main__:main:79 - ✅ Уведомление админу отправлено
2025-06-21 22:28:40.337 | INFO     | __main__:main:82 - 🎯 Система полностью готова к работе
2025-06-21 22:28:48.964 | DEBUG    | bot.telegram_bot:cmd_start:51 - Получена команда /start от пользователя 7818565693
2025-06-21 22:28:48.964 | INFO     | bot.telegram_bot:cmd_start:55 - Админ 7818565693 запустил бота
2025-06-21 22:28:52.715 | DEBUG    | bot.telegram_bot:status_button_handler:76 - Получен запрос статуса от пользователя 7818565693
2025-06-21 22:28:52.716 | INFO     | bot.telegram_bot:status_button_handler:80 - Отправка статуса системы админу 7818565693
2025-06-21 22:28:52.933 | INFO     | bot.telegram_bot:send_status_message:231 - ✅ Сообщение со статусом отправлено пользователю 7818565693
2025-06-21 22:28:57.491 | DEBUG    | bot.telegram_bot:echo_message:89 - Получено сообщение от пользователя 7818565693: /status
2025-06-21 22:28:57.492 | DEBUG    | bot.telegram_bot:echo_message:90 - Тип чата: private
2025-06-21 22:28:57.493 | DEBUG    | bot.telegram_bot:echo_message:94 - Отправка ответа админу 7818565693 в личном чате
2025-06-21 22:28:59.017 | DEBUG    | bot.telegram_bot:echo_message:89 - Получено сообщение от пользователя 7818565693: /help
2025-06-21 22:28:59.018 | DEBUG    | bot.telegram_bot:echo_message:90 - Тип чата: private
2025-06-21 22:28:59.020 | DEBUG    | bot.telegram_bot:echo_message:94 - Отправка ответа админу 7818565693 в личном чате
2025-06-21 22:29:00.812 | DEBUG    | bot.telegram_bot:status_button_handler:76 - Получен запрос статуса от пользователя 7818565693
2025-06-21 22:29:00.812 | INFO     | bot.telegram_bot:status_button_handler:80 - Отправка статуса системы админу 7818565693
2025-06-21 22:29:01.033 | INFO     | bot.telegram_bot:send_status_message:231 - ✅ Сообщение со статусом отправлено пользователю 7818565693
2025-06-21 22:29:03.738 | DEBUG    | web.app:load_user:39 - Загрузка пользователя: 850c4c2f-51b2-410f-b9ea-35f265735b71
2025-06-21 22:29:03.739 | DEBUG    | web.utils.auth:get_user_by_id:96 - Получение пользователя по ID: 850c4c2f-51b2-410f-b9ea-35f265735b71
2025-06-21 22:29:03.741 | DEBUG    | web.utils.auth:get_user_by_id:106 - ✅ Пользователь найден: admin
2025-06-21 22:29:03.741 | DEBUG    | web.models.user:__init__:8 - Создание объекта пользователя: admin
2025-06-21 22:29:03.741 | DEBUG    | web.routes.views:index:12 - Переход на главную страницу. Аутентифицирован: True
2025-06-21 22:29:03.775 | DEBUG    | web.app:load_user:39 - Загрузка пользователя: 850c4c2f-51b2-410f-b9ea-35f265735b71
2025-06-21 22:29:03.775 | DEBUG    | web.utils.auth:get_user_by_id:96 - Получение пользователя по ID: 850c4c2f-51b2-410f-b9ea-35f265735b71
2025-06-21 22:29:03.776 | DEBUG    | web.utils.auth:get_user_by_id:106 - ✅ Пользователь найден: admin
2025-06-21 22:29:03.776 | DEBUG    | web.models.user:__init__:8 - Создание объекта пользователя: admin
2025-06-21 22:29:03.776 | DEBUG    | web.routes.views:dashboard:62 - Переход на дашборд пользователя: admin
2025-06-21 22:29:03.937 | DEBUG    | web.app:load_user:39 - Загрузка пользователя: 850c4c2f-51b2-410f-b9ea-35f265735b71
2025-06-21 22:29:03.938 | DEBUG    | web.utils.auth:get_user_by_id:96 - Получение пользователя по ID: 850c4c2f-51b2-410f-b9ea-35f265735b71
2025-06-21 22:29:03.938 | DEBUG    | web.app:load_user:39 - Загрузка пользователя: 850c4c2f-51b2-410f-b9ea-35f265735b71
2025-06-21 22:29:03.939 | DEBUG    | web.utils.auth:get_user_by_id:96 - Получение пользователя по ID: 850c4c2f-51b2-410f-b9ea-35f265735b71
2025-06-21 22:29:03.939 | DEBUG    | web.utils.auth:get_user_by_id:106 - ✅ Пользователь найден: admin
2025-06-21 22:29:03.939 | DEBUG    | web.utils.auth:get_user_by_id:106 - ✅ Пользователь найден: admin
2025-06-21 22:29:03.939 | DEBUG    | web.models.user:__init__:8 - Создание объекта пользователя: admin
2025-06-21 22:29:03.940 | DEBUG    | web.models.user:__init__:8 - Создание объекта пользователя: admin
2025-06-21 22:29:03.940 | DEBUG    | web.routes.api:get_campaigns_statistics:633 - Получение статистики кампаний
2025-06-21 22:29:03.940 | DEBUG    | web.routes.api:get_chats_statistics:661 - Получение статистики чатов
2025-06-21 22:29:03.940 | DEBUG    | web.routes.api:get_campaigns_statistics:650 - Статистика кампаний: {'active_campaigns': 4, 'total_campaigns': 4, 'scheduled_messages': 4}
2025-06-21 22:29:03.941 | DEBUG    | web.routes.api:get_chats_statistics:681 - Статистика чатов: {'regular_groups': 1, 'forum_groups': 1, 'supergroups': 4, 'total_chats': 5}
2025-06-21 22:29:05.326 | DEBUG    | web.app:load_user:39 - Загрузка пользователя: 850c4c2f-51b2-410f-b9ea-35f265735b71
2025-06-21 22:29:05.326 | DEBUG    | web.utils.auth:get_user_by_id:96 - Получение пользователя по ID: 850c4c2f-51b2-410f-b9ea-35f265735b71
2025-06-21 22:29:05.327 | DEBUG    | web.utils.auth:get_user_by_id:106 - ✅ Пользователь найден: admin
2025-06-21 22:29:05.327 | DEBUG    | web.models.user:__init__:8 - Создание объекта пользователя: admin
2025-06-21 22:29:05.328 | DEBUG    | web.routes.views:campaigns:69 - Просмотр кампаний пользователем: admin
2025-06-21 22:29:05.396 | DEBUG    | web.app:load_user:39 - Загрузка пользователя: 850c4c2f-51b2-410f-b9ea-35f265735b71
2025-06-21 22:29:05.397 | DEBUG    | web.utils.auth:get_user_by_id:96 - Получение пользователя по ID: 850c4c2f-51b2-410f-b9ea-35f265735b71
2025-06-21 22:29:05.398 | DEBUG    | web.utils.auth:get_user_by_id:106 - ✅ Пользователь найден: admin
2025-06-21 22:29:05.398 | DEBUG    | web.models.user:__init__:8 - Создание объекта пользователя: admin
2025-06-21 22:29:05.399 | DEBUG    | web.routes.api:get_campaigns:200 - 🔄 Получение списка кампаний...
2025-06-21 22:29:05.399 | INFO     | web.routes.api:get_campaigns:215 - ✅ Успешно получено 4 кампаний
2025-06-21 22:29:07.191 | DEBUG    | web.app:load_user:39 - Загрузка пользователя: 850c4c2f-51b2-410f-b9ea-35f265735b71
2025-06-21 22:29:07.192 | DEBUG    | web.utils.auth:get_user_by_id:96 - Получение пользователя по ID: 850c4c2f-51b2-410f-b9ea-35f265735b71
2025-06-21 22:29:07.193 | DEBUG    | web.utils.auth:get_user_by_id:106 - ✅ Пользователь найден: admin
2025-06-21 22:29:07.193 | DEBUG    | web.models.user:__init__:8 - Создание объекта пользователя: admin
2025-06-21 22:29:07.194 | DEBUG    | web.routes.views:calendar:97 - Просмотр календаря пользователем: admin
2025-06-21 22:29:07.264 | DEBUG    | web.app:load_user:39 - Загрузка пользователя: 850c4c2f-51b2-410f-b9ea-35f265735b71
2025-06-21 22:29:07.264 | DEBUG    | web.utils.auth:get_user_by_id:96 - Получение пользователя по ID: 850c4c2f-51b2-410f-b9ea-35f265735b71
2025-06-21 22:29:07.265 | DEBUG    | web.app:load_user:39 - Загрузка пользователя: 850c4c2f-51b2-410f-b9ea-35f265735b71
2025-06-21 22:29:07.265 | DEBUG    | web.utils.auth:get_user_by_id:96 - Получение пользователя по ID: 850c4c2f-51b2-410f-b9ea-35f265735b71
2025-06-21 22:29:07.265 | DEBUG    | web.utils.auth:get_user_by_id:106 - ✅ Пользователь найден: admin
2025-06-21 22:29:07.265 | DEBUG    | web.utils.auth:get_user_by_id:106 - ✅ Пользователь найден: admin
2025-06-21 22:29:07.266 | DEBUG    | web.models.user:__init__:8 - Создание объекта пользователя: admin
2025-06-21 22:29:07.266 | DEBUG    | web.models.user:__init__:8 - Создание объекта пользователя: admin
2025-06-21 22:29:07.266 | DEBUG    | web.routes.api:get_campaigns_statistics:633 - Получение статистики кампаний
2025-06-21 22:29:07.270 | DEBUG    | web.routes.api:get_campaigns_statistics:650 - Статистика кампаний: {'active_campaigns': 4, 'total_campaigns': 4, 'scheduled_messages': 4}
2025-06-21 22:29:36.404 | DEBUG    | bot.campaign_scheduler:_schedule_checker:231 - Проверка кампаний в UTC: 2025-06-21 19:29:36 (Локальное: 2025-06-21 22:29:36)
2025-06-21 22:29:36.404 | DEBUG    | bot.campaign_scheduler:_should_run_campaign:257 - Проверка времени запуска кампании: 5cb4e5e8-c29b-400e-bd0c-b1707ebf7b0b
2025-06-21 22:29:36.405 | DEBUG    | bot.campaign_scheduler:_should_run_campaign:257 - Проверка времени запуска кампании: 2b2bf407-f882-4bbf-a807-45d0c0ad6404
2025-06-21 22:29:36.406 | DEBUG    | bot.campaign_scheduler:_should_run_campaign:257 - Проверка времени запуска кампании: 5244d2fb-ee42-410d-b6cf-08a4d71feba8
2025-06-21 22:29:36.406 | DEBUG    | bot.campaign_scheduler:_should_run_campaign:257 - Проверка времени запуска кампании: 286e3e30-98ab-486f-8a2f-7e10d666fde4
2025-06-21 22:29:37.050 | DEBUG    | web.app:load_user:39 - Загрузка пользователя: 850c4c2f-51b2-410f-b9ea-35f265735b71
2025-06-21 22:29:37.050 | DEBUG    | web.utils.auth:get_user_by_id:96 - Получение пользователя по ID: 850c4c2f-51b2-410f-b9ea-35f265735b71
2025-06-21 22:29:37.052 | DEBUG    | web.utils.auth:get_user_by_id:106 - ✅ Пользователь найден: admin
2025-06-21 22:29:37.052 | DEBUG    | web.models.user:__init__:8 - Создание объекта пользователя: admin
2025-06-21 22:29:37.053 | DEBUG    | web.routes.views:campaigns:69 - Просмотр кампаний пользователем: admin
2025-06-21 22:29:37.308 | DEBUG    | web.app:load_user:39 - Загрузка пользователя: 850c4c2f-51b2-410f-b9ea-35f265735b71
2025-06-21 22:29:37.308 | DEBUG    | web.utils.auth:get_user_by_id:96 - Получение пользователя по ID: 850c4c2f-51b2-410f-b9ea-35f265735b71
2025-06-21 22:29:37.310 | DEBUG    | web.utils.auth:get_user_by_id:106 - ✅ Пользователь найден: admin
2025-06-21 22:29:37.310 | DEBUG    | web.models.user:__init__:8 - Создание объекта пользователя: admin
2025-06-21 22:29:37.311 | DEBUG    | web.routes.api:get_campaigns:200 - 🔄 Получение списка кампаний...
2025-06-21 22:29:37.311 | INFO     | web.routes.api:get_campaigns:215 - ✅ Успешно получено 4 кампаний
2025-06-21 22:29:40.342 | DEBUG    | __main__:main:85 - Heartbeat - система работает
2025-06-21 22:29:40.623 | DEBUG    | web.app:load_user:39 - Загрузка пользователя: 850c4c2f-51b2-410f-b9ea-35f265735b71
2025-06-21 22:29:40.624 | DEBUG    | web.utils.auth:get_user_by_id:96 - Получение пользователя по ID: 850c4c2f-51b2-410f-b9ea-35f265735b71
2025-06-21 22:29:40.625 | DEBUG    | web.utils.auth:get_user_by_id:106 - ✅ Пользователь найден: admin
2025-06-21 22:29:40.625 | DEBUG    | web.models.user:__init__:8 - Создание объекта пользователя: admin
2025-06-21 22:29:40.625 | DEBUG    | web.routes.views:chats:90 - Управление чатами пользователем: admin
2025-06-21 22:29:40.740 | DEBUG    | web.app:load_user:39 - Загрузка пользователя: 850c4c2f-51b2-410f-b9ea-35f265735b71
2025-06-21 22:29:40.740 | DEBUG    | web.utils.auth:get_user_by_id:96 - Получение пользователя по ID: 850c4c2f-51b2-410f-b9ea-35f265735b71
2025-06-21 22:29:40.741 | DEBUG    | web.utils.auth:get_user_by_id:106 - ✅ Пользователь найден: admin
2025-06-21 22:29:40.741 | DEBUG    | web.models.user:__init__:8 - Создание объекта пользователя: admin
2025-06-21 22:29:42.542 | DEBUG    | web.app:load_user:39 - Загрузка пользователя: 850c4c2f-51b2-410f-b9ea-35f265735b71
2025-06-21 22:29:42.542 | DEBUG    | web.utils.auth:get_user_by_id:96 - Получение пользователя по ID: 850c4c2f-51b2-410f-b9ea-35f265735b71
2025-06-21 22:29:42.544 | DEBUG    | web.utils.auth:get_user_by_id:106 - ✅ Пользователь найден: admin
2025-06-21 22:29:42.544 | DEBUG    | web.models.user:__init__:8 - Создание объекта пользователя: admin
2025-06-21 22:29:42.544 | DEBUG    | web.routes.views:calendar:97 - Просмотр календаря пользователем: admin
2025-06-21 22:29:42.813 | DEBUG    | web.app:load_user:39 - Загрузка пользователя: 850c4c2f-51b2-410f-b9ea-35f265735b71
2025-06-21 22:29:42.813 | DEBUG    | web.utils.auth:get_user_by_id:96 - Получение пользователя по ID: 850c4c2f-51b2-410f-b9ea-35f265735b71
2025-06-21 22:29:42.814 | DEBUG    | web.app:load_user:39 - Загрузка пользователя: 850c4c2f-51b2-410f-b9ea-35f265735b71
2025-06-21 22:29:42.815 | DEBUG    | web.utils.auth:get_user_by_id:96 - Получение пользователя по ID: 850c4c2f-51b2-410f-b9ea-35f265735b71
2025-06-21 22:29:42.815 | DEBUG    | web.utils.auth:get_user_by_id:106 - ✅ Пользователь найден: admin
2025-06-21 22:29:42.815 | DEBUG    | web.utils.auth:get_user_by_id:106 - ✅ Пользователь найден: admin
2025-06-21 22:29:42.815 | DEBUG    | web.models.user:__init__:8 - Создание объекта пользователя: admin
2025-06-21 22:29:42.816 | DEBUG    | web.models.user:__init__:8 - Создание объекта пользователя: admin
2025-06-21 22:29:42.816 | DEBUG    | web.routes.api:get_campaigns_statistics:633 - Получение статистики кампаний
2025-06-21 22:29:42.819 | DEBUG    | web.routes.api:get_campaigns_statistics:650 - Статистика кампаний: {'active_campaigns': 4, 'total_campaigns': 4, 'scheduled_messages': 4}
2025-06-21 23:31:36.916 | INFO     | __main__:<module>:37 - Создание директорий завершено
2025-06-21 23:31:36.917 | DEBUG    | config:__init__:7 - Инициализация конфигурации
2025-06-21 23:31:36.918 | DEBUG    | config:__init__:11 - .env файл загружен
2025-06-21 23:31:36.919 | DEBUG    | config:__init__:15 - BOT_TOKEN загружен: ✅
2025-06-21 23:31:36.919 | DEBUG    | config:__init__:19 - ADMIN_IDS загружены: [7818565693, 72004042, 6280208859, 5290482736]
2025-06-21 23:31:36.919 | DEBUG    | config:__init__:26 - Веб-сервер: 0.0.0.0:8000
2025-06-21 23:31:36.919 | DEBUG    | config:__init__:31 - Админ логин: admin
2025-06-21 23:31:36.919 | DEBUG    | config:__init__:49 - Конфигурация Ngrok: Enabled=True, Path=./ngrok.exe
2025-06-21 23:31:36.919 | DEBUG    | config:__init__:51 - Пути к файлам данных:
2025-06-21 23:31:36.919 | DEBUG    | config:__init__:52 -   - CAMPAIGNS_FILE: data\campaigns.json
2025-06-21 23:31:36.919 | DEBUG    | config:__init__:53 -   - CHATS_FILE: data\chats.json
2025-06-21 23:31:36.920 | DEBUG    | config:__init__:54 -   - USERS_FILE: data\users.json
2025-06-21 23:31:36.920 | DEBUG    | config:_ensure_data_files_exist:62 - Проверка существования файлов данных
2025-06-21 23:31:36.920 | DEBUG    | config:_ensure_data_files_exist:66 - Директории созданы: data, uploads
2025-06-21 23:31:36.920 | DEBUG    | config:_ensure_data_files_exist:81 - Файл уже существует: data\campaigns.json
2025-06-21 23:31:36.920 | DEBUG    | config:_ensure_data_files_exist:81 - Файл уже существует: data\chats.json
2025-06-21 23:31:36.920 | DEBUG    | config:_ensure_data_files_exist:81 - Файл уже существует: data\users.json
2025-06-21 23:31:36.921 | INFO     | config:_ensure_data_files_exist:83 - Все файлы данных проверены/созданы
2025-06-21 23:31:36.921 | INFO     | config:__init__:58 - Конфигурация успешно инициализирована
2025-06-21 23:31:36.921 | INFO     | __main__:<module>:41 - Конфигурация загружена
2025-06-21 23:31:36.921 | INFO     | __main__:<module>:125 - 🌟 Запуск приложения TG AutoPosting
2025-06-21 23:31:36.922 | INFO     | __main__:main:44 - 🚀 Запуск системы автопостинга
2025-06-21 23:31:36.922 | DEBUG    | __main__:main:48 - Инициализация Telegram бота
2025-06-21 23:31:36.922 | DEBUG    | bot.telegram_bot:__init__:25 - Инициализация TelegramBot
2025-06-21 23:31:37.161 | DEBUG    | bot.telegram_bot:_register_handlers:45 - Регистрация обработчиков сообщений
2025-06-21 23:31:37.162 | INFO     | bot.telegram_bot:_register_handlers:108 - Обработчики сообщений зарегистрированы
2025-06-21 23:31:37.162 | INFO     | bot.telegram_bot:__init__:41 - TelegramBot инициализирован
2025-06-21 23:31:37.163 | DEBUG    | bot.telegram_bot:setup:112 - Настройка бота
2025-06-21 23:31:48.651 | INFO     | bot.telegram_bot:setup:117 - Инициализация бота @autotesttesttestbot (ID: 7213801546)
2025-06-21 23:31:48.652 | DEBUG    | bot.telegram_bot:_start_polling:128 - Запуск polling для получения обновлений
2025-06-21 23:31:48.652 | INFO     | bot.telegram_bot:_start_polling:134 - Polling запущен
2025-06-21 23:31:48.652 | INFO     | bot.telegram_bot:setup:121 - Бот настроен и запущен
2025-06-21 23:31:48.652 | INFO     | __main__:main:51 - ✅ Telegram бот инициализирован
2025-06-21 23:31:48.652 | DEBUG    | __main__:main:54 - Инициализация планировщика кампаний
2025-06-21 23:31:48.652 | DEBUG    | bot.campaign_scheduler:__init__:14 - Инициализация CampaignScheduler
2025-06-21 23:31:48.653 | INFO     | bot.campaign_scheduler:__init__:21 - CampaignScheduler инициализирован
2025-06-21 23:31:48.653 | DEBUG    | bot.campaign_scheduler:start:25 - Запуск планировщика кампаний
2025-06-21 23:31:48.653 | DEBUG    | bot.campaign_scheduler:load_campaigns:50 - Загрузка кампаний из файла: data\campaigns.json
2025-06-21 23:31:48.654 | DEBUG    | bot.campaign_scheduler:load_campaigns:81 - Загружена кампания: 5cb4e5e8-c29b-400e-bd0c-b1707ebf7b0b - test
2025-06-21 23:31:48.654 | DEBUG    | bot.campaign_scheduler:load_campaigns:81 - Загружена кампания: 2b2bf407-f882-4bbf-a807-45d0c0ad6404 - 003
2025-06-21 23:31:48.654 | DEBUG    | bot.campaign_scheduler:load_campaigns:81 - Загружена кампания: 5244d2fb-ee42-410d-b6cf-08a4d71feba8 - 4444444444
2025-06-21 23:31:48.654 | DEBUG    | bot.campaign_scheduler:load_campaigns:81 - Загружена кампания: 286e3e30-98ab-486f-8a2f-7e10d666fde4 - 55555555555555
2025-06-21 23:31:48.654 | INFO     | bot.campaign_scheduler:load_campaigns:83 - ✅ Успешно загружено 4 кампаний из JSON
2025-06-21 23:31:48.655 | INFO     | bot.campaign_scheduler:start:35 - ✅ Планировщик кампаний запущен
2025-06-21 23:31:48.655 | INFO     | __main__:main:57 - ✅ Планировщик кампаний запущен
2025-06-21 23:31:48.655 | DEBUG    | __main__:main:60 - Запуск веб-сервера
2025-06-21 23:31:48.655 | DEBUG    | web.app:create_app:16 - Создание Flask приложения
2025-06-21 23:31:48.656 | DEBUG    | web.app:create_app:28 - Flask config: SECRET_KEY=***
2025-06-21 23:31:48.656 | DEBUG    | web.app:create_app:29 - Upload folder: uploads
2025-06-21 23:31:48.656 | DEBUG    | web.utils.auth:__init__:13 - Инициализация AuthManager
2025-06-21 23:31:48.656 | DEBUG    | web.utils.auth:_ensure_admin_user:21 - Проверка наличия администратора в системе
2025-06-21 23:31:48.657 | DEBUG    | web.utils.auth:_ensure_admin_user:37 - Найден администратор: admin
2025-06-21 23:31:48.657 | DEBUG    | web.utils.auth:_ensure_admin_user:58 - Администратор уже существует
2025-06-21 23:31:48.657 | INFO     | web.utils.auth:__init__:17 - AuthManager инициализирован
2025-06-21 23:31:48.666 | DEBUG    | web.app:create_app:45 - Blueprints зарегистрированы
2025-06-21 23:31:48.667 | INFO     | web.app:run_server:71 - 🌐 Запуск веб-сервера на 0.0.0.0:8000
2025-06-21 23:31:48.667 | INFO     | web.app:create_app:75 - ✅ Веб-сервер запущен в отдельном потоке
2025-06-21 23:31:48.667 | INFO     | __main__:main:62 - ✅ Веб-сервер запущен
2025-06-21 23:31:48.667 | DEBUG    | __main__:main:68 - Инициализация Ngrok менеджера
2025-06-21 23:31:48.667 | INFO     | utils.ngrok_manager:start:32 - Запуск Ngrok менеджера
2025-06-21 23:31:48.667 | INFO     | utils.ngrok_manager:_restart_ngrok:75 - Перезапуск Ngrok
2025-06-21 23:31:48.669 | DEBUG    | utils.ngrok_manager:_restart_ngrok:94 - Проверка авторизации Ngrok
2025-06-21 23:31:48.700 | DEBUG    | utils.ngrok_manager:_restart_ngrok:103 - Ngrok не авторизован, выполняем авторизацию
2025-06-21 23:31:48.725 | INFO     | utils.ngrok_manager:_restart_ngrok:110 - Ngrok успешно авторизован
2025-06-21 23:31:48.725 | DEBUG    | utils.ngrok_manager:_restart_ngrok:119 - Запуск Ngrok: ./ngrok.exe http 8000
2025-06-21 23:31:51.236 | DEBUG    | web.app:load_user:39 - Загрузка пользователя: 850c4c2f-51b2-410f-b9ea-35f265735b71
2025-06-21 23:31:51.236 | DEBUG    | web.utils.auth:get_user_by_id:96 - Получение пользователя по ID: 850c4c2f-51b2-410f-b9ea-35f265735b71
2025-06-21 23:31:51.237 | DEBUG    | web.utils.auth:get_user_by_id:106 - ✅ Пользователь найден: admin
2025-06-21 23:31:51.237 | DEBUG    | web.models.user:__init__:8 - Создание объекта пользователя: admin
2025-06-21 23:31:51.237 | DEBUG    | web.routes.views:calendar:97 - Просмотр календаря пользователем: admin
2025-06-21 23:31:51.499 | DEBUG    | web.app:load_user:39 - Загрузка пользователя: 850c4c2f-51b2-410f-b9ea-35f265735b71
2025-06-21 23:31:51.499 | DEBUG    | web.utils.auth:get_user_by_id:96 - Получение пользователя по ID: 850c4c2f-51b2-410f-b9ea-35f265735b71
2025-06-21 23:31:51.500 | DEBUG    | web.app:load_user:39 - Загрузка пользователя: 850c4c2f-51b2-410f-b9ea-35f265735b71
2025-06-21 23:31:51.501 | DEBUG    | web.utils.auth:get_user_by_id:96 - Получение пользователя по ID: 850c4c2f-51b2-410f-b9ea-35f265735b71
2025-06-21 23:31:51.501 | DEBUG    | web.utils.auth:get_user_by_id:106 - ✅ Пользователь найден: admin
2025-06-21 23:31:51.501 | DEBUG    | web.models.user:__init__:8 - Создание объекта пользователя: admin
2025-06-21 23:31:51.501 | DEBUG    | web.utils.auth:get_user_by_id:106 - ✅ Пользователь найден: admin
2025-06-21 23:31:51.501 | DEBUG    | web.routes.api:get_campaigns_statistics:633 - Получение статистики кампаний
2025-06-21 23:31:51.501 | DEBUG    | web.models.user:__init__:8 - Создание объекта пользователя: admin
2025-06-21 23:31:51.502 | DEBUG    | web.routes.api:get_campaigns_statistics:650 - Статистика кампаний: {'active_campaigns': 4, 'total_campaigns': 4, 'scheduled_messages': 4}
2025-06-21 23:31:51.950 | INFO     | utils.ngrok_manager:_get_and_save_url:159 - Получен новый Ngrok URL: https://0613-91-84-97-187.ngrok-free.app
2025-06-21 23:31:51.950 | INFO     | utils.ngrok_manager:_restart_ngrok:135 - Следующий перезапуск Ngrok через 2 часов
2025-06-21 23:31:51.951 | DEBUG    | bot.campaign_scheduler:_schedule_checker:225 - Запуск проверки расписания кампаний
2025-06-21 23:31:51.952 | DEBUG    | bot.campaign_scheduler:_schedule_checker:231 - Проверка кампаний в UTC: 2025-06-21 20:31:51 (Локальное: 2025-06-21 23:31:51)
2025-06-21 23:31:51.952 | DEBUG    | bot.campaign_scheduler:_should_run_campaign:257 - Проверка времени запуска кампании: 5cb4e5e8-c29b-400e-bd0c-b1707ebf7b0b
2025-06-21 23:31:51.953 | DEBUG    | bot.campaign_scheduler:_should_run_campaign:257 - Проверка времени запуска кампании: 2b2bf407-f882-4bbf-a807-45d0c0ad6404
2025-06-21 23:31:51.953 | DEBUG    | bot.campaign_scheduler:_should_run_campaign:257 - Проверка времени запуска кампании: 5244d2fb-ee42-410d-b6cf-08a4d71feba8
2025-06-21 23:31:51.953 | DEBUG    | bot.campaign_scheduler:_should_run_campaign:257 - Проверка времени запуска кампании: 286e3e30-98ab-486f-8a2f-7e10d666fde4
2025-06-21 23:31:53.960 | INFO     | __main__:main:74 - ✅ Ngrok запущен: https://0613-91-84-97-187.ngrok-free.app
2025-06-21 23:31:53.961 | DEBUG    | __main__:main:77 - Отправка уведомления админу о запуске
2025-06-21 23:31:53.962 | DEBUG    | bot.telegram_bot:notify_admin_startup:151 - Отправка уведомлений о запуске 4 админам
2025-06-21 23:31:53.963 | DEBUG    | bot.telegram_bot:notify_admin_startup:160 - Отправка уведомления админу 7818565693
2025-06-21 23:31:54.648 | INFO     | bot.telegram_bot:notify_admin_startup:199 - ✅ Уведомление отправлено администратору 7818565693
2025-06-21 23:31:54.649 | DEBUG    | bot.telegram_bot:notify_admin_startup:160 - Отправка уведомления админу 72004042
2025-06-21 23:31:55.060 | INFO     | bot.telegram_bot:notify_admin_startup:199 - ✅ Уведомление отправлено администратору 72004042
2025-06-21 23:31:55.060 | DEBUG    | bot.telegram_bot:notify_admin_startup:160 - Отправка уведомления админу 6280208859
2025-06-21 23:31:55.457 | INFO     | bot.telegram_bot:notify_admin_startup:199 - ✅ Уведомление отправлено администратору 6280208859
2025-06-21 23:31:55.458 | DEBUG    | bot.telegram_bot:notify_admin_startup:160 - Отправка уведомления админу 5290482736
2025-06-21 23:31:55.860 | INFO     | bot.telegram_bot:notify_admin_startup:199 - ✅ Уведомление отправлено администратору 5290482736
2025-06-21 23:31:55.861 | INFO     | __main__:main:79 - ✅ Уведомление админу отправлено
2025-06-21 23:31:55.861 | INFO     | __main__:main:82 - 🎯 Система полностью готова к работе
2025-06-21 23:32:05.391 | DEBUG    | web.app:load_user:39 - Загрузка пользователя: 850c4c2f-51b2-410f-b9ea-35f265735b71
2025-06-21 23:32:05.391 | DEBUG    | web.utils.auth:get_user_by_id:96 - Получение пользователя по ID: 850c4c2f-51b2-410f-b9ea-35f265735b71
2025-06-21 23:32:05.392 | DEBUG    | web.utils.auth:get_user_by_id:106 - ✅ Пользователь найден: admin
2025-06-21 23:32:05.392 | DEBUG    | web.models.user:__init__:8 - Создание объекта пользователя: admin
2025-06-21 23:32:05.392 | DEBUG    | web.routes.views:campaigns:69 - Просмотр кампаний пользователем: admin
2025-06-21 23:32:05.483 | DEBUG    | web.app:load_user:39 - Загрузка пользователя: 850c4c2f-51b2-410f-b9ea-35f265735b71
2025-06-21 23:32:05.483 | DEBUG    | web.utils.auth:get_user_by_id:96 - Получение пользователя по ID: 850c4c2f-51b2-410f-b9ea-35f265735b71
2025-06-21 23:32:05.483 | DEBUG    | web.utils.auth:get_user_by_id:106 - ✅ Пользователь найден: admin
2025-06-21 23:32:05.484 | DEBUG    | web.models.user:__init__:8 - Создание объекта пользователя: admin
2025-06-21 23:32:05.484 | DEBUG    | web.routes.api:get_campaigns:200 - 🔄 Получение списка кампаний...
2025-06-21 23:32:05.484 | INFO     | web.routes.api:get_campaigns:215 - ✅ Успешно получено 4 кампаний
2025-06-21 23:32:20.752 | DEBUG    | web.app:load_user:39 - Загрузка пользователя: 850c4c2f-51b2-410f-b9ea-35f265735b71
2025-06-21 23:32:20.753 | DEBUG    | web.utils.auth:get_user_by_id:96 - Получение пользователя по ID: 850c4c2f-51b2-410f-b9ea-35f265735b71
2025-06-21 23:32:20.754 | DEBUG    | web.utils.auth:get_user_by_id:106 - ✅ Пользователь найден: admin
2025-06-21 23:32:20.754 | DEBUG    | web.models.user:__init__:8 - Создание объекта пользователя: admin
2025-06-21 23:32:20.754 | DEBUG    | web.routes.views:dashboard:62 - Переход на дашборд пользователя: admin
2025-06-21 23:32:21.064 | DEBUG    | web.app:load_user:39 - Загрузка пользователя: 850c4c2f-51b2-410f-b9ea-35f265735b71
2025-06-21 23:32:21.064 | DEBUG    | web.utils.auth:get_user_by_id:96 - Получение пользователя по ID: 850c4c2f-51b2-410f-b9ea-35f265735b71
2025-06-21 23:32:21.065 | DEBUG    | web.app:load_user:39 - Загрузка пользователя: 850c4c2f-51b2-410f-b9ea-35f265735b71
2025-06-21 23:32:21.065 | DEBUG    | web.utils.auth:get_user_by_id:96 - Получение пользователя по ID: 850c4c2f-51b2-410f-b9ea-35f265735b71
2025-06-21 23:32:21.065 | DEBUG    | web.utils.auth:get_user_by_id:106 - ✅ Пользователь найден: admin
2025-06-21 23:32:21.065 | DEBUG    | web.models.user:__init__:8 - Создание объекта пользователя: admin
2025-06-21 23:32:21.065 | DEBUG    | web.utils.auth:get_user_by_id:106 - ✅ Пользователь найден: admin
2025-06-21 23:32:21.066 | DEBUG    | web.routes.api:get_campaigns_statistics:633 - Получение статистики кампаний
2025-06-21 23:32:21.066 | DEBUG    | web.models.user:__init__:8 - Создание объекта пользователя: admin
2025-06-21 23:32:21.066 | DEBUG    | web.routes.api:get_campaigns_statistics:650 - Статистика кампаний: {'active_campaigns': 4, 'total_campaigns': 4, 'scheduled_messages': 4}
2025-06-21 23:32:21.066 | DEBUG    | web.routes.api:get_chats_statistics:661 - Получение статистики чатов
2025-06-21 23:32:21.067 | DEBUG    | web.routes.api:get_chats_statistics:681 - Статистика чатов: {'regular_groups': 1, 'forum_groups': 1, 'supergroups': 4, 'total_chats': 5}
2025-06-21 23:32:22.335 | DEBUG    | web.app:load_user:39 - Загрузка пользователя: 850c4c2f-51b2-410f-b9ea-35f265735b71
2025-06-21 23:32:22.335 | DEBUG    | web.utils.auth:get_user_by_id:96 - Получение пользователя по ID: 850c4c2f-51b2-410f-b9ea-35f265735b71
2025-06-21 23:32:22.336 | DEBUG    | web.utils.auth:get_user_by_id:106 - ✅ Пользователь найден: admin
2025-06-21 23:32:22.336 | DEBUG    | web.models.user:__init__:8 - Создание объекта пользователя: admin
2025-06-21 23:32:22.336 | DEBUG    | web.routes.views:calendar:97 - Просмотр календаря пользователем: admin
2025-06-21 23:32:22.584 | DEBUG    | web.app:load_user:39 - Загрузка пользователя: 850c4c2f-51b2-410f-b9ea-35f265735b71
2025-06-21 23:32:22.584 | DEBUG    | web.utils.auth:get_user_by_id:96 - Получение пользователя по ID: 850c4c2f-51b2-410f-b9ea-35f265735b71
2025-06-21 23:32:22.585 | DEBUG    | web.app:load_user:39 - Загрузка пользователя: 850c4c2f-51b2-410f-b9ea-35f265735b71
2025-06-21 23:32:22.585 | DEBUG    | web.utils.auth:get_user_by_id:96 - Получение пользователя по ID: 850c4c2f-51b2-410f-b9ea-35f265735b71
2025-06-21 23:32:22.585 | DEBUG    | web.utils.auth:get_user_by_id:106 - ✅ Пользователь найден: admin
2025-06-21 23:32:22.585 | DEBUG    | web.models.user:__init__:8 - Создание объекта пользователя: admin
2025-06-21 23:32:22.585 | DEBUG    | web.utils.auth:get_user_by_id:106 - ✅ Пользователь найден: admin
2025-06-21 23:32:22.586 | DEBUG    | web.routes.api:get_campaigns_statistics:633 - Получение статистики кампаний
2025-06-21 23:32:22.586 | DEBUG    | web.models.user:__init__:8 - Создание объекта пользователя: admin
2025-06-21 23:32:22.586 | DEBUG    | web.routes.api:get_campaigns_statistics:650 - Статистика кампаний: {'active_campaigns': 4, 'total_campaigns': 4, 'scheduled_messages': 4}
2025-06-21 23:32:51.966 | DEBUG    | bot.campaign_scheduler:_schedule_checker:231 - Проверка кампаний в UTC: 2025-06-21 20:32:51 (Локальное: 2025-06-21 23:32:51)
2025-06-21 23:32:51.967 | DEBUG    | bot.campaign_scheduler:_should_run_campaign:257 - Проверка времени запуска кампании: 5cb4e5e8-c29b-400e-bd0c-b1707ebf7b0b
2025-06-21 23:32:51.967 | DEBUG    | bot.campaign_scheduler:_should_run_campaign:257 - Проверка времени запуска кампании: 2b2bf407-f882-4bbf-a807-45d0c0ad6404
2025-06-21 23:32:51.967 | DEBUG    | bot.campaign_scheduler:_should_run_campaign:257 - Проверка времени запуска кампании: 5244d2fb-ee42-410d-b6cf-08a4d71feba8
2025-06-21 23:32:51.967 | DEBUG    | bot.campaign_scheduler:_should_run_campaign:257 - Проверка времени запуска кампании: 286e3e30-98ab-486f-8a2f-7e10d666fde4
2025-06-21 23:32:55.874 | DEBUG    | __main__:main:85 - Heartbeat - система работает
2025-06-21 23:39:56.730 | INFO     | __main__:<module>:37 - Создание директорий завершено
2025-06-21 23:39:56.730 | DEBUG    | config:__init__:7 - Инициализация конфигурации
2025-06-21 23:39:56.732 | DEBUG    | config:__init__:11 - .env файл загружен
2025-06-21 23:39:56.732 | DEBUG    | config:__init__:15 - BOT_TOKEN загружен: ✅
2025-06-21 23:39:56.732 | DEBUG    | config:__init__:19 - ADMIN_IDS загружены: [7818565693, 72004042, 6280208859, 5290482736]
2025-06-21 23:39:56.732 | DEBUG    | config:__init__:26 - Веб-сервер: 0.0.0.0:8000
2025-06-21 23:39:56.732 | DEBUG    | config:__init__:31 - Админ логин: admin
2025-06-21 23:39:56.733 | DEBUG    | config:__init__:49 - Конфигурация Ngrok: Enabled=True, Path=./ngrok.exe
2025-06-21 23:39:56.733 | DEBUG    | config:__init__:51 - Пути к файлам данных:
2025-06-21 23:39:56.733 | DEBUG    | config:__init__:52 -   - CAMPAIGNS_FILE: data\campaigns.json
2025-06-21 23:39:56.733 | DEBUG    | config:__init__:53 -   - CHATS_FILE: data\chats.json
2025-06-21 23:39:56.733 | DEBUG    | config:__init__:54 -   - USERS_FILE: data\users.json
2025-06-21 23:39:56.733 | DEBUG    | config:_ensure_data_files_exist:62 - Проверка существования файлов данных
2025-06-21 23:39:56.733 | DEBUG    | config:_ensure_data_files_exist:66 - Директории созданы: data, uploads
2025-06-21 23:39:56.734 | DEBUG    | config:_ensure_data_files_exist:81 - Файл уже существует: data\campaigns.json
2025-06-21 23:39:56.734 | DEBUG    | config:_ensure_data_files_exist:81 - Файл уже существует: data\chats.json
2025-06-21 23:39:56.734 | DEBUG    | config:_ensure_data_files_exist:81 - Файл уже существует: data\users.json
2025-06-21 23:39:56.734 | INFO     | config:_ensure_data_files_exist:83 - Все файлы данных проверены/созданы
2025-06-21 23:39:56.734 | INFO     | config:__init__:58 - Конфигурация успешно инициализирована
2025-06-21 23:39:56.734 | INFO     | __main__:<module>:41 - Конфигурация загружена
2025-06-21 23:39:56.734 | INFO     | __main__:<module>:125 - 🌟 Запуск приложения TG AutoPosting
2025-06-21 23:39:56.735 | INFO     | __main__:main:44 - 🚀 Запуск системы автопостинга
2025-06-21 23:39:56.735 | DEBUG    | __main__:main:48 - Инициализация Telegram бота
2025-06-21 23:39:56.735 | DEBUG    | bot.telegram_bot:__init__:25 - Инициализация TelegramBot
2025-06-21 23:39:56.980 | DEBUG    | bot.telegram_bot:_register_handlers:45 - Регистрация обработчиков сообщений
2025-06-21 23:39:56.981 | INFO     | bot.telegram_bot:_register_handlers:108 - Обработчики сообщений зарегистрированы
2025-06-21 23:39:56.981 | INFO     | bot.telegram_bot:__init__:41 - TelegramBot инициализирован
2025-06-21 23:39:56.982 | DEBUG    | bot.telegram_bot:setup:112 - Настройка бота
2025-06-21 23:39:57.645 | INFO     | bot.telegram_bot:setup:117 - Инициализация бота @autotesttesttestbot (ID: 7213801546)
2025-06-21 23:39:57.645 | DEBUG    | bot.telegram_bot:_start_polling:128 - Запуск polling для получения обновлений
2025-06-21 23:39:57.646 | INFO     | bot.telegram_bot:_start_polling:134 - Polling запущен
2025-06-21 23:39:57.646 | INFO     | bot.telegram_bot:setup:121 - Бот настроен и запущен
2025-06-21 23:39:57.646 | INFO     | __main__:main:51 - ✅ Telegram бот инициализирован
2025-06-21 23:39:57.647 | DEBUG    | __main__:main:54 - Инициализация планировщика кампаний
2025-06-21 23:39:57.647 | DEBUG    | bot.campaign_scheduler:__init__:14 - Инициализация CampaignScheduler
2025-06-21 23:39:57.647 | INFO     | bot.campaign_scheduler:__init__:21 - CampaignScheduler инициализирован
2025-06-21 23:39:57.647 | DEBUG    | bot.campaign_scheduler:start:25 - Запуск планировщика кампаний
2025-06-21 23:39:57.648 | DEBUG    | bot.campaign_scheduler:load_campaigns:50 - Загрузка кампаний из файла: data\campaigns.json
2025-06-21 23:39:57.648 | DEBUG    | bot.campaign_scheduler:load_campaigns:81 - Загружена кампания: 5cb4e5e8-c29b-400e-bd0c-b1707ebf7b0b - test
2025-06-21 23:39:57.649 | DEBUG    | bot.campaign_scheduler:load_campaigns:81 - Загружена кампания: 2b2bf407-f882-4bbf-a807-45d0c0ad6404 - 003
2025-06-21 23:39:57.649 | DEBUG    | bot.campaign_scheduler:load_campaigns:81 - Загружена кампания: 5244d2fb-ee42-410d-b6cf-08a4d71feba8 - 4444444444
2025-06-21 23:39:57.649 | DEBUG    | bot.campaign_scheduler:load_campaigns:81 - Загружена кампания: 286e3e30-98ab-486f-8a2f-7e10d666fde4 - 55555555555555
2025-06-21 23:39:57.649 | INFO     | bot.campaign_scheduler:load_campaigns:83 - ✅ Успешно загружено 4 кампаний из JSON
2025-06-21 23:39:57.650 | INFO     | bot.campaign_scheduler:start:35 - ✅ Планировщик кампаний запущен
2025-06-21 23:39:57.650 | INFO     | __main__:main:57 - ✅ Планировщик кампаний запущен
2025-06-21 23:39:57.650 | DEBUG    | __main__:main:60 - Запуск веб-сервера
2025-06-21 23:39:57.650 | DEBUG    | web.app:create_app:16 - Создание Flask приложения
2025-06-21 23:39:57.651 | DEBUG    | web.app:create_app:28 - Flask config: SECRET_KEY=***
2025-06-21 23:39:57.651 | DEBUG    | web.app:create_app:29 - Upload folder: uploads
2025-06-21 23:39:57.652 | DEBUG    | web.utils.auth:__init__:13 - Инициализация AuthManager
2025-06-21 23:39:57.652 | DEBUG    | web.utils.auth:_ensure_admin_user:21 - Проверка наличия администратора в системе
2025-06-21 23:39:57.652 | DEBUG    | web.utils.auth:_ensure_admin_user:37 - Найден администратор: admin
2025-06-21 23:39:57.652 | DEBUG    | web.utils.auth:_ensure_admin_user:58 - Администратор уже существует
2025-06-21 23:39:57.653 | INFO     | web.utils.auth:__init__:17 - AuthManager инициализирован
2025-06-21 23:39:57.662 | DEBUG    | web.app:create_app:45 - Blueprints зарегистрированы
2025-06-21 23:39:57.663 | INFO     | web.app:run_server:71 - 🌐 Запуск веб-сервера на 0.0.0.0:8000
2025-06-21 23:39:57.663 | INFO     | web.app:create_app:75 - ✅ Веб-сервер запущен в отдельном потоке
2025-06-21 23:39:57.663 | INFO     | __main__:main:62 - ✅ Веб-сервер запущен
2025-06-21 23:39:57.663 | DEBUG    | __main__:main:68 - Инициализация Ngrok менеджера
2025-06-21 23:39:57.665 | INFO     | utils.ngrok_manager:start:32 - Запуск Ngrok менеджера
2025-06-21 23:39:57.665 | INFO     | utils.ngrok_manager:_restart_ngrok:75 - Перезапуск Ngrok
2025-06-21 23:39:57.665 | DEBUG    | utils.ngrok_manager:_restart_ngrok:94 - Проверка авторизации Ngrok
2025-06-21 23:39:57.695 | DEBUG    | utils.ngrok_manager:_restart_ngrok:103 - Ngrok не авторизован, выполняем авторизацию
2025-06-21 23:39:57.719 | INFO     | utils.ngrok_manager:_restart_ngrok:110 - Ngrok успешно авторизован
2025-06-21 23:39:57.719 | DEBUG    | utils.ngrok_manager:_restart_ngrok:119 - Запуск Ngrok: ./ngrok.exe http 8000
2025-06-21 23:40:00.941 | WARNING  | utils.ngrok_manager:_get_and_save_url:183 - Не удалось получить Ngrok URL
2025-06-21 23:40:00.941 | INFO     | utils.ngrok_manager:_restart_ngrok:135 - Следующий перезапуск Ngrok через 2 часов
2025-06-21 23:40:00.943 | DEBUG    | bot.campaign_scheduler:_schedule_checker:225 - Запуск проверки расписания кампаний
2025-06-21 23:40:00.943 | DEBUG    | bot.campaign_scheduler:_schedule_checker:231 - Проверка кампаний в UTC: 2025-06-21 20:40:00 (Локальное: 2025-06-21 23:40:00)
2025-06-21 23:40:00.943 | DEBUG    | bot.campaign_scheduler:_should_run_campaign:257 - Проверка времени запуска кампании: 5cb4e5e8-c29b-400e-bd0c-b1707ebf7b0b
2025-06-21 23:40:00.943 | DEBUG    | bot.campaign_scheduler:_should_run_campaign:257 - Проверка времени запуска кампании: 2b2bf407-f882-4bbf-a807-45d0c0ad6404
2025-06-21 23:40:00.943 | DEBUG    | bot.campaign_scheduler:_should_run_campaign:257 - Проверка времени запуска кампании: 5244d2fb-ee42-410d-b6cf-08a4d71feba8
2025-06-21 23:40:00.944 | DEBUG    | bot.campaign_scheduler:_should_run_campaign:257 - Проверка времени запуска кампании: 286e3e30-98ab-486f-8a2f-7e10d666fde4
2025-06-21 23:40:02.952 | INFO     | __main__:main:74 - ✅ Ngrok запущен: None
2025-06-21 23:40:02.953 | DEBUG    | __main__:main:77 - Отправка уведомления админу о запуске
2025-06-21 23:40:02.956 | DEBUG    | bot.telegram_bot:notify_admin_startup:151 - Отправка уведомлений о запуске 4 админам
2025-06-21 23:40:02.957 | DEBUG    | bot.telegram_bot:notify_admin_startup:160 - Отправка уведомления админу 7818565693
2025-06-21 23:40:03.627 | INFO     | bot.telegram_bot:notify_admin_startup:199 - ✅ Уведомление отправлено администратору 7818565693
2025-06-21 23:40:03.628 | DEBUG    | bot.telegram_bot:notify_admin_startup:160 - Отправка уведомления админу 72004042
2025-06-21 23:40:04.042 | INFO     | bot.telegram_bot:notify_admin_startup:199 - ✅ Уведомление отправлено администратору 72004042
2025-06-21 23:40:04.043 | DEBUG    | bot.telegram_bot:notify_admin_startup:160 - Отправка уведомления админу 6280208859
2025-06-21 23:40:04.479 | INFO     | bot.telegram_bot:notify_admin_startup:199 - ✅ Уведомление отправлено администратору 6280208859
2025-06-21 23:40:04.479 | DEBUG    | bot.telegram_bot:notify_admin_startup:160 - Отправка уведомления админу 5290482736
2025-06-21 23:40:04.913 | INFO     | bot.telegram_bot:notify_admin_startup:199 - ✅ Уведомление отправлено администратору 5290482736
2025-06-21 23:40:04.914 | INFO     | __main__:main:79 - ✅ Уведомление админу отправлено
2025-06-21 23:40:04.916 | INFO     | __main__:main:82 - 🎯 Система полностью готова к работе
2025-06-21 23:40:12.127 | DEBUG    | web.app:load_user:39 - Загрузка пользователя: 850c4c2f-51b2-410f-b9ea-35f265735b71
2025-06-21 23:40:12.127 | DEBUG    | web.utils.auth:get_user_by_id:96 - Получение пользователя по ID: 850c4c2f-51b2-410f-b9ea-35f265735b71
2025-06-21 23:40:12.128 | DEBUG    | web.utils.auth:get_user_by_id:106 - ✅ Пользователь найден: admin
2025-06-21 23:40:12.128 | DEBUG    | web.models.user:__init__:8 - Создание объекта пользователя: admin
2025-06-21 23:40:12.128 | DEBUG    | web.routes.views:calendar:97 - Просмотр календаря пользователем: admin
2025-06-21 23:40:12.379 | DEBUG    | web.app:load_user:39 - Загрузка пользователя: 850c4c2f-51b2-410f-b9ea-35f265735b71
2025-06-21 23:40:12.380 | DEBUG    | web.utils.auth:get_user_by_id:96 - Получение пользователя по ID: 850c4c2f-51b2-410f-b9ea-35f265735b71
2025-06-21 23:40:12.381 | DEBUG    | web.app:load_user:39 - Загрузка пользователя: 850c4c2f-51b2-410f-b9ea-35f265735b71
2025-06-21 23:40:12.381 | DEBUG    | web.utils.auth:get_user_by_id:96 - Получение пользователя по ID: 850c4c2f-51b2-410f-b9ea-35f265735b71
2025-06-21 23:40:12.381 | DEBUG    | web.utils.auth:get_user_by_id:106 - ✅ Пользователь найден: admin
2025-06-21 23:40:12.381 | DEBUG    | web.utils.auth:get_user_by_id:106 - ✅ Пользователь найден: admin
2025-06-21 23:40:12.381 | DEBUG    | web.models.user:__init__:8 - Создание объекта пользователя: admin
2025-06-21 23:40:12.382 | DEBUG    | web.models.user:__init__:8 - Создание объекта пользователя: admin
2025-06-21 23:40:12.382 | DEBUG    | web.routes.api:get_campaigns_statistics:633 - Получение статистики кампаний
2025-06-21 23:40:12.384 | DEBUG    | web.routes.api:get_campaigns_statistics:650 - Статистика кампаний: {'active_campaigns': 4, 'total_campaigns': 4, 'scheduled_messages': 4}
