2025-06-23 12:19:36.343 | INFO     | __main__:<module>:37 - Создание директорий завершено
2025-06-23 12:19:36.344 | DEBUG    | config:__init__:7 - Инициализация конфигурации
2025-06-23 12:19:36.348 | DEBUG    | config:__init__:11 - .env файл загружен
2025-06-23 12:19:36.349 | DEBUG    | config:__init__:15 - BOT_TOKEN загружен: ✅
2025-06-23 12:19:36.349 | DEBUG    | config:__init__:19 - ADMIN_IDS загружены: [7818565693]
2025-06-23 12:19:36.350 | DEBUG    | config:__init__:26 - Веб-сервер: 0.0.0.0:8000
2025-06-23 12:19:36.350 | DEBUG    | config:__init__:31 - Админ логин: admin
2025-06-23 12:19:36.351 | DEBUG    | config:__init__:49 - Конфигурация Ngrok: Enabled=True, Path=./ngrok.exe
2025-06-23 12:19:36.351 | DEBUG    | config:__init__:51 - Пути к файлам данных:
2025-06-23 12:19:36.351 | DEBUG    | config:__init__:52 -   - CAMPAIGNS_FILE: data\campaigns.json
2025-06-23 12:19:36.352 | DEBUG    | config:__init__:53 -   - CHATS_FILE: data\chats.json
2025-06-23 12:19:36.352 | DEBUG    | config:__init__:54 -   - USERS_FILE: data\users.json
2025-06-23 12:19:36.352 | DEBUG    | config:_ensure_data_files_exist:62 - Проверка существования файлов данных
2025-06-23 12:19:36.354 | DEBUG    | config:_ensure_data_files_exist:66 - Директории созданы: data, uploads
2025-06-23 12:19:36.355 | DEBUG    | config:_ensure_data_files_exist:81 - Файл уже существует: data\campaigns.json
2025-06-23 12:19:36.355 | DEBUG    | config:_ensure_data_files_exist:81 - Файл уже существует: data\chats.json
2025-06-23 12:19:36.356 | DEBUG    | config:_ensure_data_files_exist:81 - Файл уже существует: data\users.json
2025-06-23 12:19:36.356 | INFO     | config:_ensure_data_files_exist:83 - Все файлы данных проверены/созданы
2025-06-23 12:19:36.357 | INFO     | config:__init__:58 - Конфигурация успешно инициализирована
2025-06-23 12:19:36.357 | INFO     | __main__:<module>:41 - Конфигурация загружена
2025-06-23 12:19:36.357 | INFO     | __main__:<module>:125 - 🌟 Запуск приложения TG AutoPosting
2025-06-23 12:19:36.359 | INFO     | __main__:main:44 - 🚀 Запуск системы автопостинга
2025-06-23 12:19:36.360 | DEBUG    | __main__:main:48 - Инициализация Telegram бота
2025-06-23 12:19:36.360 | DEBUG    | bot.telegram_bot:__init__:25 - Инициализация TelegramBot
2025-06-23 12:19:36.377 | DEBUG    | bot.telegram_bot:_register_handlers:45 - Регистрация обработчиков сообщений
2025-06-23 12:19:36.378 | INFO     | bot.telegram_bot:_register_handlers:108 - Обработчики сообщений зарегистрированы
2025-06-23 12:19:36.379 | INFO     | bot.telegram_bot:__init__:41 - TelegramBot инициализирован
2025-06-23 12:19:36.379 | DEBUG    | bot.telegram_bot:setup:112 - Настройка бота
2025-06-23 12:19:36.613 | INFO     | bot.telegram_bot:setup:117 - Инициализация бота @autotesttesttestbot (ID: 7213801546)
2025-06-23 12:19:36.613 | DEBUG    | bot.telegram_bot:_start_polling:128 - Запуск polling для получения обновлений
2025-06-23 12:19:36.614 | INFO     | bot.telegram_bot:_start_polling:134 - Polling запущен
2025-06-23 12:19:36.614 | INFO     | bot.telegram_bot:setup:121 - Бот настроен и запущен
2025-06-23 12:19:36.616 | INFO     | __main__:main:51 - ✅ Telegram бот инициализирован
2025-06-23 12:19:36.616 | DEBUG    | __main__:main:54 - Инициализация планировщика кампаний
2025-06-23 12:19:36.617 | DEBUG    | bot.campaign_scheduler:__init__:14 - Инициализация CampaignScheduler
2025-06-23 12:19:36.617 | INFO     | bot.campaign_scheduler:__init__:21 - CampaignScheduler инициализирован
2025-06-23 12:19:36.617 | DEBUG    | bot.campaign_scheduler:start:25 - Запуск планировщика кампаний
2025-06-23 12:19:36.618 | DEBUG    | bot.campaign_scheduler:load_campaigns:50 - Загрузка кампаний из файла: data\campaigns.json
2025-06-23 12:19:36.618 | INFO     | bot.campaign_scheduler:load_campaigns:83 - ✅ Успешно загружено 0 кампаний из JSON
2025-06-23 12:19:36.619 | INFO     | bot.campaign_scheduler:start:35 - ✅ Планировщик кампаний запущен
2025-06-23 12:19:36.620 | INFO     | __main__:main:57 - ✅ Планировщик кампаний запущен
2025-06-23 12:19:36.620 | DEBUG    | __main__:main:60 - Запуск веб-сервера
2025-06-23 12:19:36.621 | DEBUG    | web.app:create_app:16 - Создание Flask приложения
2025-06-23 12:19:36.622 | DEBUG    | web.app:create_app:28 - Flask config: SECRET_KEY=***
2025-06-23 12:19:36.623 | DEBUG    | web.app:create_app:29 - Upload folder: uploads
2025-06-23 12:19:36.623 | DEBUG    | web.utils.auth:__init__:13 - Инициализация AuthManager
2025-06-23 12:19:36.624 | DEBUG    | web.utils.auth:_ensure_admin_user:21 - Проверка наличия администратора в системе
2025-06-23 12:19:36.625 | DEBUG    | web.utils.auth:_ensure_admin_user:37 - Найден администратор: admin
2025-06-23 12:19:36.625 | DEBUG    | web.utils.auth:_ensure_admin_user:58 - Администратор уже существует
2025-06-23 12:19:36.625 | INFO     | web.utils.auth:__init__:17 - AuthManager инициализирован
2025-06-23 12:19:36.637 | DEBUG    | web.app:create_app:45 - Blueprints зарегистрированы
2025-06-23 12:19:36.638 | INFO     | web.app:run_server:71 - 🌐 Запуск веб-сервера на 0.0.0.0:8000
2025-06-23 12:19:36.638 | INFO     | web.app:create_app:75 - ✅ Веб-сервер запущен в отдельном потоке
2025-06-23 12:19:36.639 | INFO     | __main__:main:62 - ✅ Веб-сервер запущен
2025-06-23 12:19:36.639 | DEBUG    | __main__:main:68 - Инициализация Ngrok менеджера
2025-06-23 12:19:36.643 | INFO     | utils.ngrok_manager:start:32 - Запуск Ngrok менеджера
2025-06-23 12:19:36.644 | INFO     | utils.ngrok_manager:_restart_ngrok:75 - Перезапуск Ngrok
2025-06-23 12:19:36.645 | DEBUG    | utils.ngrok_manager:_restart_ngrok:94 - Проверка авторизации Ngrok
2025-06-23 12:19:37.545 | DEBUG    | utils.ngrok_manager:_restart_ngrok:103 - Ngrok не авторизован, выполняем авторизацию
2025-06-23 12:19:37.596 | INFO     | utils.ngrok_manager:_restart_ngrok:110 - Ngrok успешно авторизован
2025-06-23 12:19:37.597 | DEBUG    | utils.ngrok_manager:_restart_ngrok:119 - Запуск Ngrok: ./ngrok.exe http 8000
2025-06-23 12:19:42.887 | ERROR    | utils.ngrok_manager:_get_and_save_url:163 - Ошибка при получении Ngrok URL через локальный API: Command '['curl', '-s', 'http://localhost:4040/api/tunnels']' returned non-zero exit status 7.
2025-06-23 12:19:43.843 | WARNING  | utils.ngrok_manager:_get_and_save_url:183 - Не удалось получить Ngrok URL
2025-06-23 12:19:43.843 | INFO     | utils.ngrok_manager:_restart_ngrok:135 - Следующий перезапуск Ngrok через 2 часов
2025-06-23 12:19:43.844 | DEBUG    | bot.campaign_scheduler:_schedule_checker:225 - Запуск проверки расписания кампаний
2025-06-23 12:19:43.845 | DEBUG    | bot.campaign_scheduler:_schedule_checker:231 - Проверка кампаний в UTC: 2025-06-23 09:19:43 (Локальное: 2025-06-23 12:19:43)
2025-06-23 12:19:44.004 | DEBUG    | bot.telegram_bot:echo_message:89 - Получено сообщение от пользователя 7790871025: Есть пoдрaботкa, зa 4 чaса 9.000р,Пиши в лс
2025-06-23 12:19:44.005 | DEBUG    | bot.telegram_bot:echo_message:90 - Тип чата: supergroup
2025-06-23 12:19:44.005 | DEBUG    | bot.telegram_bot:echo_message:104 - Бот добавлен в группу/канал -1001792970894, никаких действий не требуется
2025-06-23 12:19:44.006 | DEBUG    | bot.telegram_bot:echo_message:89 - Получено сообщение от пользователя 7790871025: Хaлтyρκа 7 тысяч за пaрy часиков + в лc
2025-06-23 12:19:44.006 | DEBUG    | bot.telegram_bot:echo_message:90 - Тип чата: supergroup
2025-06-23 12:19:44.007 | DEBUG    | bot.telegram_bot:echo_message:104 - Бот добавлен в группу/канал -1001792970894, никаких действий не требуется
2025-06-23 12:19:44.007 | DEBUG    | bot.telegram_bot:echo_message:89 - Получено сообщение от пользователя 7669600035: 💰 ПЕРВЫЙ КАЗИНО БОТ В ТЕЛЕГРАМЕ 👉 @ZP77777777
2025-06-23 12:19:44.008 | DEBUG    | bot.telegram_bot:echo_message:90 - Тип чата: supergroup
2025-06-23 12:19:44.008 | DEBUG    | bot.telegram_bot:echo_message:104 - Бот добавлен в группу/канал -1001792970894, никаких действий не требуется
2025-06-23 12:19:44.009 | DEBUG    | bot.telegram_bot:echo_message:89 - Получено сообщение от пользователя 7137192424: Отбор мужчин на строительные работы, в месяц около 220тыс
2025-06-23 12:19:44.009 | DEBUG    | bot.telegram_bot:echo_message:90 - Тип чата: supergroup
2025-06-23 12:19:44.010 | DEBUG    | bot.telegram_bot:echo_message:104 - Бот добавлен в группу/канал -1001792970894, никаких действий не требуется
2025-06-23 12:19:44.010 | DEBUG    | bot.telegram_bot:echo_message:89 - Получено сообщение от пользователя 7790871025: Нyжны людu нa yбopкy мycopa, onлaтa зa cмeнy oт 5.300рyблeй, Пuшuтe в лc
2025-06-23 12:19:44.011 | DEBUG    | bot.telegram_bot:echo_message:90 - Тип чата: supergroup
2025-06-23 12:19:44.011 | DEBUG    | bot.telegram_bot:echo_message:104 - Бот добавлен в группу/канал -1001792970894, никаких действий не требуется
2025-06-23 12:19:44.012 | DEBUG    | bot.telegram_bot:echo_message:89 - Получено сообщение от пользователя 7137192424: Отбор мужчин на строительные работы, в месяц около 220тыс
2025-06-23 12:19:44.013 | DEBUG    | bot.telegram_bot:echo_message:90 - Тип чата: supergroup
2025-06-23 12:19:44.013 | DEBUG    | bot.telegram_bot:echo_message:104 - Бот добавлен в группу/канал -1001792970894, никаких действий не требуется
2025-06-23 12:19:44.014 | DEBUG    | bot.telegram_bot:echo_message:89 - Получено сообщение от пользователя 7876770794: Ищу пару человек на дистанционный формат, пиши плюс в личку.
2025-06-23 12:19:44.014 | DEBUG    | bot.telegram_bot:echo_message:90 - Тип чата: supergroup
2025-06-23 12:19:44.015 | DEBUG    | bot.telegram_bot:echo_message:104 - Бот добавлен в группу/канал -1001792970894, никаких действий не требуется
2025-06-23 12:19:44.016 | DEBUG    | bot.telegram_bot:echo_message:89 - Получено сообщение от пользователя 7137192424: Отбор мужчин на строительные работы, в месяц около 220тыс
2025-06-23 12:19:44.017 | DEBUG    | bot.telegram_bot:echo_message:90 - Тип чата: supergroup
2025-06-23 12:19:44.017 | DEBUG    | bot.telegram_bot:echo_message:104 - Бот добавлен в группу/канал -1001792970894, никаких действий не требуется
2025-06-23 12:19:44.018 | DEBUG    | bot.telegram_bot:echo_message:89 - Получено сообщение от пользователя 7666657324: На завтра на пару часов, нужны 2 помощника. Вознаграждение  по 5 000  Жду отклик
2025-06-23 12:19:44.018 | DEBUG    | bot.telegram_bot:echo_message:90 - Тип чата: supergroup
2025-06-23 12:19:44.019 | DEBUG    | bot.telegram_bot:echo_message:104 - Бот добавлен в группу/канал -1001792970894, никаких действий не требуется
2025-06-23 12:19:44.019 | DEBUG    | bot.telegram_bot:echo_message:89 - Получено сообщение от пользователя 7765842042: Нужны рабочие на уборку территории
Вынос строймусора, расчистка площадки. 5000 рублей в день. Работа в удобное время. Водителям — отдельные условия.
2025-06-23 12:19:44.020 | DEBUG    | bot.telegram_bot:echo_message:90 - Тип чата: supergroup
2025-06-23 12:19:44.021 | DEBUG    | bot.telegram_bot:echo_message:104 - Бот добавлен в группу/канал -1001792970894, никаких действий не требуется
2025-06-23 12:19:44.022 | DEBUG    | bot.telegram_bot:echo_message:89 - Получено сообщение от пользователя 1351302324: Хороший заработок от 35 000 р. в неделю. Ищу 3-4 человека. Детали в ЛС.
2025-06-23 12:19:44.022 | DEBUG    | bot.telegram_bot:echo_message:90 - Тип чата: supergroup
2025-06-23 12:19:44.022 | DEBUG    | bot.telegram_bot:echo_message:104 - Бот добавлен в группу/канал -1001792970894, никаких действий не требуется
2025-06-23 12:19:45.838 | INFO     | __main__:main:74 - ✅ Ngrok запущен: None
2025-06-23 12:19:45.838 | DEBUG    | __main__:main:77 - Отправка уведомления админу о запуске
2025-06-23 12:19:45.839 | DEBUG    | bot.telegram_bot:notify_admin_startup:151 - Отправка уведомлений о запуске 1 админам
2025-06-23 12:19:45.839 | DEBUG    | bot.telegram_bot:notify_admin_startup:160 - Отправка уведомления админу 7818565693
2025-06-23 12:19:46.333 | INFO     | bot.telegram_bot:notify_admin_startup:199 - ✅ Уведомление отправлено администратору 7818565693
2025-06-23 12:19:46.334 | INFO     | __main__:main:79 - ✅ Уведомление админу отправлено
2025-06-23 12:19:46.334 | INFO     | __main__:main:82 - 🎯 Система полностью готова к работе
2025-06-23 12:20:43.838 | DEBUG    | bot.campaign_scheduler:_schedule_checker:231 - Проверка кампаний в UTC: 2025-06-23 09:20:43 (Локальное: 2025-06-23 12:20:43)
2025-06-23 12:20:46.346 | DEBUG    | __main__:main:85 - Heartbeat - система работает
2025-06-23 12:20:53.305 | DEBUG    | bot.telegram_bot:echo_message:89 - Получено сообщение от пользователя 7238518008: Нужны рабочие для покраски фасадов. Оплата — 3500 рублей. Пишите в ЛС.
2025-06-23 12:20:53.306 | DEBUG    | bot.telegram_bot:echo_message:90 - Тип чата: supergroup
2025-06-23 12:20:53.306 | DEBUG    | bot.telegram_bot:echo_message:104 - Бот добавлен в группу/канал -1001792970894, никаких действий не требуется
2025-06-23 12:21:00.822 | DEBUG    | web.routes.views:index:12 - Переход на главную страницу. Аутентифицирован: False
2025-06-23 12:21:00.849 | DEBUG    | web.routes.views:login:21 - Страница логина. Метод: GET, Аутентифицирован: False
2025-06-23 12:21:02.648 | WARNING  | web.app:page_not_found:56 - 404 ошибка: http://127.0.0.1:8000/favicon.ico
2025-06-23 12:21:08.678 | DEBUG    | web.routes.views:index:12 - Переход на главную страницу. Аутентифицирован: False
2025-06-23 12:21:08.697 | DEBUG    | web.routes.views:login:21 - Страница логина. Метод: GET, Аутентифицирован: False
2025-06-23 12:21:10.048 | WARNING  | web.app:page_not_found:56 - 404 ошибка: http://192.168.0.194:8000/favicon.ico
2025-06-23 12:21:38.035 | DEBUG    | web.routes.views:login:21 - Страница логина. Метод: POST, Аутентифицирован: False
2025-06-23 12:21:38.035 | DEBUG    | web.routes.views:login:31 - Попытка входа пользователя: admin
2025-06-23 12:21:38.036 | DEBUG    | web.utils.auth:authenticate:65 - Попытка аутентификации пользователя: admin
2025-06-23 12:21:38.152 | INFO     | web.utils.auth:authenticate:76 - ✅ Успешная аутентификация пользователя: admin
2025-06-23 12:21:38.153 | DEBUG    | web.models.user:__init__:8 - Создание объекта пользователя: admin
2025-06-23 12:21:38.154 | INFO     | web.routes.views:login:39 - Успешный вход пользователя: admin
2025-06-23 12:21:38.167 | DEBUG    | web.app:load_user:39 - Загрузка пользователя: 850c4c2f-51b2-410f-b9ea-35f265735b71
2025-06-23 12:21:38.168 | DEBUG    | web.utils.auth:get_user_by_id:96 - Получение пользователя по ID: 850c4c2f-51b2-410f-b9ea-35f265735b71
2025-06-23 12:21:38.169 | DEBUG    | web.utils.auth:get_user_by_id:106 - ✅ Пользователь найден: admin
2025-06-23 12:21:38.169 | DEBUG    | web.models.user:__init__:8 - Создание объекта пользователя: admin
2025-06-23 12:21:38.169 | DEBUG    | web.routes.views:dashboard:62 - Переход на дашборд пользователя: admin
2025-06-23 12:21:38.724 | DEBUG    | web.app:load_user:39 - Загрузка пользователя: 850c4c2f-51b2-410f-b9ea-35f265735b71
2025-06-23 12:21:38.724 | DEBUG    | web.app:load_user:39 - Загрузка пользователя: 850c4c2f-51b2-410f-b9ea-35f265735b71
2025-06-23 12:21:38.725 | DEBUG    | web.utils.auth:get_user_by_id:96 - Получение пользователя по ID: 850c4c2f-51b2-410f-b9ea-35f265735b71
2025-06-23 12:21:38.725 | DEBUG    | web.utils.auth:get_user_by_id:96 - Получение пользователя по ID: 850c4c2f-51b2-410f-b9ea-35f265735b71
2025-06-23 12:21:38.726 | DEBUG    | web.utils.auth:get_user_by_id:106 - ✅ Пользователь найден: admin
2025-06-23 12:21:38.726 | DEBUG    | web.models.user:__init__:8 - Создание объекта пользователя: admin
2025-06-23 12:21:38.726 | DEBUG    | web.utils.auth:get_user_by_id:106 - ✅ Пользователь найден: admin
2025-06-23 12:21:38.727 | DEBUG    | web.routes.api:get_campaigns_statistics:633 - Получение статистики кампаний
2025-06-23 12:21:38.727 | DEBUG    | web.models.user:__init__:8 - Создание объекта пользователя: admin
2025-06-23 12:21:38.727 | DEBUG    | web.routes.api:get_campaigns_statistics:650 - Статистика кампаний: {'active_campaigns': 0, 'total_campaigns': 0, 'scheduled_messages': 0}
2025-06-23 12:21:38.727 | DEBUG    | web.routes.api:get_chats_statistics:661 - Получение статистики чатов
2025-06-23 12:21:38.729 | DEBUG    | web.routes.api:get_chats_statistics:681 - Статистика чатов: {'regular_groups': 1, 'forum_groups': 1, 'supergroups': 2, 'total_chats': 3}
2025-06-23 12:21:43.840 | DEBUG    | bot.campaign_scheduler:_schedule_checker:231 - Проверка кампаний в UTC: 2025-06-23 09:21:43 (Локальное: 2025-06-23 12:21:43)
2025-06-23 12:21:46.372 | DEBUG    | __main__:main:85 - Heartbeat - система работает
2025-06-23 12:21:52.273 | DEBUG    | web.app:load_user:39 - Загрузка пользователя: 850c4c2f-51b2-410f-b9ea-35f265735b71
2025-06-23 12:21:52.274 | DEBUG    | web.utils.auth:get_user_by_id:96 - Получение пользователя по ID: 850c4c2f-51b2-410f-b9ea-35f265735b71
2025-06-23 12:21:52.275 | DEBUG    | web.utils.auth:get_user_by_id:106 - ✅ Пользователь найден: admin
2025-06-23 12:21:52.275 | DEBUG    | web.models.user:__init__:8 - Создание объекта пользователя: admin
2025-06-23 12:21:52.276 | DEBUG    | web.routes.views:dashboard:62 - Переход на дашборд пользователя: admin
2025-06-23 12:21:52.512 | DEBUG    | web.app:load_user:39 - Загрузка пользователя: 850c4c2f-51b2-410f-b9ea-35f265735b71
2025-06-23 12:21:52.513 | DEBUG    | web.utils.auth:get_user_by_id:96 - Получение пользователя по ID: 850c4c2f-51b2-410f-b9ea-35f265735b71
2025-06-23 12:21:52.514 | DEBUG    | web.app:load_user:39 - Загрузка пользователя: 850c4c2f-51b2-410f-b9ea-35f265735b71
2025-06-23 12:21:52.515 | DEBUG    | web.utils.auth:get_user_by_id:96 - Получение пользователя по ID: 850c4c2f-51b2-410f-b9ea-35f265735b71
2025-06-23 12:21:52.515 | DEBUG    | web.utils.auth:get_user_by_id:106 - ✅ Пользователь найден: admin
2025-06-23 12:21:52.516 | DEBUG    | web.models.user:__init__:8 - Создание объекта пользователя: admin
2025-06-23 12:21:52.516 | DEBUG    | web.utils.auth:get_user_by_id:106 - ✅ Пользователь найден: admin
2025-06-23 12:21:52.517 | DEBUG    | web.routes.api:get_campaigns_statistics:633 - Получение статистики кампаний
2025-06-23 12:21:52.517 | DEBUG    | web.models.user:__init__:8 - Создание объекта пользователя: admin
2025-06-23 12:21:52.517 | DEBUG    | web.routes.api:get_campaigns_statistics:650 - Статистика кампаний: {'active_campaigns': 0, 'total_campaigns': 0, 'scheduled_messages': 0}
2025-06-23 12:21:52.518 | DEBUG    | web.routes.api:get_chats_statistics:661 - Получение статистики чатов
2025-06-23 12:21:52.519 | DEBUG    | web.routes.api:get_chats_statistics:681 - Статистика чатов: {'regular_groups': 1, 'forum_groups': 1, 'supergroups': 2, 'total_chats': 3}
2025-06-23 12:21:54.032 | DEBUG    | web.app:load_user:39 - Загрузка пользователя: 850c4c2f-51b2-410f-b9ea-35f265735b71
2025-06-23 12:21:54.033 | DEBUG    | web.utils.auth:get_user_by_id:96 - Получение пользователя по ID: 850c4c2f-51b2-410f-b9ea-35f265735b71
2025-06-23 12:21:54.033 | DEBUG    | web.utils.auth:get_user_by_id:106 - ✅ Пользователь найден: admin
2025-06-23 12:21:54.034 | DEBUG    | web.models.user:__init__:8 - Создание объекта пользователя: admin
2025-06-23 12:21:54.034 | DEBUG    | web.routes.views:campaigns:69 - Просмотр кампаний пользователем: admin
2025-06-23 12:21:54.379 | DEBUG    | web.app:load_user:39 - Загрузка пользователя: 850c4c2f-51b2-410f-b9ea-35f265735b71
2025-06-23 12:21:54.380 | DEBUG    | web.utils.auth:get_user_by_id:96 - Получение пользователя по ID: 850c4c2f-51b2-410f-b9ea-35f265735b71
2025-06-23 12:21:54.381 | DEBUG    | web.utils.auth:get_user_by_id:106 - ✅ Пользователь найден: admin
2025-06-23 12:21:54.381 | DEBUG    | web.models.user:__init__:8 - Создание объекта пользователя: admin
2025-06-23 12:21:54.382 | DEBUG    | web.routes.api:get_campaigns:200 - 🔄 Получение списка кампаний...
2025-06-23 12:21:54.382 | INFO     | web.routes.api:get_campaigns:215 - ✅ Успешно получено 0 кампаний
2025-06-23 12:21:57.352 | DEBUG    | web.app:load_user:39 - Загрузка пользователя: 850c4c2f-51b2-410f-b9ea-35f265735b71
2025-06-23 12:21:57.353 | DEBUG    | web.utils.auth:get_user_by_id:96 - Получение пользователя по ID: 850c4c2f-51b2-410f-b9ea-35f265735b71
2025-06-23 12:21:57.354 | DEBUG    | web.utils.auth:get_user_by_id:106 - ✅ Пользователь найден: admin
2025-06-23 12:21:57.354 | DEBUG    | web.models.user:__init__:8 - Создание объекта пользователя: admin
2025-06-23 12:21:57.355 | DEBUG    | web.routes.views:calendar:97 - Просмотр календаря пользователем: admin
2025-06-23 12:21:57.631 | DEBUG    | web.app:load_user:39 - Загрузка пользователя: 850c4c2f-51b2-410f-b9ea-35f265735b71
2025-06-23 12:21:57.632 | DEBUG    | web.app:load_user:39 - Загрузка пользователя: 850c4c2f-51b2-410f-b9ea-35f265735b71
2025-06-23 12:21:57.632 | DEBUG    | web.utils.auth:get_user_by_id:96 - Получение пользователя по ID: 850c4c2f-51b2-410f-b9ea-35f265735b71
2025-06-23 12:21:57.632 | DEBUG    | web.utils.auth:get_user_by_id:96 - Получение пользователя по ID: 850c4c2f-51b2-410f-b9ea-35f265735b71
2025-06-23 12:21:57.633 | DEBUG    | web.utils.auth:get_user_by_id:106 - ✅ Пользователь найден: admin
2025-06-23 12:21:57.633 | DEBUG    | web.utils.auth:get_user_by_id:106 - ✅ Пользователь найден: admin
2025-06-23 12:21:57.634 | DEBUG    | web.models.user:__init__:8 - Создание объекта пользователя: admin
2025-06-23 12:21:57.634 | DEBUG    | web.models.user:__init__:8 - Создание объекта пользователя: admin
2025-06-23 12:21:57.634 | DEBUG    | web.routes.api:get_campaigns_statistics:633 - Получение статистики кампаний
2025-06-23 12:21:57.635 | DEBUG    | web.routes.api:get_campaigns_statistics:650 - Статистика кампаний: {'active_campaigns': 0, 'total_campaigns': 0, 'scheduled_messages': 0}
2025-06-23 12:22:01.146 | DEBUG    | web.app:load_user:39 - Загрузка пользователя: 850c4c2f-51b2-410f-b9ea-35f265735b71
2025-06-23 12:22:01.146 | DEBUG    | web.utils.auth:get_user_by_id:96 - Получение пользователя по ID: 850c4c2f-51b2-410f-b9ea-35f265735b71
2025-06-23 12:22:01.147 | DEBUG    | web.utils.auth:get_user_by_id:106 - ✅ Пользователь найден: admin
2025-06-23 12:22:01.147 | DEBUG    | web.models.user:__init__:8 - Создание объекта пользователя: admin
2025-06-23 12:22:01.148 | DEBUG    | web.routes.views:chats:90 - Управление чатами пользователем: admin
2025-06-23 12:22:01.426 | DEBUG    | web.app:load_user:39 - Загрузка пользователя: 850c4c2f-51b2-410f-b9ea-35f265735b71
2025-06-23 12:22:01.426 | DEBUG    | web.utils.auth:get_user_by_id:96 - Получение пользователя по ID: 850c4c2f-51b2-410f-b9ea-35f265735b71
2025-06-23 12:22:01.427 | DEBUG    | web.utils.auth:get_user_by_id:106 - ✅ Пользователь найден: admin
2025-06-23 12:22:01.428 | DEBUG    | web.models.user:__init__:8 - Создание объекта пользователя: admin
2025-06-23 12:22:12.340 | DEBUG    | web.app:load_user:39 - Загрузка пользователя: 850c4c2f-51b2-410f-b9ea-35f265735b71
2025-06-23 12:22:12.341 | DEBUG    | web.utils.auth:get_user_by_id:96 - Получение пользователя по ID: 850c4c2f-51b2-410f-b9ea-35f265735b71
2025-06-23 12:22:12.342 | DEBUG    | web.utils.auth:get_user_by_id:106 - ✅ Пользователь найден: admin
2025-06-23 12:22:12.342 | DEBUG    | web.models.user:__init__:8 - Создание объекта пользователя: admin
2025-06-23 12:22:12.343 | DEBUG    | web.routes.views:dashboard:62 - Переход на дашборд пользователя: admin
2025-06-23 12:22:12.705 | DEBUG    | web.app:load_user:39 - Загрузка пользователя: 850c4c2f-51b2-410f-b9ea-35f265735b71
2025-06-23 12:22:12.706 | DEBUG    | web.utils.auth:get_user_by_id:96 - Получение пользователя по ID: 850c4c2f-51b2-410f-b9ea-35f265735b71
2025-06-23 12:22:12.707 | DEBUG    | web.app:load_user:39 - Загрузка пользователя: 850c4c2f-51b2-410f-b9ea-35f265735b71
2025-06-23 12:22:12.708 | DEBUG    | web.utils.auth:get_user_by_id:106 - ✅ Пользователь найден: admin
2025-06-23 12:22:12.708 | DEBUG    | web.utils.auth:get_user_by_id:96 - Получение пользователя по ID: 850c4c2f-51b2-410f-b9ea-35f265735b71
2025-06-23 12:22:12.708 | DEBUG    | web.models.user:__init__:8 - Создание объекта пользователя: admin
2025-06-23 12:22:12.709 | DEBUG    | web.routes.api:get_campaigns_statistics:633 - Получение статистики кампаний
2025-06-23 12:22:12.709 | DEBUG    | web.utils.auth:get_user_by_id:106 - ✅ Пользователь найден: admin
2025-06-23 12:22:12.710 | DEBUG    | web.routes.api:get_campaigns_statistics:650 - Статистика кампаний: {'active_campaigns': 0, 'total_campaigns': 0, 'scheduled_messages': 0}
2025-06-23 12:22:12.710 | DEBUG    | web.models.user:__init__:8 - Создание объекта пользователя: admin
2025-06-23 12:22:12.711 | DEBUG    | web.routes.api:get_chats_statistics:661 - Получение статистики чатов
2025-06-23 12:22:12.713 | DEBUG    | web.routes.api:get_chats_statistics:681 - Статистика чатов: {'regular_groups': 1, 'forum_groups': 1, 'supergroups': 2, 'total_chats': 3}
2025-06-23 12:22:43.838 | DEBUG    | bot.campaign_scheduler:_schedule_checker:231 - Проверка кампаний в UTC: 2025-06-23 09:22:43 (Локальное: 2025-06-23 12:22:43)
2025-06-23 12:22:46.368 | DEBUG    | __main__:main:85 - Heartbeat - система работает
2025-06-23 12:22:53.675 | DEBUG    | web.app:load_user:39 - Загрузка пользователя: 850c4c2f-51b2-410f-b9ea-35f265735b71
2025-06-23 12:22:53.676 | DEBUG    | web.utils.auth:get_user_by_id:96 - Получение пользователя по ID: 850c4c2f-51b2-410f-b9ea-35f265735b71
2025-06-23 12:22:53.676 | DEBUG    | web.utils.auth:get_user_by_id:106 - ✅ Пользователь найден: admin
2025-06-23 12:22:53.677 | DEBUG    | web.models.user:__init__:8 - Создание объекта пользователя: admin
2025-06-23 12:22:53.677 | DEBUG    | web.routes.views:campaigns:69 - Просмотр кампаний пользователем: admin
2025-06-23 12:22:54.179 | DEBUG    | web.app:load_user:39 - Загрузка пользователя: 850c4c2f-51b2-410f-b9ea-35f265735b71
2025-06-23 12:22:54.181 | DEBUG    | web.utils.auth:get_user_by_id:96 - Получение пользователя по ID: 850c4c2f-51b2-410f-b9ea-35f265735b71
2025-06-23 12:22:54.182 | DEBUG    | web.utils.auth:get_user_by_id:106 - ✅ Пользователь найден: admin
2025-06-23 12:22:54.183 | DEBUG    | web.models.user:__init__:8 - Создание объекта пользователя: admin
2025-06-23 12:22:54.184 | DEBUG    | web.routes.api:get_campaigns:200 - 🔄 Получение списка кампаний...
2025-06-23 12:22:54.185 | INFO     | web.routes.api:get_campaigns:215 - ✅ Успешно получено 0 кампаний
2025-06-23 12:22:54.985 | DEBUG    | web.app:load_user:39 - Загрузка пользователя: 850c4c2f-51b2-410f-b9ea-35f265735b71
2025-06-23 12:22:54.986 | DEBUG    | web.utils.auth:get_user_by_id:96 - Получение пользователя по ID: 850c4c2f-51b2-410f-b9ea-35f265735b71
2025-06-23 12:22:54.987 | DEBUG    | web.utils.auth:get_user_by_id:106 - ✅ Пользователь найден: admin
2025-06-23 12:22:54.987 | DEBUG    | web.models.user:__init__:8 - Создание объекта пользователя: admin
2025-06-23 12:22:54.988 | DEBUG    | web.routes.views:chats:90 - Управление чатами пользователем: admin
2025-06-23 12:22:55.404 | DEBUG    | web.app:load_user:39 - Загрузка пользователя: 850c4c2f-51b2-410f-b9ea-35f265735b71
2025-06-23 12:22:55.405 | DEBUG    | web.utils.auth:get_user_by_id:96 - Получение пользователя по ID: 850c4c2f-51b2-410f-b9ea-35f265735b71
2025-06-23 12:22:55.406 | DEBUG    | web.utils.auth:get_user_by_id:106 - ✅ Пользователь найден: admin
2025-06-23 12:22:55.406 | DEBUG    | web.models.user:__init__:8 - Создание объекта пользователя: admin
2025-06-23 12:22:59.585 | DEBUG    | web.app:load_user:39 - Загрузка пользователя: 850c4c2f-51b2-410f-b9ea-35f265735b71
2025-06-23 12:22:59.586 | DEBUG    | web.utils.auth:get_user_by_id:96 - Получение пользователя по ID: 850c4c2f-51b2-410f-b9ea-35f265735b71
2025-06-23 12:22:59.587 | DEBUG    | web.utils.auth:get_user_by_id:106 - ✅ Пользователь найден: admin
2025-06-23 12:22:59.587 | DEBUG    | web.models.user:__init__:8 - Создание объекта пользователя: admin
2025-06-23 12:23:10.007 | DEBUG    | web.app:load_user:39 - Загрузка пользователя: 850c4c2f-51b2-410f-b9ea-35f265735b71
2025-06-23 12:23:10.008 | DEBUG    | web.utils.auth:get_user_by_id:96 - Получение пользователя по ID: 850c4c2f-51b2-410f-b9ea-35f265735b71
2025-06-23 12:23:10.009 | DEBUG    | web.utils.auth:get_user_by_id:106 - ✅ Пользователь найден: admin
2025-06-23 12:23:10.009 | DEBUG    | web.models.user:__init__:8 - Создание объекта пользователя: admin
2025-06-23 12:23:10.010 | DEBUG    | web.routes.views:calendar:97 - Просмотр календаря пользователем: admin
2025-06-23 12:23:10.446 | DEBUG    | web.app:load_user:39 - Загрузка пользователя: 850c4c2f-51b2-410f-b9ea-35f265735b71
2025-06-23 12:23:10.446 | DEBUG    | web.utils.auth:get_user_by_id:96 - Получение пользователя по ID: 850c4c2f-51b2-410f-b9ea-35f265735b71
2025-06-23 12:23:10.447 | DEBUG    | web.app:load_user:39 - Загрузка пользователя: 850c4c2f-51b2-410f-b9ea-35f265735b71
2025-06-23 12:23:10.448 | DEBUG    | web.utils.auth:get_user_by_id:106 - ✅ Пользователь найден: admin
2025-06-23 12:23:10.448 | DEBUG    | web.utils.auth:get_user_by_id:96 - Получение пользователя по ID: 850c4c2f-51b2-410f-b9ea-35f265735b71
2025-06-23 12:23:10.448 | DEBUG    | web.models.user:__init__:8 - Создание объекта пользователя: admin
2025-06-23 12:23:10.449 | DEBUG    | web.utils.auth:get_user_by_id:106 - ✅ Пользователь найден: admin
2025-06-23 12:23:10.450 | DEBUG    | web.routes.api:get_campaigns_statistics:633 - Получение статистики кампаний
2025-06-23 12:23:10.453 | DEBUG    | web.models.user:__init__:8 - Создание объекта пользователя: admin
2025-06-23 12:23:10.454 | DEBUG    | web.routes.api:get_campaigns_statistics:650 - Статистика кампаний: {'active_campaigns': 0, 'total_campaigns': 0, 'scheduled_messages': 0}
2025-06-23 12:23:12.212 | DEBUG    | web.app:load_user:39 - Загрузка пользователя: 850c4c2f-51b2-410f-b9ea-35f265735b71
2025-06-23 12:23:12.213 | DEBUG    | web.utils.auth:get_user_by_id:96 - Получение пользователя по ID: 850c4c2f-51b2-410f-b9ea-35f265735b71
2025-06-23 12:23:12.213 | DEBUG    | web.utils.auth:get_user_by_id:106 - ✅ Пользователь найден: admin
2025-06-23 12:23:12.214 | DEBUG    | web.models.user:__init__:8 - Создание объекта пользователя: admin
2025-06-23 12:23:12.214 | DEBUG    | web.routes.views:dashboard:62 - Переход на дашборд пользователя: admin
2025-06-23 12:23:12.797 | DEBUG    | web.app:load_user:39 - Загрузка пользователя: 850c4c2f-51b2-410f-b9ea-35f265735b71
2025-06-23 12:23:12.797 | DEBUG    | web.utils.auth:get_user_by_id:96 - Получение пользователя по ID: 850c4c2f-51b2-410f-b9ea-35f265735b71
2025-06-23 12:23:12.799 | DEBUG    | web.app:load_user:39 - Загрузка пользователя: 850c4c2f-51b2-410f-b9ea-35f265735b71
2025-06-23 12:23:12.799 | DEBUG    | web.utils.auth:get_user_by_id:96 - Получение пользователя по ID: 850c4c2f-51b2-410f-b9ea-35f265735b71
2025-06-23 12:23:12.800 | DEBUG    | web.utils.auth:get_user_by_id:106 - ✅ Пользователь найден: admin
2025-06-23 12:23:12.801 | DEBUG    | web.utils.auth:get_user_by_id:106 - ✅ Пользователь найден: admin
2025-06-23 12:23:12.801 | DEBUG    | web.models.user:__init__:8 - Создание объекта пользователя: admin
2025-06-23 12:23:12.801 | DEBUG    | web.models.user:__init__:8 - Создание объекта пользователя: admin
2025-06-23 12:23:12.802 | DEBUG    | web.routes.api:get_campaigns_statistics:633 - Получение статистики кампаний
2025-06-23 12:23:12.802 | DEBUG    | web.routes.api:get_chats_statistics:661 - Получение статистики чатов
2025-06-23 12:23:12.802 | DEBUG    | web.routes.api:get_campaigns_statistics:650 - Статистика кампаний: {'active_campaigns': 0, 'total_campaigns': 0, 'scheduled_messages': 0}
2025-06-23 12:23:12.803 | DEBUG    | web.routes.api:get_chats_statistics:681 - Статистика чатов: {'regular_groups': 1, 'forum_groups': 1, 'supergroups': 2, 'total_chats': 3}
2025-06-23 12:23:43.839 | DEBUG    | bot.campaign_scheduler:_schedule_checker:231 - Проверка кампаний в UTC: 2025-06-23 09:23:43 (Локальное: 2025-06-23 12:23:43)
2025-06-23 12:23:46.372 | DEBUG    | __main__:main:85 - Heartbeat - система работает
2025-06-23 12:24:43.842 | DEBUG    | bot.campaign_scheduler:_schedule_checker:231 - Проверка кампаний в UTC: 2025-06-23 09:24:43 (Локальное: 2025-06-23 12:24:43)
2025-06-23 12:24:46.371 | DEBUG    | __main__:main:85 - Heartbeat - система работает
2025-06-23 12:25:43.846 | DEBUG    | bot.campaign_scheduler:_schedule_checker:231 - Проверка кампаний в UTC: 2025-06-23 09:25:43 (Локальное: 2025-06-23 12:25:43)
2025-06-23 12:25:46.378 | DEBUG    | __main__:main:85 - Heartbeat - система работает
2025-06-23 12:26:34.226 | DEBUG    | web.app:load_user:39 - Загрузка пользователя: 850c4c2f-51b2-410f-b9ea-35f265735b71
2025-06-23 12:26:34.226 | DEBUG    | web.utils.auth:get_user_by_id:96 - Получение пользователя по ID: 850c4c2f-51b2-410f-b9ea-35f265735b71
2025-06-23 12:26:34.227 | DEBUG    | web.utils.auth:get_user_by_id:106 - ✅ Пользователь найден: admin
2025-06-23 12:26:34.227 | DEBUG    | web.models.user:__init__:8 - Создание объекта пользователя: admin
2025-06-23 12:26:34.227 | DEBUG    | web.routes.views:dashboard:62 - Переход на дашборд пользователя: admin
2025-06-23 12:26:34.730 | DEBUG    | web.app:load_user:39 - Загрузка пользователя: 850c4c2f-51b2-410f-b9ea-35f265735b71
2025-06-23 12:26:34.730 | DEBUG    | web.utils.auth:get_user_by_id:96 - Получение пользователя по ID: 850c4c2f-51b2-410f-b9ea-35f265735b71
2025-06-23 12:26:34.732 | DEBUG    | web.app:load_user:39 - Загрузка пользователя: 850c4c2f-51b2-410f-b9ea-35f265735b71
2025-06-23 12:26:34.733 | DEBUG    | web.utils.auth:get_user_by_id:96 - Получение пользователя по ID: 850c4c2f-51b2-410f-b9ea-35f265735b71
2025-06-23 12:26:34.733 | DEBUG    | web.utils.auth:get_user_by_id:106 - ✅ Пользователь найден: admin
2025-06-23 12:26:34.740 | DEBUG    | web.models.user:__init__:8 - Создание объекта пользователя: admin
2025-06-23 12:26:34.741 | DEBUG    | web.routes.api:get_campaigns_statistics:633 - Получение статистики кампаний
2025-06-23 12:26:34.739 | DEBUG    | web.utils.auth:get_user_by_id:106 - ✅ Пользователь найден: admin
2025-06-23 12:26:34.744 | DEBUG    | web.routes.api:get_campaigns_statistics:650 - Статистика кампаний: {'active_campaigns': 0, 'total_campaigns': 0, 'scheduled_messages': 0}
2025-06-23 12:26:34.745 | DEBUG    | web.models.user:__init__:8 - Создание объекта пользователя: admin
2025-06-23 12:26:34.746 | DEBUG    | web.routes.api:get_chats_statistics:661 - Получение статистики чатов
2025-06-23 12:26:34.749 | DEBUG    | web.routes.api:get_chats_statistics:681 - Статистика чатов: {'regular_groups': 1, 'forum_groups': 1, 'supergroups': 2, 'total_chats': 3}
2025-06-23 12:26:43.846 | DEBUG    | bot.campaign_scheduler:_schedule_checker:231 - Проверка кампаний в UTC: 2025-06-23 09:26:43 (Локальное: 2025-06-23 12:26:43)
2025-06-23 12:26:46.395 | DEBUG    | __main__:main:85 - Heartbeat - система работает
2025-06-23 12:27:26.587 | DEBUG    | web.app:load_user:39 - Загрузка пользователя: 850c4c2f-51b2-410f-b9ea-35f265735b71
2025-06-23 12:27:26.588 | DEBUG    | web.utils.auth:get_user_by_id:96 - Получение пользователя по ID: 850c4c2f-51b2-410f-b9ea-35f265735b71
2025-06-23 12:27:26.589 | DEBUG    | web.utils.auth:get_user_by_id:106 - ✅ Пользователь найден: admin
2025-06-23 12:27:26.589 | DEBUG    | web.models.user:__init__:8 - Создание объекта пользователя: admin
2025-06-23 12:27:26.590 | DEBUG    | web.routes.views:dashboard:62 - Переход на дашборд пользователя: admin
2025-06-23 12:27:27.139 | DEBUG    | web.app:load_user:39 - Загрузка пользователя: 850c4c2f-51b2-410f-b9ea-35f265735b71
2025-06-23 12:27:27.140 | DEBUG    | web.utils.auth:get_user_by_id:96 - Получение пользователя по ID: 850c4c2f-51b2-410f-b9ea-35f265735b71
2025-06-23 12:27:27.143 | DEBUG    | web.utils.auth:get_user_by_id:106 - ✅ Пользователь найден: admin
2025-06-23 12:27:27.144 | DEBUG    | web.models.user:__init__:8 - Создание объекта пользователя: admin
2025-06-23 12:27:27.145 | DEBUG    | web.routes.api:get_chats_statistics:661 - Получение статистики чатов
2025-06-23 12:27:27.147 | DEBUG    | web.app:load_user:39 - Загрузка пользователя: 850c4c2f-51b2-410f-b9ea-35f265735b71
2025-06-23 12:27:27.147 | DEBUG    | web.routes.api:get_chats_statistics:681 - Статистика чатов: {'regular_groups': 1, 'forum_groups': 1, 'supergroups': 2, 'total_chats': 3}
2025-06-23 12:27:27.148 | DEBUG    | web.utils.auth:get_user_by_id:96 - Получение пользователя по ID: 850c4c2f-51b2-410f-b9ea-35f265735b71
2025-06-23 12:27:27.153 | DEBUG    | web.utils.auth:get_user_by_id:106 - ✅ Пользователь найден: admin
2025-06-23 12:27:27.157 | DEBUG    | web.models.user:__init__:8 - Создание объекта пользователя: admin
2025-06-23 12:27:27.159 | DEBUG    | web.routes.api:get_campaigns_statistics:633 - Получение статистики кампаний
2025-06-23 12:27:27.160 | DEBUG    | web.routes.api:get_campaigns_statistics:650 - Статистика кампаний: {'active_campaigns': 0, 'total_campaigns': 0, 'scheduled_messages': 0}
2025-06-23 12:27:43.848 | DEBUG    | bot.campaign_scheduler:_schedule_checker:231 - Проверка кампаний в UTC: 2025-06-23 09:27:43 (Локальное: 2025-06-23 12:27:43)
2025-06-23 12:27:46.413 | DEBUG    | __main__:main:85 - Heartbeat - система работает
2025-06-23 12:28:43.860 | DEBUG    | bot.campaign_scheduler:_schedule_checker:231 - Проверка кампаний в UTC: 2025-06-23 09:28:43 (Локальное: 2025-06-23 12:28:43)
2025-06-23 12:28:46.421 | DEBUG    | __main__:main:85 - Heartbeat - система работает
2025-06-23 12:29:43.873 | DEBUG    | bot.campaign_scheduler:_schedule_checker:231 - Проверка кампаний в UTC: 2025-06-23 09:29:43 (Локальное: 2025-06-23 12:29:43)
2025-06-23 12:29:46.425 | DEBUG    | __main__:main:85 - Heartbeat - система работает
2025-06-23 12:30:43.871 | DEBUG    | bot.campaign_scheduler:_schedule_checker:231 - Проверка кампаний в UTC: 2025-06-23 09:30:43 (Локальное: 2025-06-23 12:30:43)
2025-06-23 12:30:46.436 | DEBUG    | __main__:main:85 - Heartbeat - система работает
2025-06-23 12:31:00.299 | DEBUG    | web.app:load_user:39 - Загрузка пользователя: 850c4c2f-51b2-410f-b9ea-35f265735b71
2025-06-23 12:31:00.300 | DEBUG    | web.utils.auth:get_user_by_id:96 - Получение пользователя по ID: 850c4c2f-51b2-410f-b9ea-35f265735b71
2025-06-23 12:31:00.301 | DEBUG    | web.utils.auth:get_user_by_id:106 - ✅ Пользователь найден: admin
2025-06-23 12:31:00.302 | DEBUG    | web.models.user:__init__:8 - Создание объекта пользователя: admin
2025-06-23 12:31:00.302 | DEBUG    | web.routes.views:campaigns:69 - Просмотр кампаний пользователем: admin
2025-06-23 12:31:00.897 | DEBUG    | web.app:load_user:39 - Загрузка пользователя: 850c4c2f-51b2-410f-b9ea-35f265735b71
2025-06-23 12:31:00.898 | DEBUG    | web.utils.auth:get_user_by_id:96 - Получение пользователя по ID: 850c4c2f-51b2-410f-b9ea-35f265735b71
2025-06-23 12:31:00.898 | DEBUG    | web.utils.auth:get_user_by_id:106 - ✅ Пользователь найден: admin
2025-06-23 12:31:00.899 | DEBUG    | web.models.user:__init__:8 - Создание объекта пользователя: admin
2025-06-23 12:31:00.899 | DEBUG    | web.routes.api:get_campaigns:200 - 🔄 Получение списка кампаний...
2025-06-23 12:31:00.900 | INFO     | web.routes.api:get_campaigns:215 - ✅ Успешно получено 0 кампаний
2025-06-23 12:31:04.709 | DEBUG    | web.app:load_user:39 - Загрузка пользователя: 850c4c2f-51b2-410f-b9ea-35f265735b71
2025-06-23 12:31:04.710 | DEBUG    | web.utils.auth:get_user_by_id:96 - Получение пользователя по ID: 850c4c2f-51b2-410f-b9ea-35f265735b71
2025-06-23 12:31:04.710 | DEBUG    | web.utils.auth:get_user_by_id:106 - ✅ Пользователь найден: admin
2025-06-23 12:31:04.711 | DEBUG    | web.models.user:__init__:8 - Создание объекта пользователя: admin
2025-06-23 12:31:04.711 | DEBUG    | web.routes.views:new_campaign:76 - Создание новой кампании пользователем admin
2025-06-23 12:31:05.951 | DEBUG    | web.app:load_user:39 - Загрузка пользователя: 850c4c2f-51b2-410f-b9ea-35f265735b71
2025-06-23 12:31:05.952 | DEBUG    | web.utils.auth:get_user_by_id:96 - Получение пользователя по ID: 850c4c2f-51b2-410f-b9ea-35f265735b71
2025-06-23 12:31:05.953 | DEBUG    | web.utils.auth:get_user_by_id:106 - ✅ Пользователь найден: admin
2025-06-23 12:31:05.953 | DEBUG    | web.models.user:__init__:8 - Создание объекта пользователя: admin
2025-06-23 12:31:37.174 | DEBUG    | web.app:load_user:39 - Загрузка пользователя: 850c4c2f-51b2-410f-b9ea-35f265735b71
2025-06-23 12:31:37.174 | DEBUG    | web.utils.auth:get_user_by_id:96 - Получение пользователя по ID: 850c4c2f-51b2-410f-b9ea-35f265735b71
2025-06-23 12:31:37.175 | DEBUG    | web.utils.auth:get_user_by_id:106 - ✅ Пользователь найден: admin
2025-06-23 12:31:37.176 | DEBUG    | web.models.user:__init__:8 - Создание объекта пользователя: admin
2025-06-23 12:31:37.176 | DEBUG    | web.routes.views:campaigns:69 - Просмотр кампаний пользователем: admin
2025-06-23 12:31:37.719 | DEBUG    | web.app:load_user:39 - Загрузка пользователя: 850c4c2f-51b2-410f-b9ea-35f265735b71
2025-06-23 12:31:37.720 | DEBUG    | web.utils.auth:get_user_by_id:96 - Получение пользователя по ID: 850c4c2f-51b2-410f-b9ea-35f265735b71
2025-06-23 12:31:37.721 | DEBUG    | web.utils.auth:get_user_by_id:106 - ✅ Пользователь найден: admin
2025-06-23 12:31:37.722 | DEBUG    | web.models.user:__init__:8 - Создание объекта пользователя: admin
2025-06-23 12:31:37.723 | DEBUG    | web.routes.api:get_campaigns:200 - 🔄 Получение списка кампаний...
2025-06-23 12:31:37.724 | INFO     | web.routes.api:get_campaigns:215 - ✅ Успешно получено 0 кампаний
2025-06-23 12:31:43.878 | DEBUG    | bot.campaign_scheduler:_schedule_checker:231 - Проверка кампаний в UTC: 2025-06-23 09:31:43 (Локальное: 2025-06-23 12:31:43)
2025-06-23 12:31:46.436 | DEBUG    | __main__:main:85 - Heartbeat - система работает
2025-06-23 12:32:13.874 | DEBUG    | web.app:load_user:39 - Загрузка пользователя: 850c4c2f-51b2-410f-b9ea-35f265735b71
2025-06-23 12:32:13.875 | DEBUG    | web.utils.auth:get_user_by_id:96 - Получение пользователя по ID: 850c4c2f-51b2-410f-b9ea-35f265735b71
2025-06-23 12:32:13.875 | DEBUG    | web.utils.auth:get_user_by_id:106 - ✅ Пользователь найден: admin
2025-06-23 12:32:13.876 | DEBUG    | web.models.user:__init__:8 - Создание объекта пользователя: admin
2025-06-23 12:32:13.876 | DEBUG    | web.routes.views:new_campaign:76 - Создание новой кампании пользователем admin
2025-06-23 12:32:14.519 | DEBUG    | web.app:load_user:39 - Загрузка пользователя: 850c4c2f-51b2-410f-b9ea-35f265735b71
2025-06-23 12:32:14.520 | DEBUG    | web.utils.auth:get_user_by_id:96 - Получение пользователя по ID: 850c4c2f-51b2-410f-b9ea-35f265735b71
2025-06-23 12:32:14.521 | DEBUG    | web.utils.auth:get_user_by_id:106 - ✅ Пользователь найден: admin
2025-06-23 12:32:14.522 | DEBUG    | web.models.user:__init__:8 - Создание объекта пользователя: admin
2025-06-23 12:32:25.299 | DEBUG    | bot.telegram_bot:echo_message:89 - Получено сообщение от пользователя 7790871025: Xалтyра для всeх. Дeнь 9300. подoйдёт даже для девушек Возрacтa вcе рaсcмaтривaю 
B ЛС
2025-06-23 12:32:25.299 | DEBUG    | bot.telegram_bot:echo_message:90 - Тип чата: supergroup
2025-06-23 12:32:25.300 | DEBUG    | bot.telegram_bot:echo_message:104 - Бот добавлен в группу/канал -1001792970894, никаких действий не требуется
2025-06-23 12:32:43.897 | DEBUG    | bot.campaign_scheduler:_schedule_checker:231 - Проверка кампаний в UTC: 2025-06-23 09:32:43 (Локальное: 2025-06-23 12:32:43)
2025-06-23 12:32:46.440 | DEBUG    | __main__:main:85 - Heartbeat - система работает
2025-06-23 12:33:43.909 | DEBUG    | bot.campaign_scheduler:_schedule_checker:231 - Проверка кампаний в UTC: 2025-06-23 09:33:43 (Локальное: 2025-06-23 12:33:43)
2025-06-23 12:33:46.440 | DEBUG    | __main__:main:85 - Heartbeat - система работает
2025-06-23 12:34:43.916 | DEBUG    | bot.campaign_scheduler:_schedule_checker:231 - Проверка кампаний в UTC: 2025-06-23 09:34:43 (Локальное: 2025-06-23 12:34:43)
2025-06-23 12:34:46.451 | DEBUG    | __main__:main:85 - Heartbeat - система работает
2025-06-23 12:35:43.920 | DEBUG    | bot.campaign_scheduler:_schedule_checker:231 - Проверка кампаний в UTC: 2025-06-23 09:35:43 (Локальное: 2025-06-23 12:35:43)
2025-06-23 12:35:46.458 | DEBUG    | __main__:main:85 - Heartbeat - система работает
2025-06-23 12:36:43.932 | DEBUG    | bot.campaign_scheduler:_schedule_checker:231 - Проверка кампаний в UTC: 2025-06-23 09:36:43 (Локальное: 2025-06-23 12:36:43)
2025-06-23 12:36:46.464 | DEBUG    | __main__:main:85 - Heartbeat - система работает
2025-06-23 12:37:43.944 | DEBUG    | bot.campaign_scheduler:_schedule_checker:231 - Проверка кампаний в UTC: 2025-06-23 09:37:43 (Локальное: 2025-06-23 12:37:43)
2025-06-23 12:37:46.470 | DEBUG    | __main__:main:85 - Heartbeat - система работает
2025-06-23 12:38:43.947 | DEBUG    | bot.campaign_scheduler:_schedule_checker:231 - Проверка кампаний в UTC: 2025-06-23 09:38:43 (Локальное: 2025-06-23 12:38:43)
2025-06-23 12:38:46.477 | DEBUG    | __main__:main:85 - Heartbeat - система работает
2025-06-23 12:39:43.950 | DEBUG    | bot.campaign_scheduler:_schedule_checker:231 - Проверка кампаний в UTC: 2025-06-23 09:39:43 (Локальное: 2025-06-23 12:39:43)
2025-06-23 12:39:46.498 | DEBUG    | __main__:main:85 - Heartbeat - система работает
2025-06-23 12:40:43.324 | DEBUG    | web.app:load_user:39 - Загрузка пользователя: 850c4c2f-51b2-410f-b9ea-35f265735b71
2025-06-23 12:40:43.325 | DEBUG    | web.utils.auth:get_user_by_id:96 - Получение пользователя по ID: 850c4c2f-51b2-410f-b9ea-35f265735b71
2025-06-23 12:40:43.326 | DEBUG    | web.utils.auth:get_user_by_id:106 - ✅ Пользователь найден: admin
2025-06-23 12:40:43.326 | DEBUG    | web.models.user:__init__:8 - Создание объекта пользователя: admin
2025-06-23 12:40:43.327 | DEBUG    | web.routes.views:dashboard:62 - Переход на дашборд пользователя: admin
2025-06-23 12:40:43.963 | DEBUG    | bot.campaign_scheduler:_schedule_checker:231 - Проверка кампаний в UTC: 2025-06-23 09:40:43 (Локальное: 2025-06-23 12:40:43)
2025-06-23 12:40:43.998 | DEBUG    | web.app:load_user:39 - Загрузка пользователя: 850c4c2f-51b2-410f-b9ea-35f265735b71
2025-06-23 12:40:43.999 | DEBUG    | web.utils.auth:get_user_by_id:96 - Получение пользователя по ID: 850c4c2f-51b2-410f-b9ea-35f265735b71
2025-06-23 12:40:44.000 | DEBUG    | web.app:load_user:39 - Загрузка пользователя: 850c4c2f-51b2-410f-b9ea-35f265735b71
2025-06-23 12:40:44.001 | DEBUG    | web.utils.auth:get_user_by_id:106 - ✅ Пользователь найден: admin
2025-06-23 12:40:44.001 | DEBUG    | web.utils.auth:get_user_by_id:96 - Получение пользователя по ID: 850c4c2f-51b2-410f-b9ea-35f265735b71
2025-06-23 12:40:44.001 | DEBUG    | web.models.user:__init__:8 - Создание объекта пользователя: admin
2025-06-23 12:40:44.002 | DEBUG    | web.utils.auth:get_user_by_id:106 - ✅ Пользователь найден: admin
2025-06-23 12:40:44.002 | DEBUG    | web.routes.api:get_campaigns_statistics:633 - Получение статистики кампаний
2025-06-23 12:40:44.003 | DEBUG    | web.models.user:__init__:8 - Создание объекта пользователя: admin
2025-06-23 12:40:44.003 | DEBUG    | web.routes.api:get_campaigns_statistics:650 - Статистика кампаний: {'active_campaigns': 0, 'total_campaigns': 0, 'scheduled_messages': 0}
2025-06-23 12:40:44.003 | DEBUG    | web.routes.api:get_chats_statistics:661 - Получение статистики чатов
2025-06-23 12:40:44.005 | DEBUG    | web.routes.api:get_chats_statistics:681 - Статистика чатов: {'regular_groups': 1, 'forum_groups': 1, 'supergroups': 2, 'total_chats': 3}
2025-06-23 12:40:46.494 | DEBUG    | __main__:main:85 - Heartbeat - система работает
2025-06-23 12:41:43.965 | DEBUG    | bot.campaign_scheduler:_schedule_checker:231 - Проверка кампаний в UTC: 2025-06-23 09:41:43 (Локальное: 2025-06-23 12:41:43)
2025-06-23 12:41:46.507 | DEBUG    | __main__:main:85 - Heartbeat - система работает
